{"C:\\Users\\tarun\\git\\job-search\\src\\Playground.js": {"path":"C:\\Users\\tarun\\git\\job-search\\src\\Playground.js","statementMap":{"0":{"start":{"line":2,"column":23},"end":{"line":7,"column":1}},"1":{"start":{"line":3,"column":2},"end":{"line":5,"column":3}},"2":{"start":{"line":4,"column":4},"end":{"line":4,"column":18}},"3":{"start":{"line":6,"column":2},"end":{"line":6,"column":15}}},"fnMap":{"0":{"name":"(anonymous_0)","decl":{"start":{"line":2,"column":23},"end":{"line":2,"column":24}},"loc":{"start":{"line":2,"column":32},"end":{"line":7,"column":1}},"line":2}},"branchMap":{"0":{"loc":{"start":{"line":3,"column":2},"end":{"line":5,"column":3}},"type":"if","locations":[{"start":{"line":3,"column":2},"end":{"line":5,"column":3}},{"start":{},"end":{}}],"line":3}},"s":{"0":1,"1":2,"2":1,"3":1},"f":{"0":2},"b":{"0":[1,1]},"_coverageSchema":"1a1c01bbd47fc00a2c39e90264f33305004495a9","hash":"340e20c833f1e790114e2a40f5f628c6abac535f"}
,"C:\\Users\\tarun\\git\\job-search\\src\\components\\jobSearch\\Headline.vue": {"path":"C:\\Users\\tarun\\git\\job-search\\src\\components\\jobSearch\\Headline.vue","statementMap":{"0":{"start":{"line":4,"column":29},"end":{"line":4,"column":138}},"1":{"start":{"line":5,"column":0},"end":{"line":7,"column":3}},"2":{"start":{"line":8,"column":0},"end":{"line":8,"column":25}},"3":{"start":{"line":55,"column":0},"end":{"line":55,"column":13}},"4":{"start":{"line":57,"column":0},"end":{"line":59,"column":3}},"5":{"start":{"line":60,"column":0},"end":{"line":60,"column":24}},"6":{"start":{"line":61,"column":11},"end":{"line":61,"column":25}},"7":{"start":{"line":62,"column":19},"end":{"line":64,"column":1}},"8":{"start":{"line":65,"column":19},"end":{"line":68,"column":1}},"9":{"start":{"line":69,"column":32},"end":{"line":69,"column":96}},"10":{"start":{"line":70,"column":32},"end":{"line":72,"column":55}},"11":{"start":{"line":75,"column":2},"end":{"line":77,"column":167}},"12":{"start":{"line":78,"column":2},"end":{"line":78,"column":49}}},"fnMap":{"0":{"name":"render","decl":{"start":{"line":74,"column":9},"end":{"line":74,"column":15}},"loc":{"start":{"line":74,"column":30},"end":{"line":78,"column":1}},"line":74}},"branchMap":{},"s":{"0":1,"1":1,"2":1,"3":1,"4":1,"5":1,"6":1,"7":1,"8":1,"9":1,"10":1,"11":7,"12":1},"f":{"0":7},"b":{},"inputSourceMap":{"0":"{","1":"\"","2":"v","3":"e","4":"r","5":"s","6":"i","7":"o","8":"n","9":"\"","10":":","11":"3","12":",","13":"\"","14":"s","15":"o","16":"u","17":"r","18":"c","19":"e","20":"s","21":"\"","22":":","23":"[","24":"\"","25":"C","26":":","27":"\\","28":"\\","29":"U","30":"s","31":"e","32":"r","33":"s","34":"\\","35":"\\","36":"t","37":"a","38":"r","39":"u","40":"n","41":"\\","42":"\\","43":"g","44":"i","45":"t","46":"\\","47":"\\","48":"j","49":"o","50":"b","51":"-","52":"s","53":"e","54":"a","55":"r","56":"c","57":"h","58":"\\","59":"\\","60":"s","61":"r","62":"c","63":"\\","64":"\\","65":"c","66":"o","67":"m","68":"p","69":"o","70":"n","71":"e","72":"n","73":"t","74":"s","75":"\\","76":"\\","77":"j","78":"o","79":"b","80":"S","81":"e","82":"a","83":"r","84":"c","85":"h","86":"\\","87":"\\","88":"H","89":"e","90":"a","91":"d","92":"l","93":"i","94":"n","95":"e","96":".","97":"v","98":"u","99":"e","100":"\"","101":"]","102":",","103":"\"","104":"n","105":"a","106":"m","107":"e","108":"s","109":"\"","110":":","111":"[","112":"]","113":",","114":"\"","115":"m","116":"a","117":"p","118":"p","119":"i","120":"n","121":"g","122":"s","123":"\"","124":":","125":"\"","126":";","127":";","128":";","129":";","130":";","131":";","132":";","133":";","134":"A","135":"A","136":"a","137":"A","138":";","139":"A","140":"A","141":"A","142":"A","143":";","144":"A","145":"A","146":"A","147":"A","148":";","149":"A","150":"A","151":"A","152":"6","153":"D","154":";","155":"A","156":"A","157":"A","158":"A","159":",","160":"e","161":"A","162":"C","163":"9","164":"C","165":";","166":"E","167":"A","168":"C","169":"b","170":",","171":"I","172":"A","173":"A","174":"I","175":",","176":"E","177":"A","178":"A","179":"E","180":",","181":"U","182":"A","183":"A","184":"U","185":";","186":"E","187":"A","188":"C","189":"h","190":"B","191":",","192":"I","193":"A","194":"A","195":"I","196":",","197":"G","198":"A","199":"A","200":"G","201":";","202":"I","203":"A","204":"C","205":"L","206":",","207":"O","208":"A","209":"A","210":"O","211":";","212":"M","213":"A","214":"C","215":"L","216":",","217":"M","218":"A","219":"A","220":"M","221":",","222":"E","223":"A","224":"A","225":"E","226":",","227":"O","228":"A","229":"A","230":"O","231":";","232":"M","233":"A","234":"C","235":"f","236":",","237":"Q","238":"A","239":"A","240":"Q","241":",","242":"E","243":"A","244":"A","245":"E","246":";","247":"I","248":"A","249":"C","250":"Z","251":",","252":"C","253":"A","254":"A","255":"C","256":";","257":"E","258":"A","259":"C","260":"H","261":",","262":"C","263":"A","264":"A","265":"C","266":";","267":"E","268":"A","269":"C","270":"D","271":",","272":"Q","273":"A","274":"A","275":"Q","276":",","277":"E","278":"A","279":"A","280":"E","281":";","282":"I","283":"A","284":"C","285":"R","286":",","287":"a","288":"A","289":"A","290":"a","291":",","292":"G","293":"A","294":"A","295":"G","296":";","297":"M","298":"A","299":"C","300":"d","301":",","302":"O","303":"A","304":"A","305":"O","306":";","307":"Q","308":"A","309":"C","310":"L","311":";","312":"Q","313":"A","314":"C","315":"A","316":";","317":"Q","318":"A","319":"C","320":"A","321":";","322":"Q","323":"A","324":"C","325":"A","326":";","327":"Q","328":"A","329":"C","330":"A","331":",","332":"C","333":"A","334":"A","335":"C","336":",","337":"I","338":"A","339":"A","340":"I","341":",","342":"C","343":"A","344":"A","345":"C","346":",","347":"M","348":"A","349":"A","350":"M","351":",","352":"C","353":"A","354":"A","355":"C","356":",","357":"W","358":"A","359":"A","360":"W","361":",","362":"E","363":"A","364":"A","365":"E","366":",","367":"G","368":"A","369":"A","370":"G","371":";","372":"M","373":"A","374":"C","375":"/","376":"B","377":",","378":"C","379":"A","380":"A","381":"C","382":";","383":"I","384":"A","385":"C","386":"H","387":";","388":"E","389":"A","390":"C","391":"F","392":",","393":"C","394":"A","395":"A","396":"C","397":";","398":"E","399":"A","400":"C","401":"D","402":",","403":"O","404":"A","405":"A","406":"O","407":",","408":"G","409":"A","410":"A","411":"G","412":";","413":"I","414":"A","415":"C","416":"R","417":",","418":"I","419":"A","420":"A","421":"I","422":",","423":"C","424":"A","425":"A","426":"C","427":",","428":"W","429":"A","430":"A","431":"W","432":",","433":"E","434":"A","435":"A","436":"E","437":";","438":"E","439":"A","440":"C","441":"p","442":"B","443":",","444":"C","445":"A","446":"A","447":"C","448":";","449":"E","450":"A","451":"C","452":"D","453":",","454":"a","455":"A","456":"A","457":"a","458":",","459":"G","460":"A","461":"A","462":"G","463":";","464":"I","465":"A","466":"C","467":"d","468":",","469":"a","470":"A","471":"A","472":"a","473":",","474":"C","475":"A","476":"A","477":"C","478":",","479":"I","480":"A","481":"A","482":"I","483":",","484":"C","485":"A","486":"A","487":"C","488":",","489":"Q","490":"A","491":"A","492":"Q","493":",","494":"C","495":"A","496":"A","497":"C","498":";","499":"E","500":"A","501":"C","502":"9","503":"B","504":",","505":"C","506":"A","507":"A","508":"C","509":";","510":"E","511":"A","512":"E","513":"D","514":",","515":"O","516":"A","517":"A","518":"O","519":",","520":"E","521":"A","522":"A","523":"E","524":";","525":"I","526":"A","527":"C","528":"P","529":",","530":"W","531":"A","532":"A","533":"W","534":",","535":"G","536":"A","537":"A","538":"G","539":";","540":"M","541":"A","542":"C","543":"Z","544":",","545":"I","546":"A","547":"A","548":"I","549":",","550":"C","551":"A","552":"A","553":"C","554":",","555":"Q","556":"A","557":"A","558":"Q","559":",","560":"G","561":"A","562":"A","563":"G","564":",","565":"W","566":"A","567":"A","568":"W","569":",","570":"C","571":"A","572":"A","573":"C","574":",","575":"M","576":"A","577":"A","578":"M","579":";","580":"Q","581":"A","582":"C","583":"h","584":"C","585":",","586":"M","587":"A","588":"A","589":"M","590":",","591":"O","592":"A","593":"A","594":"O","595":",","596":"G","597":"A","598":"A","599":"G","600":",","601":"C","602":"A","603":"A","604":"C","605":",","606":"O","607":"A","608":"A","609":"O","610":",","611":"E","612":"A","613":"A","614":"E","615":",","616":"Q","617":"A","618":"A","619":"Q","620":",","621":"E","622":"A","623":"A","624":"E","625":",","626":"Q","627":"A","628":"A","629":"Q","630":",","631":"E","632":"A","633":"A","634":"E","635":",","636":"M","637":"A","638":"A","639":"M","640":",","641":"C","642":"A","643":"A","644":"C","645":";","646":"Q","647":"A","648":"C","649":"r","650":"D","651":",","652":"I","653":"A","654":"A","655":"I","656":",","657":"C","658":"A","659":"A","660":"C","661":",","662":"M","663":"A","664":"A","665":"M","666":";","667":"Q","668":"A","669":"A","670":"G","671":";","672":"Q","673":"A","674":"A","675":"A","676":";","677":"Q","678":"A","679":"A","680":"A","681":";","682":"Q","683":"A","684":"A","685":"A","686":";","687":"Q","688":"A","689":"A","690":"A","691":";","692":"Q","693":"A","694":"A","695":"A","696":",","697":"O","698":"A","699":"A","700":"i","701":"B","702":",","703":"E","704":"A","705":"A","706":"C","707":",","708":"O","709":"A","710":"A","711":"O","712":",","713":"E","714":"A","715":"A","716":"E","717":",","718":"I","719":"A","720":"A","721":"I","722":",","723":"C","724":"A","725":"A","726":"C","727":",","728":"M","729":"A","730":"A","731":"M","732":",","733":"C","734":"A","735":"A","736":"C","737":";","738":"M","739":"A","740":"C","741":"v","742":"D","743":",","744":"C","745":"A","746":"A","747":"C","748":",","749":"E","750":"A","751":"A","752":"E","753":",","754":"I","755":"A","756":"A","757":"I","758":",","759":"C","760":"A","761":"A","762":"C","763":";","764":"I","765":"A","766":"C","767":"V","768":";","769":"E","770":"A","771":"C","772":"F","773":";","774":"A","775":"A","776":"C","777":"F","778":",","779":"C","780":"A","781":"A","782":"C","783":";","784":"A","785":"A","786":"A","787":"A","788":";","789":"A","790":"A","791":"A","792":"A","793":"\"","794":",","795":"\"","796":"f","797":"i","798":"l","799":"e","800":"\"","801":":","802":"\"","803":"C","804":":","805":"\\","806":"\\","807":"U","808":"s","809":"e","810":"r","811":"s","812":"\\","813":"\\","814":"t","815":"a","816":"r","817":"u","818":"n","819":"\\","820":"\\","821":"g","822":"i","823":"t","824":"\\","825":"\\","826":"j","827":"o","828":"b","829":"-","830":"s","831":"e","832":"a","833":"r","834":"c","835":"h","836":"\\","837":"\\","838":"s","839":"r","840":"c","841":"\\","842":"\\","843":"c","844":"o","845":"m","846":"p","847":"o","848":"n","849":"e","850":"n","851":"t","852":"s","853":"\\","854":"\\","855":"j","856":"o","857":"b","858":"S","859":"e","860":"a","861":"r","862":"c","863":"h","864":"\\","865":"\\","866":"H","867":"e","868":"a","869":"d","870":"l","871":"i","872":"n","873":"e","874":".","875":"v","876":"u","877":"e","878":"\"","879":",","880":"\"","881":"s","882":"o","883":"u","884":"r","885":"c","886":"e","887":"s","888":"C","889":"o","890":"n","891":"t","892":"e","893":"n","894":"t","895":"\"","896":":","897":"[","898":"\"","899":"<","900":"t","901":"e","902":"m","903":"p","904":"l","905":"a","906":"t","907":"e","908":">","909":"\\","910":"r","911":"\\","912":"n","913":" ","914":" ","915":"<","916":"s","917":"e","918":"c","919":"t","920":"i","921":"o","922":"n","923":" ","924":"c","925":"l","926":"a","927":"s","928":"s","929":"=","930":"\\","931":"\"","932":"m","933":"b","934":"-","935":"1","936":"6","937":"\\","938":"\"","939":">","940":"\\","941":"r","942":"\\","943":"n","944":" ","945":" ","946":" ","947":" ","948":"<","949":"h","950":"1","951":"\\","952":"r","953":"\\","954":"n","955":" ","956":" ","957":" ","958":" ","959":" ","960":" ","961":"c","962":"l","963":"a","964":"s","965":"s","966":"=","967":"\\","968":"\"","969":"f","970":"o","971":"n","972":"t","973":"-","974":"b","975":"o","976":"l","977":"d","978":" ","979":"t","980":"r","981":"a","982":"c","983":"k","984":"i","985":"n","986":"g","987":"-","988":"t","989":"i","990":"g","991":"h","992":"t","993":"e","994":"r","995":" ","996":"t","997":"e","998":"x","999":"t","1000":"-","1001":"8","1002":"x","1003":"l","1004":" ","1005":"m","1006":"b","1007":"-","1008":"1","1009":"4","1010":"\\","1011":"\"","1012":"\\","1013":"r","1014":"\\","1015":"n","1016":" ","1017":" ","1018":" ","1019":" ","1020":" ","1021":" ","1022":"d","1023":"a","1024":"t","1025":"a","1026":"-","1027":"t","1028":"e","1029":"s","1030":"t","1031":"=","1032":"\\","1033":"\"","1034":"a","1035":"c","1036":"t","1037":"i","1038":"o","1039":"n","1040":"-","1041":"p","1042":"h","1043":"r","1044":"a","1045":"s","1046":"e","1047":"\\","1048":"\"","1049":"\\","1050":"r","1051":"\\","1052":"n","1053":" ","1054":" ","1055":" ","1056":" ","1057":">","1058":"\\","1059":"r","1060":"\\","1061":"n","1062":" ","1063":" ","1064":" ","1065":" ","1066":" ","1067":" ","1068":"<","1069":"s","1070":"p","1071":"a","1072":"n","1073":" ","1074":":","1075":"c","1076":"l","1077":"a","1078":"s","1079":"s","1080":"=","1081":"\\","1082":"\"","1083":"a","1084":"c","1085":"t","1086":"i","1087":"o","1088":"n","1089":"C","1090":"l","1091":"a","1092":"s","1093":"s","1094":"e","1095":"s","1096":"\\","1097":"\"","1098":">","1099":"{","1100":"{","1101":" ","1102":"a","1103":"c","1104":"t","1105":"i","1106":"o","1107":"n","1108":" ","1109":"}","1110":"}","1111":"<","1112":"/","1113":"s","1114":"p","1115":"a","1116":"n","1117":">","1118":" ","1119":"<","1120":"b","1121":"r","1122":" ","1123":"/","1124":">","1125":"f","1126":"o","1127":"r","1128":" ","1129":"e","1130":"v","1131":"e","1132":"r","1133":"y","1134":"o","1135":"n","1136":"e","1137":"\\","1138":"r","1139":"\\","1140":"n","1141":" ","1142":" ","1143":" ","1144":" ","1145":"<","1146":"/","1147":"h","1148":"1","1149":">","1150":"\\","1151":"r","1152":"\\","1153":"n","1154":" ","1155":" ","1156":" ","1157":" ","1158":"<","1159":"h","1160":"2","1161":" ","1162":"c","1163":"l","1164":"a","1165":"s","1166":"s","1167":"=","1168":"\\","1169":"\"","1170":"f","1171":"o","1172":"n","1173":"t","1174":"-","1175":"l","1176":"i","1177":"g","1178":"h","1179":"t","1180":" ","1181":"t","1182":"e","1183":"x","1184":"t","1185":"-","1186":"3","1187":"x","1188":"l","1189":"\\","1190":"\"","1191":">","1192":"F","1193":"i","1194":"n","1195":"d","1196":" ","1197":"y","1198":"o","1199":"u","1200":"r","1201":" ","1202":"n","1203":"e","1204":"x","1205":"t","1206":" ","1207":"j","1208":"o","1209":"b","1210":" ","1211":"a","1212":"t","1213":" ","1214":"B","1215":"o","1216":"B","1217":"o","1218":" ","1219":"I","1220":"n","1221":"c","1222":".","1223":"<","1224":"/","1225":"h","1226":"2","1227":">","1228":"\\","1229":"r","1230":"\\","1231":"n","1232":" ","1233":" ","1234":"<","1235":"/","1236":"s","1237":"e","1238":"c","1239":"t","1240":"i","1241":"o","1242":"n","1243":">","1244":"\\","1245":"r","1246":"\\","1247":"n","1248":"<","1249":"/","1250":"t","1251":"e","1252":"m","1253":"p","1254":"l","1255":"a","1256":"t","1257":"e","1258":">","1259":"\\","1260":"r","1261":"\\","1262":"n","1263":"\\","1264":"r","1265":"\\","1266":"n","1267":"<","1268":"s","1269":"c","1270":"r","1271":"i","1272":"p","1273":"t","1274":">","1275":"\\","1276":"r","1277":"\\","1278":"n","1279":"i","1280":"m","1281":"p","1282":"o","1283":"r","1284":"t","1285":" ","1286":"n","1287":"e","1288":"x","1289":"t","1290":"E","1291":"l","1292":"e","1293":"m","1294":"e","1295":"n","1296":"t","1297":"I","1298":"n","1299":"L","1300":"i","1301":"s","1302":"t","1303":" ","1304":"f","1305":"r","1306":"o","1307":"m","1308":" ","1309":"\\","1310":"\"","1311":"@","1312":"/","1313":"u","1314":"t","1315":"i","1316":"l","1317":"s","1318":"/","1319":"n","1320":"e","1321":"x","1322":"t","1323":"E","1324":"l","1325":"e","1326":"m","1327":"e","1328":"n","1329":"t","1330":"I","1331":"n","1332":"L","1333":"i","1334":"s","1335":"t","1336":".","1337":"j","1338":"s","1339":"\\","1340":"\"","1341":";","1342":"\\","1343":"r","1344":"\\","1345":"n","1346":"e","1347":"x","1348":"p","1349":"o","1350":"r","1351":"t","1352":" ","1353":"d","1354":"e","1355":"f","1356":"a","1357":"u","1358":"l","1359":"t","1360":" ","1361":"{","1362":"\\","1363":"r","1364":"\\","1365":"n","1366":" ","1367":" ","1368":"n","1369":"a","1370":"m","1371":"e","1372":":","1373":" ","1374":"\\","1375":"\"","1376":"H","1377":"e","1378":"a","1379":"d","1380":"l","1381":"i","1382":"n","1383":"e","1384":"\\","1385":"\"","1386":",","1387":"\\","1388":"r","1389":"\\","1390":"n","1391":" ","1392":" ","1393":"d","1394":"a","1395":"t","1396":"a","1397":"(","1398":")","1399":" ","1400":"{","1401":"\\","1402":"r","1403":"\\","1404":"n","1405":" ","1406":" ","1407":" ","1408":" ","1409":"r","1410":"e","1411":"t","1412":"u","1413":"r","1414":"n","1415":" ","1416":"{","1417":"\\","1418":"r","1419":"\\","1420":"n","1421":" ","1422":" ","1423":" ","1424":" ","1425":" ","1426":" ","1427":"a","1428":"c","1429":"t","1430":"i","1431":"o","1432":"n","1433":":","1434":" ","1435":"\\","1436":"\"","1437":"B","1438":"u","1439":"i","1440":"l","1441":"d","1442":"\\","1443":"\"","1444":",","1445":"\\","1446":"r","1447":"\\","1448":"n","1449":" ","1450":" ","1451":" ","1452":" ","1453":" ","1454":" ","1455":"i","1456":"n","1457":"t","1458":"e","1459":"r","1460":"v","1461":"a","1462":"l","1463":":","1464":" ","1465":"n","1466":"u","1467":"l","1468":"l","1469":",","1470":"\\","1471":"r","1472":"\\","1473":"n","1474":" ","1475":" ","1476":" ","1477":" ","1478":"}","1479":";","1480":"\\","1481":"r","1482":"\\","1483":"n","1484":" ","1485":" ","1486":"}","1487":",","1488":"\\","1489":"r","1490":"\\","1491":"n","1492":" ","1493":" ","1494":"c","1495":"o","1496":"m","1497":"p","1498":"u","1499":"t","1500":"e","1501":"d","1502":":","1503":" ","1504":"{","1505":"\\","1506":"r","1507":"\\","1508":"n","1509":" ","1510":" ","1511":" ","1512":" ","1513":"a","1514":"c","1515":"t","1516":"i","1517":"o","1518":"n","1519":"C","1520":"l","1521":"a","1522":"s","1523":"s","1524":"e","1525":"s","1526":"(","1527":")","1528":" ","1529":"{","1530":"\\","1531":"r","1532":"\\","1533":"n","1534":" ","1535":" ","1536":" ","1537":" ","1538":" ","1539":" ","1540":"r","1541":"e","1542":"t","1543":"u","1544":"r","1545":"n","1546":" ","1547":"{","1548":"\\","1549":"r","1550":"\\","1551":"n","1552":" ","1553":" ","1554":" ","1555":" ","1556":" ","1557":" ","1558":" ","1559":" ","1560":"/","1561":"/","1562":" ","1563":"b","1564":"u","1565":"i","1566":"l","1567":"d","1568":":","1569":" ","1570":"t","1571":"h","1572":"i","1573":"s","1574":".","1575":"a","1576":"c","1577":"t","1578":"i","1579":"o","1580":"n","1581":" ","1582":"=","1583":"=","1584":"=","1585":" ","1586":"\\","1587":"\"","1588":"B","1589":"u","1590":"i","1591":"l","1592":"d","1593":"\\","1594":"\"","1595":",","1596":"\\","1597":"r","1598":"\\","1599":"n","1600":" ","1601":" ","1602":" ","1603":" ","1604":" ","1605":" ","1606":" ","1607":" ","1608":"/","1609":"/","1610":" ","1611":"c","1612":"r","1613":"e","1614":"a","1615":"t","1616":"e","1617":":","1618":" ","1619":"t","1620":"h","1621":"i","1622":"s","1623":".","1624":"a","1625":"c","1626":"t","1627":"i","1628":"o","1629":"n","1630":" ","1631":"=","1632":"=","1633":"=","1634":" ","1635":"\\","1636":"\"","1637":"C","1638":"r","1639":"e","1640":"a","1641":"t","1642":"e","1643":"\\","1644":"\"","1645":",","1646":"\\","1647":"r","1648":"\\","1649":"n","1650":" ","1651":" ","1652":" ","1653":" ","1654":" ","1655":" ","1656":" ","1657":" ","1658":"/","1659":"/","1660":" ","1661":"d","1662":"e","1663":"s","1664":"i","1665":"g","1666":"n","1667":":","1668":" ","1669":"t","1670":"h","1671":"i","1672":"s","1673":".","1674":"a","1675":"c","1676":"t","1677":"i","1678":"o","1679":"n","1680":" ","1681":"=","1682":"=","1683":"=","1684":" ","1685":"\\","1686":"\"","1687":"D","1688":"e","1689":"s","1690":"i","1691":"g","1692":"n","1693":"\\","1694":"\"","1695":",","1696":"\\","1697":"r","1698":"\\","1699":"n","1700":" ","1701":" ","1702":" ","1703":" ","1704":" ","1705":" ","1706":" ","1707":" ","1708":"/","1709":"/","1710":" ","1711":"c","1712":"o","1713":"d","1714":"e","1715":":","1716":" ","1717":"t","1718":"h","1719":"i","1720":"s","1721":".","1722":"a","1723":"c","1724":"t","1725":"i","1726":"o","1727":"n","1728":" ","1729":"=","1730":"=","1731":"=","1732":" ","1733":"\\","1734":"\"","1735":"C","1736":"o","1737":"d","1738":"e","1739":"\\","1740":"\"","1741":",","1742":"\\","1743":"r","1744":"\\","1745":"n","1746":" ","1747":" ","1748":" ","1749":" ","1750":" ","1751":" ","1752":" ","1753":" ","1754":"[","1755":"t","1756":"h","1757":"i","1758":"s","1759":".","1760":"a","1761":"c","1762":"t","1763":"i","1764":"o","1765":"n","1766":".","1767":"t","1768":"o","1769":"L","1770":"o","1771":"w","1772":"e","1773":"r","1774":"C","1775":"a","1776":"s","1777":"e","1778":"(","1779":")","1780":"]","1781":":","1782":" ","1783":"t","1784":"r","1785":"u","1786":"e","1787":",","1788":"\\","1789":"r","1790":"\\","1791":"n","1792":" ","1793":" ","1794":" ","1795":" ","1796":" ","1797":" ","1798":"}","1799":";","1800":"\\","1801":"r","1802":"\\","1803":"n","1804":" ","1805":" ","1806":" ","1807":" ","1808":"}","1809":",","1810":"\\","1811":"r","1812":"\\","1813":"n","1814":" ","1815":" ","1816":"}","1817":",","1818":"\\","1819":"r","1820":"\\","1821":"n","1822":" ","1823":" ","1824":"c","1825":"r","1826":"e","1827":"a","1828":"t","1829":"e","1830":"d","1831":"(","1832":")","1833":" ","1834":"{","1835":"\\","1836":"r","1837":"\\","1838":"n","1839":" ","1840":" ","1841":" ","1842":" ","1843":"t","1844":"h","1845":"i","1846":"s","1847":".","1848":"c","1849":"h","1850":"a","1851":"n","1852":"g","1853":"e","1854":"T","1855":"i","1856":"t","1857":"l","1858":"e","1859":"(","1860":")","1861":";","1862":"\\","1863":"r","1864":"\\","1865":"n","1866":" ","1867":" ","1868":"}","1869":",","1870":"\\","1871":"r","1872":"\\","1873":"n","1874":" ","1875":" ","1876":"b","1877":"e","1878":"f","1879":"o","1880":"r","1881":"e","1882":"U","1883":"n","1884":"m","1885":"o","1886":"u","1887":"n","1888":"t","1889":"(","1890":")","1891":" ","1892":"{","1893":"\\","1894":"r","1895":"\\","1896":"n","1897":" ","1898":" ","1899":" ","1900":" ","1901":"c","1902":"l","1903":"e","1904":"a","1905":"r","1906":"I","1907":"n","1908":"t","1909":"e","1910":"r","1911":"v","1912":"a","1913":"l","1914":"(","1915":"t","1916":"h","1917":"i","1918":"s","1919":".","1920":"i","1921":"n","1922":"t","1923":"e","1924":"r","1925":"v","1926":"a","1927":"l","1928":")","1929":";","1930":"\\","1931":"r","1932":"\\","1933":"n","1934":" ","1935":" ","1936":"}","1937":",","1938":"\\","1939":"r","1940":"\\","1941":"n","1942":"\\","1943":"r","1944":"\\","1945":"n","1946":" ","1947":" ","1948":"m","1949":"e","1950":"t","1951":"h","1952":"o","1953":"d","1954":"s","1955":":","1956":" ","1957":"{","1958":"\\","1959":"r","1960":"\\","1961":"n","1962":" ","1963":" ","1964":" ","1965":" ","1966":"c","1967":"h","1968":"a","1969":"n","1970":"g","1971":"e","1972":"T","1973":"i","1974":"t","1975":"l","1976":"e","1977":"(","1978":")","1979":" ","1980":"{","1981":"\\","1982":"r","1983":"\\","1984":"n","1985":" ","1986":" ","1987":" ","1988":" ","1989":" ","1990":" ","1991":"t","1992":"h","1993":"i","1994":"s","1995":".","1996":"i","1997":"n","1998":"t","1999":"e","2000":"r","2001":"v","2002":"a","2003":"l","2004":" ","2005":"=","2006":" ","2007":"s","2008":"e","2009":"t","2010":"I","2011":"n","2012":"t","2013":"e","2014":"r","2015":"v","2016":"a","2017":"l","2018":"(","2019":"(","2020":")","2021":" ","2022":"=","2023":">","2024":" ","2025":"{","2026":"\\","2027":"r","2028":"\\","2029":"n","2030":" ","2031":" ","2032":" ","2033":" ","2034":" ","2035":" ","2036":" ","2037":" ","2038":"c","2039":"o","2040":"n","2041":"s","2042":"t","2043":" ","2044":"a","2045":"c","2046":"t","2047":"i","2048":"o","2049":"n","2050":"s","2051":" ","2052":"=","2053":" ","2054":"[","2055":"\\","2056":"\"","2057":"B","2058":"u","2059":"i","2060":"l","2061":"d","2062":"\\","2063":"\"","2064":",","2065":" ","2066":"\\","2067":"\"","2068":"C","2069":"r","2070":"e","2071":"a","2072":"t","2073":"e","2074":"\\","2075":"\"","2076":",","2077":" ","2078":"\\","2079":"\"","2080":"D","2081":"e","2082":"s","2083":"i","2084":"g","2085":"n","2086":"\\","2087":"\"","2088":",","2089":" ","2090":"\\","2091":"\"","2092":"C","2093":"o","2094":"d","2095":"e","2096":"\\","2097":"\"","2098":"]","2099":";","2100":"\\","2101":"r","2102":"\\","2103":"n","2104":" ","2105":" ","2106":" ","2107":" ","2108":" ","2109":" ","2110":" ","2111":" ","2112":"t","2113":"h","2114":"i","2115":"s","2116":".","2117":"a","2118":"c","2119":"t","2120":"i","2121":"o","2122":"n","2123":" ","2124":"=","2125":" ","2126":"n","2127":"e","2128":"x","2129":"t","2130":"E","2131":"l","2132":"e","2133":"m","2134":"e","2135":"n","2136":"t","2137":"I","2138":"n","2139":"L","2140":"i","2141":"s","2142":"t","2143":"(","2144":"a","2145":"c","2146":"t","2147":"i","2148":"o","2149":"n","2150":"s","2151":",","2152":" ","2153":"t","2154":"h","2155":"i","2156":"s","2157":".","2158":"a","2159":"c","2160":"t","2161":"i","2162":"o","2163":"n","2164":")","2165":";","2166":"\\","2167":"r","2168":"\\","2169":"n","2170":" ","2171":" ","2172":" ","2173":" ","2174":" ","2175":" ","2176":"}","2177":",","2178":" ","2179":"3","2180":"0","2181":"0","2182":"0","2183":")","2184":";","2185":"\\","2186":"r","2187":"\\","2188":"n","2189":" ","2190":" ","2191":" ","2192":" ","2193":"}","2194":",","2195":"\\","2196":"r","2197":"\\","2198":"n","2199":" ","2200":" ","2201":"}","2202":",","2203":"\\","2204":"r","2205":"\\","2206":"n","2207":"}","2208":";","2209":"\\","2210":"r","2211":"\\","2212":"n","2213":"<","2214":"/","2215":"s","2216":"c","2217":"r","2218":"i","2219":"p","2220":"t","2221":">","2222":"\\","2223":"r","2224":"\\","2225":"n","2226":"\\","2227":"r","2228":"\\","2229":"n","2230":"<","2231":"s","2232":"t","2233":"y","2234":"l","2235":"e","2236":">","2237":"\\","2238":"r","2239":"\\","2240":"n","2241":".","2242":"b","2243":"u","2244":"i","2245":"l","2246":"d","2247":" ","2248":"{","2249":"\\","2250":"r","2251":"\\","2252":"n","2253":" ","2254":" ","2255":"c","2256":"o","2257":"l","2258":"o","2259":"r","2260":":","2261":" ","2262":"#","2263":"1","2264":"a","2265":"7","2266":"3","2267":"e","2268":"b","2269":";","2270":"\\","2271":"r","2272":"\\","2273":"n","2274":"}","2275":"\\","2276":"r","2277":"\\","2278":"n","2279":".","2280":"c","2281":"r","2282":"e","2283":"a","2284":"t","2285":"e","2286":" ","2287":"{","2288":"\\","2289":"r","2290":"\\","2291":"n","2292":" ","2293":" ","2294":"c","2295":"o","2296":"l","2297":"o","2298":"r","2299":":","2300":" ","2301":"#","2302":"3","2303":"4","2304":"a","2305":"8","2306":"5","2307":"3","2308":";","2309":"\\","2310":"r","2311":"\\","2312":"n","2313":"}","2314":"\\","2315":"r","2316":"\\","2317":"n","2318":".","2319":"d","2320":"e","2321":"s","2322":"i","2323":"g","2324":"n","2325":" ","2326":"{","2327":"\\","2328":"r","2329":"\\","2330":"n","2331":" ","2332":" ","2333":"c","2334":"o","2335":"l","2336":"o","2337":"r","2338":":","2339":" ","2340":"#","2341":"f","2342":"9","2343":"a","2344":"b","2345":"0","2346":"0","2347":";","2348":"\\","2349":"r","2350":"\\","2351":"n","2352":"}","2353":"\\","2354":"r","2355":"\\","2356":"n","2357":".","2358":"c","2359":"o","2360":"d","2361":"e","2362":" ","2363":"{","2364":"\\","2365":"r","2366":"\\","2367":"n","2368":" ","2369":" ","2370":"c","2371":"o","2372":"l","2373":"o","2374":"r","2375":":","2376":" ","2377":"#","2378":"d","2379":"9","2380":"3","2381":"0","2382":"2","2383":"5","2384":";","2385":"\\","2386":"r","2387":"\\","2388":"n","2389":"}","2390":"\\","2391":"r","2392":"\\","2393":"n","2394":"<","2395":"/","2396":"s","2397":"t","2398":"y","2399":"l","2400":"e","2401":">","2402":"\\","2403":"r","2404":"\\","2405":"n","2406":"\"","2407":"]","2408":"}"},"_coverageSchema":"1a1c01bbd47fc00a2c39e90264f33305004495a9","hash":"e474796b47659c7c45b23e3b83064a409300dc6d"}
,"C:\\Users\\tarun\\git\\job-search\\src\\components\\navigation\\MainNav.vue": {"path":"C:\\Users\\tarun\\git\\job-search\\src\\components\\navigation\\MainNav.vue","statementMap":{"0":{"start":{"line":4,"column":29},"end":{"line":4,"column":138}},"1":{"start":{"line":5,"column":0},"end":{"line":7,"column":3}},"2":{"start":{"line":8,"column":0},"end":{"line":8,"column":25}},"3":{"start":{"line":62,"column":0},"end":{"line":62,"column":13}},"4":{"start":{"line":64,"column":0},"end":{"line":66,"column":3}},"5":{"start":{"line":67,"column":0},"end":{"line":67,"column":24}},"6":{"start":{"line":68,"column":11},"end":{"line":68,"column":25}},"7":{"start":{"line":69,"column":19},"end":{"line":71,"column":1}},"8":{"start":{"line":72,"column":19},"end":{"line":74,"column":1}},"9":{"start":{"line":75,"column":19},"end":{"line":75,"column":27}},"10":{"start":{"line":76,"column":19},"end":{"line":78,"column":1}},"11":{"start":{"line":79,"column":19},"end":{"line":81,"column":1}},"12":{"start":{"line":82,"column":19},"end":{"line":85,"column":1}},"13":{"start":{"line":86,"column":19},"end":{"line":88,"column":1}},"14":{"start":{"line":90,"column":35},"end":{"line":90,"column":78}},"15":{"start":{"line":91,"column":35},"end":{"line":91,"column":78}},"16":{"start":{"line":92,"column":28},"end":{"line":92,"column":64}},"17":{"start":{"line":93,"column":2},"end":{"line":116,"column":70}},"18":{"start":{"line":99,"column":4},"end":{"line":103,"column":107}},"19":{"start":{"line":117,"column":2},"end":{"line":117,"column":49}}},"fnMap":{"0":{"name":"render","decl":{"start":{"line":89,"column":9},"end":{"line":89,"column":15}},"loc":{"start":{"line":89,"column":30},"end":{"line":117,"column":1}},"line":89},"1":{"name":"(anonymous_1)","decl":{"start":{"line":98,"column":292},"end":{"line":98,"column":293}},"loc":{"start":{"line":98,"column":304},"end":{"line":104,"column":3}},"line":98}},"branchMap":{"0":{"loc":{"start":{"line":104,"column":87},"end":{"line":113,"column":39}},"type":"cond-expr","locations":[{"start":{"line":104,"column":106},"end":{"line":107,"column":4}},{"start":{"line":107,"column":9},"end":{"line":113,"column":38}}],"line":104},"1":{"loc":{"start":{"line":113,"column":45},"end":{"line":116,"column":50}},"type":"cond-expr","locations":[{"start":{"line":113,"column":64},"end":{"line":116,"column":4}},{"start":{"line":116,"column":8},"end":{"line":116,"column":50}}],"line":113}},"s":{"0":1,"1":1,"2":1,"3":1,"4":1,"5":1,"6":1,"7":1,"8":1,"9":1,"10":1,"11":1,"12":1,"13":1,"14":7,"15":7,"16":7,"17":7,"18":42,"19":1},"f":{"0":7,"1":42},"b":{"0":[2,5],"1":[2,5]},"inputSourceMap":{"0":"{","1":"\"","2":"v","3":"e","4":"r","5":"s","6":"i","7":"o","8":"n","9":"\"","10":":","11":"3","12":",","13":"\"","14":"s","15":"o","16":"u","17":"r","18":"c","19":"e","20":"s","21":"\"","22":":","23":"[","24":"\"","25":"C","26":":","27":"\\","28":"\\","29":"U","30":"s","31":"e","32":"r","33":"s","34":"\\","35":"\\","36":"t","37":"a","38":"r","39":"u","40":"n","41":"\\","42":"\\","43":"g","44":"i","45":"t","46":"\\","47":"\\","48":"j","49":"o","50":"b","51":"-","52":"s","53":"e","54":"a","55":"r","56":"c","57":"h","58":"\\","59":"\\","60":"s","61":"r","62":"c","63":"\\","64":"\\","65":"c","66":"o","67":"m","68":"p","69":"o","70":"n","71":"e","72":"n","73":"t","74":"s","75":"\\","76":"\\","77":"n","78":"a","79":"v","80":"i","81":"g","82":"a","83":"t","84":"i","85":"o","86":"n","87":"\\","88":"\\","89":"M","90":"a","91":"i","92":"n","93":"N","94":"a","95":"v","96":".","97":"v","98":"u","99":"e","100":"\"","101":"]","102":",","103":"\"","104":"n","105":"a","106":"m","107":"e","108":"s","109":"\"","110":":","111":"[","112":"]","113":",","114":"\"","115":"m","116":"a","117":"p","118":"p","119":"i","120":"n","121":"g","122":"s","123":"\"","124":":","125":"\"","126":";","127":";","128":";","129":";","130":";","131":";","132":";","133":";","134":"A","135":"A","136":"w","137":"C","138":"A","139":";","140":"A","141":"A","142":"A","143":"A","144":";","145":"A","146":"A","147":"A","148":"A","149":";","150":"A","151":"A","152":"C","153":"A","154":";","155":"A","156":"A","157":"A","158":"A","159":";","160":"A","161":"A","162":"A","163":"A","164":";","165":"A","166":"A","167":"C","168":"A","169":";","170":"A","171":"A","172":"A","173":"A","174":";","175":"A","176":"A","177":"A","178":"A","179":";","180":"A","181":"A","182":"A","183":"w","184":"D","185":";","186":"A","187":"A","188":"A","189":"A","190":",","191":"e","192":"A","193":"E","194":"z","195":"C","196":";","197":"E","198":"A","199":"C","200":"b","201":",","202":"I","203":"A","204":"A","205":"I","206":",","207":"E","208":"A","209":"A","210":"E","211":",","212":"S","213":"A","214":"A","215":"S","216":";","217":"E","218":"A","219":"C","220":"f","221":",","222":"U","223":"A","224":"A","225":"U","226":",","227":"E","228":"A","229":"A","230":"E","231":";","232":"I","233":"A","234":"C","235":"V","236":",","237":"Y","238":"A","239":"A","240":"Y","241":";","242":"I","243":"A","244":"A","245":"Z","246":";","247":"I","248":"A","249":"A","250":"A","251":";","252":"I","253":"A","254":"A","255":"A","256":";","257":"I","258":"A","259":"A","260":"A","261":",","262":"O","263":"A","264":"A","265":"Y","266":";","267":"I","268":"A","269":"C","270":"Z","271":",","272":"Y","273":"A","274":"A","275":"Y","276":";","277":"I","278":"A","279":"A","280":"Z","281":";","282":"I","283":"A","284":"A","285":"A","286":";","287":"I","288":"A","289":"A","290":"A","291":";","292":"I","293":"A","294":"A","295":"A","296":",","297":"O","298":"A","299":"A","300":"Y","301":";","302":"I","303":"A","304":"C","305":"Z","306":",","307":"M","308":"A","309":"A","310":"M","311":";","312":"I","313":"A","314":"A","315":"N","316":";","317":"I","318":"A","319":"A","320":"A","321":";","322":"I","323":"A","324":"A","325":"A","326":";","327":"I","328":"A","329":"A","330":"A","331":";","332":"E","333":"A","334":"C","335":"F","336":",","337":"C","338":"A","339":"A","340":"C","341":";","342":"E","343":"A","344":"E","345":"D","346":",","347":"I","348":"A","349":"A","350":"I","351":",","352":"G","353":"A","354":"A","355":"G","356":";","357":"I","358":"A","359":"C","360":"L","361":",","362":"O","363":"A","364":"A","365":"O","366":";","367":"M","368":"A","369":"C","370":"L","371":",","372":"O","373":"A","374":"A","375":"O","376":",","377":"E","378":"A","379":"A","380":"E","381":",","382":"c","383":"A","384":"A","385":"c","386":";","387":"M","388":"A","389":"C","390":"v","391":"B","392":",","393":"G","394":"A","395":"A","396":"G","397":",","398":"E","399":"A","400":"A","401":"E","402":",","403":"w","404":"B","405":"A","406":"A","407":"w","408":"B","409":";","410":"M","411":"A","412":"C","413":"7","414":"B","415":",","416":"S","417":"A","418":"A","419":"S","420":",","421":"E","422":"A","423":"A","424":"E","425":",","426":"C","427":"A","428":"A","429":"C","430":",","431":"M","432":"A","433":"A","434":"M","435":",","436":"E","437":"A","438":"A","439":"E","440":",","441":"M","442":"A","443":"A","444":"M","445":",","446":"E","447":"A","448":"A","449":"E","450":",","451":"O","452":"A","453":"A","454":"O","455":",","456":"E","457":"A","458":"A","459":"E","460":",","461":"S","462":"A","463":"A","464":"S","465":",","466":"E","467":"A","468":"A","469":"E","470":",","471":"S","472":"A","473":"A","474":"S","475":",","476":"E","477":"A","478":"A","479":"E","480":",","481":"M","482":"A","483":"A","484":"M","485":",","486":"C","487":"A","488":"A","489":"C","490":";","491":"M","492":"A","493":"C","494":"l","495":"E","496":",","497":"U","498":"A","499":"A","500":"U","501":",","502":"E","503":"A","504":"A","505":"E","506":";","507":"I","508":"A","509":"C","510":"d","511":",","512":"C","513":"A","514":"A","515":"C","516":";","517":"E","518":"A","519":"C","520":"H","521":",","522":"C","523":"A","524":"A","525":"C","526":";","527":"E","528":"A","529":"C","530":"D","531":",","532":"Q","533":"A","534":"A","535":"Q","536":",","537":"E","538":"A","539":"A","540":"E","541":";","542":"I","543":"A","544":"C","545":"R","546":",","547":"i","548":"B","549":"A","550":"A","551":"i","552":"B","553":",","554":"G","555":"A","556":"A","557":"G","558":";","559":"M","560":"A","561":"C","562":"l","563":"B","564":",","565":"O","566":"A","567":"A","568":"O","569":";","570":"Q","571":"A","572":"C","573":"L","574":",","575":"M","576":"A","577":"A","578":"M","579":",","580":"E","581":"A","582":"A","583":"E","584":",","585":"C","586":"A","587":"A","588":"C","589":",","590":"I","591":"A","592":"A","593":"I","594":",","595":"C","596":"A","597":"A","598":"C","599":",","600":"U","601":"A","602":"A","603":"U","604":";","605":"Q","606":"A","607":"C","608":"x","609":"B","610":",","611":"M","612":"A","613":"A","614":"M","615":",","616":"E","617":"A","618":"A","619":"E","620":",","621":"I","622":"A","623":"A","624":"I","625":",","626":"C","627":"A","628":"A","629":"C","630":";","631":"M","632":"A","633":"C","634":"f","635":",","636":"C","637":"A","638":"A","639":"C","640":";","641":"I","642":"A","643":"C","644":"H","645":";","646":"E","647":"A","648":"C","649":"F","650":",","651":"C","652":"A","653":"A","654":"C","655":";","656":"E","657":"A","658":"C","659":"D","660":",","661":"O","662":"A","663":"A","664":"O","665":",","666":"E","667":"A","668":"A","669":"E","670":";","671":"I","672":"A","673":"C","674":"P","675":",","676":"S","677":"A","678":"A","679":"S","680":",","681":"G","682":"A","683":"A","684":"G","685":";","686":"M","687":"A","688":"C","689":"V","690":",","691":"I","692":"A","693":"A","694":"I","695":",","696":"C","697":"A","698":"A","699":"C","700":",","701":"U","702":"A","703":"A","704":"U","705":",","706":"G","707":"A","708":"A","709":"G","710":",","711":"I","712":"A","713":"A","714":"I","715":";","716":"I","717":"A","718":"C","719":"x","720":"B","721":";","722":"E","723":"A","724":"C","725":"F","726":";","727":"A","728":"A","729":"C","730":"F","731":",","732":"C","733":"A","734":"A","735":"C","736":";","737":"A","738":"A","739":"A","740":"A","741":";","742":"A","743":"A","744":"A","745":"A","746":"\"","747":",","748":"\"","749":"f","750":"i","751":"l","752":"e","753":"\"","754":":","755":"\"","756":"C","757":":","758":"\\","759":"\\","760":"U","761":"s","762":"e","763":"r","764":"s","765":"\\","766":"\\","767":"t","768":"a","769":"r","770":"u","771":"n","772":"\\","773":"\\","774":"g","775":"i","776":"t","777":"\\","778":"\\","779":"j","780":"o","781":"b","782":"-","783":"s","784":"e","785":"a","786":"r","787":"c","788":"h","789":"\\","790":"\\","791":"s","792":"r","793":"c","794":"\\","795":"\\","796":"c","797":"o","798":"m","799":"p","800":"o","801":"n","802":"e","803":"n","804":"t","805":"s","806":"\\","807":"\\","808":"n","809":"a","810":"v","811":"i","812":"g","813":"a","814":"t","815":"i","816":"o","817":"n","818":"\\","819":"\\","820":"M","821":"a","822":"i","823":"n","824":"N","825":"a","826":"v","827":".","828":"v","829":"u","830":"e","831":"\"","832":",","833":"\"","834":"s","835":"o","836":"u","837":"r","838":"c","839":"e","840":"s","841":"C","842":"o","843":"n","844":"t","845":"e","846":"n","847":"t","848":"\"","849":":","850":"[","851":"\"","852":"<","853":"t","854":"e","855":"m","856":"p","857":"l","858":"a","859":"t","860":"e","861":">","862":"\\","863":"r","864":"\\","865":"n","866":" ","867":" ","868":"<","869":"h","870":"e","871":"a","872":"d","873":"e","874":"r","875":" ","876":"c","877":"l","878":"a","879":"s","880":"s","881":"=","882":"\\","883":"\"","884":"w","885":"-","886":"f","887":"u","888":"l","889":"l","890":" ","891":"t","892":"e","893":"x","894":"t","895":"-","896":"s","897":"m","898":"\\","899":"\"","900":" ","901":":","902":"c","903":"l","904":"a","905":"s","906":"s","907":"=","908":"\\","909":"\"","910":"h","911":"e","912":"a","913":"d","914":"e","915":"r","916":"H","917":"e","918":"i","919":"g","920":"h","921":"t","922":"C","923":"l","924":"a","925":"s","926":"s","927":"\\","928":"\"","929":">","930":"\\","931":"r","932":"\\","933":"n","934":" ","935":" ","936":" ","937":" ","938":"<","939":"d","940":"i","941":"v","942":" ","943":"c","944":"l","945":"a","946":"s","947":"s","948":"=","949":"\\","950":"\"","951":"f","952":"i","953":"x","954":"e","955":"d","956":" ","957":"t","958":"o","959":"p","960":"-","961":"0","962":" ","963":"l","964":"e","965":"f","966":"t","967":"-","968":"0","969":" ","970":"w","971":"-","972":"f","973":"u","974":"l","975":"l","976":" ","977":"h","978":"-","979":"1","980":"6","981":" ","982":"b","983":"g","984":"-","985":"w","986":"h","987":"i","988":"t","989":"e","990":"\\","991":"\"","992":">","993":"\\","994":"r","995":"\\","996":"n","997":" ","998":" ","999":" ","1000":" ","1001":" ","1002":" ","1003":"<","1004":"d","1005":"i","1006":"v","1007":"\\","1008":"r","1009":"\\","1010":"n","1011":" ","1012":" ","1013":" ","1014":" ","1015":" ","1016":" ","1017":" ","1018":" ","1019":"c","1020":"l","1021":"a","1022":"s","1023":"s","1024":"=","1025":"\\","1026":"\"","1027":"f","1028":"l","1029":"e","1030":"x","1031":" ","1032":"f","1033":"l","1034":"e","1035":"x","1036":"-","1037":"n","1038":"o","1039":"w","1040":"r","1041":"a","1042":"p","1043":" ","1044":"h","1045":"-","1046":"f","1047":"u","1048":"l","1049":"l","1050":" ","1051":"p","1052":"x","1053":"-","1054":"8","1055":" ","1056":"m","1057":"x","1058":"-","1059":"a","1060":"u","1061":"t","1062":"o","1063":" ","1064":"b","1065":"o","1066":"r","1067":"d","1068":"e","1069":"r","1070":"-","1071":"b","1072":" ","1073":"b","1074":"o","1075":"r","1076":"d","1077":"e","1078":"r","1079":"-","1080":"s","1081":"o","1082":"l","1083":"i","1084":"d","1085":" ","1086":"b","1087":"o","1088":"r","1089":"d","1090":"e","1091":"r","1092":"-","1093":"b","1094":"r","1095":"a","1096":"n","1097":"d","1098":"-","1099":"g","1100":"r","1101":"a","1102":"y","1103":"-","1104":"1","1105":"\\","1106":"\"","1107":"\\","1108":"r","1109":"\\","1110":"n","1111":" ","1112":" ","1113":" ","1114":" ","1115":" ","1116":" ","1117":">","1118":"\\","1119":"r","1120":"\\","1121":"n","1122":" ","1123":" ","1124":" ","1125":" ","1126":" ","1127":" ","1128":" ","1129":" ","1130":"<","1131":"a","1132":" ","1133":":","1134":"h","1135":"r","1136":"e","1137":"f","1138":"=","1139":"\\","1140":"\"","1141":"u","1142":"r","1143":"l","1144":"\\","1145":"\"","1146":" ","1147":"c","1148":"l","1149":"a","1150":"s","1151":"s","1152":"=","1153":"\\","1154":"\"","1155":"f","1156":"l","1157":"e","1158":"x","1159":" ","1160":"i","1161":"t","1162":"e","1163":"m","1164":"s","1165":"-","1166":"c","1167":"e","1168":"n","1169":"t","1170":"e","1171":"r","1172":" ","1173":"h","1174":"-","1175":"f","1176":"u","1177":"l","1178":"l","1179":" ","1180":"t","1181":"e","1182":"x","1183":"t","1184":"-","1185":"x","1186":"l","1187":"\\","1188":"\"","1189":">","1190":"{","1191":"{","1192":"\\","1193":"r","1194":"\\","1195":"n","1196":" ","1197":" ","1198":" ","1199":" ","1200":" ","1201":" ","1202":" ","1203":" ","1204":" ","1205":" ","1206":"c","1207":"o","1208":"m","1209":"p","1210":"a","1211":"n","1212":"y","1213":"\\","1214":"r","1215":"\\","1216":"n","1217":" ","1218":" ","1219":" ","1220":" ","1221":" ","1222":" ","1223":" ","1224":" ","1225":"}","1226":"}","1227":"<","1228":"/","1229":"a","1230":">","1231":"\\","1232":"r","1233":"\\","1234":"n","1235":" ","1236":" ","1237":" ","1238":" ","1239":" ","1240":" ","1241":" ","1242":" ","1243":"<","1244":"n","1245":"a","1246":"v","1247":" ","1248":"c","1249":"l","1250":"a","1251":"s","1252":"s","1253":"=","1254":"\\","1255":"\"","1256":"h","1257":"-","1258":"f","1259":"u","1260":"l","1261":"l","1262":" ","1263":"m","1264":"l","1265":"-","1266":"1","1267":"2","1268":"\\","1269":"\"","1270":">","1271":"\\","1272":"r","1273":"\\","1274":"n","1275":" ","1276":" ","1277":" ","1278":" ","1279":" ","1280":" ","1281":" ","1282":" ","1283":" ","1284":" ","1285":"<","1286":"u","1287":"l","1288":" ","1289":"c","1290":"l","1291":"a","1292":"s","1293":"s","1294":"=","1295":"\\","1296":"\"","1297":"f","1298":"l","1299":"e","1300":"x","1301":" ","1302":"h","1303":"-","1304":"f","1305":"u","1306":"l","1307":"l","1308":" ","1309":"p","1310":"-","1311":"0","1312":" ","1313":"m","1314":"-","1315":"0","1316":" ","1317":"l","1318":"i","1319":"s","1320":"t","1321":"-","1322":"n","1323":"o","1324":"n","1325":"e","1326":"\\","1327":"\"","1328":">","1329":"\\","1330":"r","1331":"\\","1332":"n","1333":" ","1334":" ","1335":" ","1336":" ","1337":" ","1338":" ","1339":" ","1340":" ","1341":" ","1342":" ","1343":" ","1344":" ","1345":"<","1346":"l","1347":"i","1348":"\\","1349":"r","1350":"\\","1351":"n","1352":" ","1353":" ","1354":" ","1355":" ","1356":" ","1357":" ","1358":" ","1359":" ","1360":" ","1361":" ","1362":" ","1363":" ","1364":" ","1365":" ","1366":"v","1367":"-","1368":"f","1369":"o","1370":"r","1371":"=","1372":"\\","1373":"\"","1374":"m","1375":"e","1376":"n","1377":"u","1378":"I","1379":"t","1380":"e","1381":"m","1382":" ","1383":"i","1384":"n","1385":" ","1386":"m","1387":"e","1388":"n","1389":"u","1390":"I","1391":"t","1392":"e","1393":"m","1394":"s","1395":"\\","1396":"\"","1397":"\\","1398":"r","1399":"\\","1400":"n","1401":" ","1402":" ","1403":" ","1404":" ","1405":" ","1406":" ","1407":" ","1408":" ","1409":" ","1410":" ","1411":" ","1412":" ","1413":" ","1414":" ","1415":":","1416":"k","1417":"e","1418":"y","1419":"=","1420":"\\","1421":"\"","1422":"m","1423":"e","1424":"n","1425":"u","1426":"I","1427":"t","1428":"e","1429":"m","1430":"\\","1431":"\"","1432":"\\","1433":"r","1434":"\\","1435":"n","1436":" ","1437":" ","1438":" ","1439":" ","1440":" ","1441":" ","1442":" ","1443":" ","1444":" ","1445":" ","1446":" ","1447":" ","1448":" ","1449":" ","1450":"d","1451":"a","1452":"t","1453":"a","1454":"-","1455":"t","1456":"e","1457":"s","1458":"t","1459":"=","1460":"\\","1461":"\"","1462":"m","1463":"a","1464":"i","1465":"n","1466":"-","1467":"n","1468":"a","1469":"v","1470":"-","1471":"l","1472":"i","1473":"s","1474":"t","1475":"-","1476":"i","1477":"t","1478":"e","1479":"m","1480":"\\","1481":"\"","1482":"\\","1483":"r","1484":"\\","1485":"n","1486":" ","1487":" ","1488":" ","1489":" ","1490":" ","1491":" ","1492":" ","1493":" ","1494":" ","1495":" ","1496":" ","1497":" ","1498":" ","1499":" ","1500":"c","1501":"l","1502":"a","1503":"s","1504":"s","1505":"=","1506":"\\","1507":"\"","1508":"h","1509":"-","1510":"f","1511":"u","1512":"l","1513":"l","1514":" ","1515":"m","1516":"l","1517":"-","1518":"9","1519":" ","1520":"f","1521":"i","1522":"r","1523":"s","1524":"t","1525":":","1526":"m","1527":"l","1528":"-","1529":"0","1530":"\\","1531":"\"","1532":"\\","1533":"r","1534":"\\","1535":"n","1536":" ","1537":" ","1538":" ","1539":" ","1540":" ","1541":" ","1542":" ","1543":" ","1544":" ","1545":" ","1546":" ","1547":" ","1548":">","1549":"\\","1550":"r","1551":"\\","1552":"n","1553":" ","1554":" ","1555":" ","1556":" ","1557":" ","1558":" ","1559":" ","1560":" ","1561":" ","1562":" ","1563":" ","1564":" ","1565":" ","1566":" ","1567":"<","1568":"a","1569":" ","1570":"h","1571":"r","1572":"e","1573":"f","1574":"=","1575":"\\","1576":"\"","1577":"#","1578":"\\","1579":"\"","1580":" ","1581":"c","1582":"l","1583":"a","1584":"s","1585":"s","1586":"=","1587":"\\","1588":"\"","1589":"f","1590":"l","1591":"e","1592":"x","1593":" ","1594":"i","1595":"t","1596":"e","1597":"m","1598":"s","1599":"-","1600":"c","1601":"e","1602":"n","1603":"t","1604":"e","1605":"r","1606":" ","1607":"h","1608":"-","1609":"f","1610":"u","1611":"l","1612":"l","1613":" ","1614":"p","1615":"y","1616":"-","1617":"2","1618":".","1619":"5","1620":"\\","1621":"\"","1622":">","1623":"{","1624":"{","1625":"\\","1626":"r","1627":"\\","1628":"n","1629":" ","1630":" ","1631":" ","1632":" ","1633":" ","1634":" ","1635":" ","1636":" ","1637":" ","1638":" ","1639":" ","1640":" ","1641":" ","1642":" ","1643":" ","1644":" ","1645":"m","1646":"e","1647":"n","1648":"u","1649":"I","1650":"t","1651":"e","1652":"m","1653":"\\","1654":"r","1655":"\\","1656":"n","1657":" ","1658":" ","1659":" ","1660":" ","1661":" ","1662":" ","1663":" ","1664":" ","1665":" ","1666":" ","1667":" ","1668":" ","1669":" ","1670":" ","1671":"}","1672":"}","1673":"<","1674":"/","1675":"a","1676":">","1677":"\\","1678":"r","1679":"\\","1680":"n","1681":" ","1682":" ","1683":" ","1684":" ","1685":" ","1686":" ","1687":" ","1688":" ","1689":" ","1690":" ","1691":" ","1692":" ","1693":"<","1694":"/","1695":"l","1696":"i","1697":">","1698":"\\","1699":"r","1700":"\\","1701":"n","1702":" ","1703":" ","1704":" ","1705":" ","1706":" ","1707":" ","1708":" ","1709":" ","1710":" ","1711":" ","1712":"<","1713":"/","1714":"u","1715":"l","1716":">","1717":"\\","1718":"r","1719":"\\","1720":"n","1721":" ","1722":" ","1723":" ","1724":" ","1725":" ","1726":" ","1727":" ","1728":" ","1729":"<","1730":"/","1731":"n","1732":"a","1733":"v","1734":">","1735":"\\","1736":"r","1737":"\\","1738":"n","1739":" ","1740":" ","1741":" ","1742":" ","1743":" ","1744":" ","1745":" ","1746":" ","1747":"<","1748":"d","1749":"i","1750":"v","1751":" ","1752":"c","1753":"l","1754":"a","1755":"s","1756":"s","1757":"=","1758":"\\","1759":"\"","1760":"f","1761":"l","1762":"e","1763":"x","1764":" ","1765":"i","1766":"t","1767":"e","1768":"m","1769":"s","1770":"-","1771":"c","1772":"e","1773":"n","1774":"t","1775":"e","1776":"r","1777":" ","1778":"h","1779":"-","1780":"f","1781":"u","1782":"l","1783":"l","1784":" ","1785":"m","1786":"l","1787":"-","1788":"a","1789":"u","1790":"t","1791":"o","1792":"\\","1793":"\"","1794":">","1795":"\\","1796":"r","1797":"\\","1798":"n","1799":" ","1800":" ","1801":" ","1802":" ","1803":" ","1804":" ","1805":" ","1806":" ","1807":" ","1808":" ","1809":"<","1810":"p","1811":"r","1812":"o","1813":"f","1814":"i","1815":"l","1816":"e","1817":"-","1818":"i","1819":"m","1820":"a","1821":"g","1822":"e","1823":" ","1824":"v","1825":"-","1826":"i","1827":"f","1828":"=","1829":"\\","1830":"\"","1831":"i","1832":"s","1833":"L","1834":"o","1835":"g","1836":"g","1837":"e","1838":"d","1839":"I","1840":"n","1841":"\\","1842":"\"","1843":" ","1844":"d","1845":"a","1846":"t","1847":"a","1848":"-","1849":"t","1850":"e","1851":"s","1852":"t","1853":"=","1854":"\\","1855":"\"","1856":"p","1857":"r","1858":"o","1859":"f","1860":"i","1861":"l","1862":"e","1863":"-","1864":"i","1865":"m","1866":"a","1867":"g","1868":"e","1869":"\\","1870":"\"","1871":" ","1872":"/","1873":">","1874":"\\","1875":"r","1876":"\\","1877":"n","1878":" ","1879":" ","1880":" ","1881":" ","1882":" ","1883":" ","1884":" ","1885":" ","1886":" ","1887":" ","1888":"<","1889":"a","1890":"c","1891":"t","1892":"i","1893":"o","1894":"n","1895":"-","1896":"b","1897":"u","1898":"t","1899":"t","1900":"o","1901":"n","1902":"\\","1903":"r","1904":"\\","1905":"n","1906":" ","1907":" ","1908":" ","1909":" ","1910":" ","1911":" ","1912":" ","1913":" ","1914":" ","1915":" ","1916":" ","1917":" ","1918":"v","1919":"-","1920":"e","1921":"l","1922":"s","1923":"e","1924":"\\","1925":"r","1926":"\\","1927":"n","1928":" ","1929":" ","1930":" ","1931":" ","1932":" ","1933":" ","1934":" ","1935":" ","1936":" ","1937":" ","1938":" ","1939":" ","1940":"d","1941":"a","1942":"t","1943":"a","1944":"-","1945":"t","1946":"e","1947":"s","1948":"t","1949":"=","1950":"\\","1951":"\"","1952":"l","1953":"o","1954":"g","1955":"i","1956":"n","1957":"-","1958":"b","1959":"u","1960":"t","1961":"t","1962":"o","1963":"n","1964":"\\","1965":"\"","1966":"\\","1967":"r","1968":"\\","1969":"n","1970":" ","1971":" ","1972":" ","1973":" ","1974":" ","1975":" ","1976":" ","1977":" ","1978":" ","1979":" ","1980":" ","1981":" ","1982":"t","1983":"e","1984":"x","1985":"t","1986":"=","1987":"\\","1988":"\"","1989":"S","1990":"i","1991":"g","1992":"n","1993":" ","1994":"i","1995":"n","1996":"\\","1997":"\"","1998":"\\","1999":"r","2000":"\\","2001":"n","2002":" ","2003":" ","2004":" ","2005":" ","2006":" ","2007":" ","2008":" ","2009":" ","2010":" ","2011":" ","2012":" ","2013":" ","2014":"t","2015":"y","2016":"p","2017":"e","2018":"=","2019":"\\","2020":"\"","2021":"p","2022":"r","2023":"i","2024":"m","2025":"a","2026":"r","2027":"y","2028":"\\","2029":"\"","2030":"\\","2031":"r","2032":"\\","2033":"n","2034":" ","2035":" ","2036":" ","2037":" ","2038":" ","2039":" ","2040":" ","2041":" ","2042":" ","2043":" ","2044":" ","2045":" ","2046":"@","2047":"c","2048":"l","2049":"i","2050":"c","2051":"k","2052":"=","2053":"\\","2054":"\"","2055":"l","2056":"o","2057":"g","2058":"i","2059":"n","2060":"U","2061":"s","2062":"e","2063":"r","2064":"\\","2065":"\"","2066":"\\","2067":"r","2068":"\\","2069":"n","2070":" ","2071":" ","2072":" ","2073":" ","2074":" ","2075":" ","2076":" ","2077":" ","2078":" ","2079":" ","2080":"/","2081":">","2082":"\\","2083":"r","2084":"\\","2085":"n","2086":" ","2087":" ","2088":" ","2089":" ","2090":" ","2091":" ","2092":" ","2093":" ","2094":"<","2095":"/","2096":"d","2097":"i","2098":"v","2099":">","2100":"\\","2101":"r","2102":"\\","2103":"n","2104":" ","2105":" ","2106":" ","2107":" ","2108":" ","2109":" ","2110":"<","2111":"/","2112":"d","2113":"i","2114":"v","2115":">","2116":"\\","2117":"r","2118":"\\","2119":"n","2120":" ","2121":" ","2122":" ","2123":" ","2124":" ","2125":" ","2126":"<","2127":"s","2128":"u","2129":"b","2130":"n","2131":"a","2132":"v","2133":" ","2134":"v","2135":"-","2136":"i","2137":"f","2138":"=","2139":"\\","2140":"\"","2141":"i","2142":"s","2143":"L","2144":"o","2145":"g","2146":"g","2147":"e","2148":"d","2149":"I","2150":"n","2151":"\\","2152":"\"","2153":" ","2154":"d","2155":"a","2156":"t","2157":"a","2158":"-","2159":"t","2160":"e","2161":"s","2162":"t","2163":"=","2164":"\\","2165":"\"","2166":"s","2167":"u","2168":"b","2169":"n","2170":"a","2171":"v","2172":"\\","2173":"\"","2174":" ","2175":"/","2176":">","2177":"\\","2178":"r","2179":"\\","2180":"n","2181":" ","2182":" ","2183":" ","2184":" ","2185":"<","2186":"/","2187":"d","2188":"i","2189":"v","2190":">","2191":"\\","2192":"r","2193":"\\","2194":"n","2195":" ","2196":" ","2197":"<","2198":"/","2199":"h","2200":"e","2201":"a","2202":"d","2203":"e","2204":"r","2205":">","2206":"\\","2207":"r","2208":"\\","2209":"n","2210":"<","2211":"/","2212":"t","2213":"e","2214":"m","2215":"p","2216":"l","2217":"a","2218":"t","2219":"e","2220":">","2221":"\\","2222":"r","2223":"\\","2224":"n","2225":"\\","2226":"r","2227":"\\","2228":"n","2229":"<","2230":"s","2231":"c","2232":"r","2233":"i","2234":"p","2235":"t","2236":">","2237":"\\","2238":"r","2239":"\\","2240":"n","2241":"i","2242":"m","2243":"p","2244":"o","2245":"r","2246":"t","2247":" ","2248":"A","2249":"c","2250":"t","2251":"i","2252":"o","2253":"n","2254":"B","2255":"u","2256":"t","2257":"t","2258":"o","2259":"n","2260":" ","2261":"f","2262":"r","2263":"o","2264":"m","2265":" ","2266":"\\","2267":"\"","2268":"@","2269":"/","2270":"c","2271":"o","2272":"m","2273":"p","2274":"o","2275":"n","2276":"e","2277":"n","2278":"t","2279":"s","2280":"/","2281":"s","2282":"h","2283":"a","2284":"r","2285":"e","2286":"d","2287":"/","2288":"A","2289":"c","2290":"t","2291":"i","2292":"o","2293":"n","2294":"B","2295":"u","2296":"t","2297":"t","2298":"o","2299":"n","2300":".","2301":"v","2302":"u","2303":"e","2304":"\\","2305":"\"","2306":";","2307":"\\","2308":"r","2309":"\\","2310":"n","2311":"i","2312":"m","2313":"p","2314":"o","2315":"r","2316":"t","2317":" ","2318":"P","2319":"r","2320":"o","2321":"f","2322":"i","2323":"l","2324":"e","2325":"I","2326":"m","2327":"a","2328":"g","2329":"e","2330":" ","2331":"f","2332":"r","2333":"o","2334":"m","2335":" ","2336":"\\","2337":"\"","2338":"@","2339":"/","2340":"c","2341":"o","2342":"m","2343":"p","2344":"o","2345":"n","2346":"e","2347":"n","2348":"t","2349":"s","2350":"/","2351":"n","2352":"a","2353":"v","2354":"i","2355":"g","2356":"a","2357":"t","2358":"i","2359":"o","2360":"n","2361":"/","2362":"P","2363":"r","2364":"o","2365":"f","2366":"i","2367":"l","2368":"e","2369":"I","2370":"m","2371":"a","2372":"g","2373":"e","2374":".","2375":"v","2376":"u","2377":"e","2378":"\\","2379":"\"","2380":";","2381":"\\","2382":"r","2383":"\\","2384":"n","2385":"i","2386":"m","2387":"p","2388":"o","2389":"r","2390":"t","2391":" ","2392":"S","2393":"u","2394":"b","2395":"n","2396":"a","2397":"v","2398":" ","2399":"f","2400":"r","2401":"o","2402":"m","2403":" ","2404":"\\","2405":"\"","2406":"@","2407":"/","2408":"c","2409":"o","2410":"m","2411":"p","2412":"o","2413":"n","2414":"e","2415":"n","2416":"t","2417":"s","2418":"/","2419":"n","2420":"a","2421":"v","2422":"i","2423":"g","2424":"a","2425":"t","2426":"i","2427":"o","2428":"n","2429":"/","2430":"S","2431":"u","2432":"b","2433":"n","2434":"a","2435":"v","2436":".","2437":"v","2438":"u","2439":"e","2440":"\\","2441":"\"","2442":";","2443":"\\","2444":"r","2445":"\\","2446":"n","2447":"\\","2448":"r","2449":"\\","2450":"n","2451":"e","2452":"x","2453":"p","2454":"o","2455":"r","2456":"t","2457":" ","2458":"d","2459":"e","2460":"f","2461":"a","2462":"u","2463":"l","2464":"t","2465":" ","2466":"{","2467":"\\","2468":"r","2469":"\\","2470":"n","2471":" ","2472":" ","2473":"n","2474":"a","2475":"m","2476":"e","2477":":","2478":" ","2479":"\\","2480":"\"","2481":"M","2482":"a","2483":"i","2484":"n","2485":"N","2486":"a","2487":"v","2488":"\\","2489":"\"","2490":",","2491":"\\","2492":"r","2493":"\\","2494":"n","2495":" ","2496":" ","2497":"c","2498":"o","2499":"m","2500":"p","2501":"o","2502":"n","2503":"e","2504":"n","2505":"t","2506":"s","2507":":","2508":" ","2509":"{","2510":"\\","2511":"r","2512":"\\","2513":"n","2514":" ","2515":" ","2516":" ","2517":" ","2518":"A","2519":"c","2520":"t","2521":"i","2522":"o","2523":"n","2524":"B","2525":"u","2526":"t","2527":"t","2528":"o","2529":"n","2530":",","2531":"\\","2532":"r","2533":"\\","2534":"n","2535":" ","2536":" ","2537":" ","2538":" ","2539":"P","2540":"r","2541":"o","2542":"f","2543":"i","2544":"l","2545":"e","2546":"I","2547":"m","2548":"a","2549":"g","2550":"e","2551":",","2552":"\\","2553":"r","2554":"\\","2555":"n","2556":" ","2557":" ","2558":" ","2559":" ","2560":"S","2561":"u","2562":"b","2563":"n","2564":"a","2565":"v","2566":",","2567":"\\","2568":"r","2569":"\\","2570":"n","2571":" ","2572":" ","2573":"}","2574":",","2575":"\\","2576":"r","2577":"\\","2578":"n","2579":"\\","2580":"r","2581":"\\","2582":"n","2583":" ","2584":" ","2585":"d","2586":"a","2587":"t","2588":"a","2589":"(","2590":")","2591":" ","2592":"{","2593":"\\","2594":"r","2595":"\\","2596":"n","2597":" ","2598":" ","2599":" ","2600":" ","2601":"r","2602":"e","2603":"t","2604":"u","2605":"r","2606":"n","2607":" ","2608":"{","2609":"\\","2610":"r","2611":"\\","2612":"n","2613":" ","2614":" ","2615":" ","2616":" ","2617":" ","2618":" ","2619":"c","2620":"o","2621":"m","2622":"p","2623":"a","2624":"n","2625":"y","2626":":","2627":" ","2628":"\\","2629":"\"","2630":"B","2631":"o","2632":"B","2633":"o","2634":" ","2635":"C","2636":"a","2637":"r","2638":"e","2639":"e","2640":"r","2641":"s","2642":"\\","2643":"\"","2644":",","2645":"\\","2646":"r","2647":"\\","2648":"n","2649":" ","2650":" ","2651":" ","2652":" ","2653":" ","2654":" ","2655":"u","2656":"r","2657":"l","2658":":","2659":" ","2660":"\\","2661":"\"","2662":"h","2663":"t","2664":"t","2665":"p","2666":"s","2667":":","2668":"/","2669":"/","2670":"w","2671":"w","2672":"w","2673":".","2674":"g","2675":"o","2676":"o","2677":"g","2678":"l","2679":"e","2680":".","2681":"c","2682":"o","2683":"m","2684":"\\","2685":"\"","2686":",","2687":"\\","2688":"r","2689":"\\","2690":"n","2691":" ","2692":" ","2693":" ","2694":" ","2695":" ","2696":" ","2697":"m","2698":"e","2699":"n","2700":"u","2701":"I","2702":"t","2703":"e","2704":"m","2705":"s","2706":":","2707":" ","2708":"[","2709":"\\","2710":"\"","2711":"H","2712":"o","2713":"m","2714":"e","2715":"\\","2716":"\"","2717":",","2718":" ","2719":"\\","2720":"\"","2721":"B","2722":"l","2723":"o","2724":"g","2725":"\\","2726":"\"","2727":",","2728":" ","2729":"\\","2730":"\"","2731":"A","2732":"b","2733":"o","2734":"u","2735":"t","2736":"\\","2737":"\"","2738":",","2739":" ","2740":"\\","2741":"\"","2742":"c","2743":"o","2744":"n","2745":"t","2746":"a","2747":"c","2748":"t","2749":"\\","2750":"\"","2751":",","2752":" ","2753":"\\","2754":"\"","2755":"P","2756":"r","2757":"i","2758":"c","2759":"i","2760":"n","2761":"g","2762":"\\","2763":"\"","2764":",","2765":" ","2766":"\\","2767":"\"","2768":"j","2769":"o","2770":"b","2771":"s","2772":"\\","2773":"\"","2774":"]","2775":",","2776":"\\","2777":"r","2778":"\\","2779":"n","2780":" ","2781":" ","2782":" ","2783":" ","2784":" ","2785":" ","2786":"i","2787":"s","2788":"L","2789":"o","2790":"g","2791":"g","2792":"e","2793":"d","2794":"I","2795":"n","2796":":","2797":" ","2798":"f","2799":"a","2800":"l","2801":"s","2802":"e","2803":",","2804":"\\","2805":"r","2806":"\\","2807":"n","2808":" ","2809":" ","2810":" ","2811":" ","2812":"}","2813":";","2814":"\\","2815":"r","2816":"\\","2817":"n","2818":" ","2819":" ","2820":"}","2821":",","2822":"\\","2823":"r","2824":"\\","2825":"n","2826":" ","2827":" ","2828":"c","2829":"o","2830":"m","2831":"p","2832":"u","2833":"t","2834":"e","2835":"d","2836":":","2837":" ","2838":"{","2839":"\\","2840":"r","2841":"\\","2842":"n","2843":" ","2844":" ","2845":" ","2846":" ","2847":"h","2848":"e","2849":"a","2850":"d","2851":"e","2852":"r","2853":"H","2854":"e","2855":"i","2856":"g","2857":"h","2858":"t","2859":"C","2860":"l","2861":"a","2862":"s","2863":"s","2864":"(","2865":")","2866":" ","2867":"{","2868":"\\","2869":"r","2870":"\\","2871":"n","2872":" ","2873":" ","2874":" ","2875":" ","2876":" ","2877":" ","2878":"r","2879":"e","2880":"t","2881":"u","2882":"r","2883":"n","2884":" ","2885":"{","2886":"\\","2887":"r","2888":"\\","2889":"n","2890":" ","2891":" ","2892":" ","2893":" ","2894":" ","2895":" ","2896":" ","2897":" ","2898":"\\","2899":"\"","2900":"h","2901":"-","2902":"1","2903":"6","2904":"\\","2905":"\"","2906":":","2907":" ","2908":"!","2909":"t","2910":"h","2911":"i","2912":"s","2913":".","2914":"i","2915":"s","2916":"L","2917":"o","2918":"g","2919":"g","2920":"e","2921":"d","2922":"I","2923":"n","2924":",","2925":"\\","2926":"r","2927":"\\","2928":"n","2929":" ","2930":" ","2931":" ","2932":" ","2933":" ","2934":" ","2935":" ","2936":" ","2937":"\\","2938":"\"","2939":"h","2940":"-","2941":"2","2942":"8","2943":"\\","2944":"\"","2945":":","2946":" ","2947":"t","2948":"h","2949":"i","2950":"s","2951":".","2952":"i","2953":"s","2954":"L","2955":"o","2956":"g","2957":"g","2958":"e","2959":"d","2960":"I","2961":"n","2962":",","2963":"\\","2964":"r","2965":"\\","2966":"n","2967":" ","2968":" ","2969":" ","2970":" ","2971":" ","2972":" ","2973":"}","2974":";","2975":"\\","2976":"r","2977":"\\","2978":"n","2979":" ","2980":" ","2981":" ","2982":" ","2983":"}","2984":",","2985":"\\","2986":"r","2987":"\\","2988":"n","2989":" ","2990":" ","2991":"}","2992":",","2993":"\\","2994":"r","2995":"\\","2996":"n","2997":" ","2998":" ","2999":"m","3000":"e","3001":"t","3002":"h","3003":"o","3004":"d","3005":"s","3006":":","3007":" ","3008":"{","3009":"\\","3010":"r","3011":"\\","3012":"n","3013":" ","3014":" ","3015":" ","3016":" ","3017":"l","3018":"o","3019":"g","3020":"i","3021":"n","3022":"U","3023":"s","3024":"e","3025":"r","3026":"(","3027":")","3028":" ","3029":"{","3030":"\\","3031":"r","3032":"\\","3033":"n","3034":" ","3035":" ","3036":" ","3037":" ","3038":" ","3039":" ","3040":"t","3041":"h","3042":"i","3043":"s","3044":".","3045":"i","3046":"s","3047":"L","3048":"o","3049":"g","3050":"g","3051":"e","3052":"d","3053":"I","3054":"n","3055":" ","3056":"=","3057":" ","3058":"t","3059":"r","3060":"u","3061":"e","3062":";","3063":"\\","3064":"r","3065":"\\","3066":"n","3067":" ","3068":" ","3069":" ","3070":" ","3071":"}","3072":",","3073":"\\","3074":"r","3075":"\\","3076":"n","3077":" ","3078":" ","3079":"}","3080":",","3081":"\\","3082":"r","3083":"\\","3084":"n","3085":"}","3086":";","3087":"\\","3088":"r","3089":"\\","3090":"n","3091":"<","3092":"/","3093":"s","3094":"c","3095":"r","3096":"i","3097":"p","3098":"t","3099":">","3100":"\\","3101":"r","3102":"\\","3103":"n","3104":"\"","3105":"]","3106":"}"},"_coverageSchema":"1a1c01bbd47fc00a2c39e90264f33305004495a9","hash":"77a059f9dea421cc562f77fc6fc2822532b51fd9"}
,"C:\\Users\\tarun\\git\\job-search\\src\\components\\navigation\\ProfileImage.vue": {"path":"C:\\Users\\tarun\\git\\job-search\\src\\components\\navigation\\ProfileImage.vue","statementMap":{"0":{"start":{"line":4,"column":0},"end":{"line":6,"column":3}},"1":{"start":{"line":7,"column":0},"end":{"line":7,"column":25}},"2":{"start":{"line":8,"column":15},"end":{"line":15,"column":1}},"3":{"start":{"line":11,"column":4},"end":{"line":13,"column":6}},"4":{"start":{"line":18,"column":0},"end":{"line":18,"column":13}},"5":{"start":{"line":20,"column":0},"end":{"line":22,"column":3}},"6":{"start":{"line":23,"column":0},"end":{"line":23,"column":24}},"7":{"start":{"line":24,"column":11},"end":{"line":24,"column":25}},"8":{"start":{"line":25,"column":19},"end":{"line":25,"column":26}},"9":{"start":{"line":27,"column":2},"end":{"line":32,"column":38}},"10":{"start":{"line":33,"column":2},"end":{"line":33,"column":49}}},"fnMap":{"0":{"name":"(anonymous_0)","decl":{"start":{"line":10,"column":2},"end":{"line":10,"column":3}},"loc":{"start":{"line":10,"column":9},"end":{"line":14,"column":3}},"line":10},"1":{"name":"render","decl":{"start":{"line":26,"column":9},"end":{"line":26,"column":15}},"loc":{"start":{"line":26,"column":30},"end":{"line":33,"column":1}},"line":26}},"branchMap":{},"s":{"0":2,"1":2,"2":2,"3":1,"4":2,"5":2,"6":2,"7":2,"8":2,"9":1,"10":2},"f":{"0":1,"1":1},"b":{},"inputSourceMap":{"0":"{","1":"\"","2":"v","3":"e","4":"r","5":"s","6":"i","7":"o","8":"n","9":"\"","10":":","11":"3","12":",","13":"\"","14":"s","15":"o","16":"u","17":"r","18":"c","19":"e","20":"s","21":"\"","22":":","23":"[","24":"\"","25":"C","26":":","27":"\\","28":"\\","29":"U","30":"s","31":"e","32":"r","33":"s","34":"\\","35":"\\","36":"t","37":"a","38":"r","39":"u","40":"n","41":"\\","42":"\\","43":"g","44":"i","45":"t","46":"\\","47":"\\","48":"j","49":"o","50":"b","51":"-","52":"s","53":"e","54":"a","55":"r","56":"c","57":"h","58":"\\","59":"\\","60":"s","61":"r","62":"c","63":"\\","64":"\\","65":"c","66":"o","67":"m","68":"p","69":"o","70":"n","71":"e","72":"n","73":"t","74":"s","75":"\\","76":"\\","77":"n","78":"a","79":"v","80":"i","81":"g","82":"a","83":"t","84":"i","85":"o","86":"n","87":"\\","88":"\\","89":"P","90":"r","91":"o","92":"f","93":"i","94":"l","95":"e","96":"I","97":"m","98":"a","99":"g","100":"e","101":".","102":"v","103":"u","104":"e","105":"\"","106":"]","107":",","108":"\"","109":"n","110":"a","111":"m","112":"e","113":"s","114":"\"","115":":","116":"[","117":"]","118":",","119":"\"","120":"m","121":"a","122":"p","123":"p","124":"i","125":"n","126":"g","127":"s","128":"\"","129":":","130":"\"","131":";","132":";","133":";","134":";","135":";","136":";","137":";","138":"e","139":"A","140":"S","141":"e","142":";","143":"E","144":"A","145":"C","146":"b","147":",","148":"I","149":"A","150":"A","151":"I","152":",","153":"E","154":"A","155":"A","156":"E","157":",","158":"c","159":"A","160":"A","161":"c","162":";","163":"E","164":"A","165":"C","166":"p","167":"B","168":",","169":"I","170":"A","171":"A","172":"I","173":",","174":"G","175":"A","176":"A","177":"G","178":";","179":"I","180":"A","181":"C","182":"L","183":",","184":"O","185":"A","186":"A","187":"O","188":";","189":"M","190":"A","191":"C","192":"L","193":",","194":"a","195":"A","196":"A","197":"a","198":",","199":"E","200":"A","201":"C","202":"X","203":";","204":"I","205":"A","206":"C","207":"J","208":",","209":"C","210":"A","211":"A","212":"C","213":";","214":"E","215":"A","216":"C","217":"H","218":";","219":"A","220":"A","221":"C","222":"F","223":",","224":"C","225":"A","226":"A","227":"C","228":";","229":"A","230":"A","231":"A","232":"A","233":";","234":"A","235":"A","236":"A","237":"A","238":"\"","239":",","240":"\"","241":"f","242":"i","243":"l","244":"e","245":"\"","246":":","247":"\"","248":"C","249":":","250":"\\","251":"\\","252":"U","253":"s","254":"e","255":"r","256":"s","257":"\\","258":"\\","259":"t","260":"a","261":"r","262":"u","263":"n","264":"\\","265":"\\","266":"g","267":"i","268":"t","269":"\\","270":"\\","271":"j","272":"o","273":"b","274":"-","275":"s","276":"e","277":"a","278":"r","279":"c","280":"h","281":"\\","282":"\\","283":"s","284":"r","285":"c","286":"\\","287":"\\","288":"c","289":"o","290":"m","291":"p","292":"o","293":"n","294":"e","295":"n","296":"t","297":"s","298":"\\","299":"\\","300":"n","301":"a","302":"v","303":"i","304":"g","305":"a","306":"t","307":"i","308":"o","309":"n","310":"\\","311":"\\","312":"P","313":"r","314":"o","315":"f","316":"i","317":"l","318":"e","319":"I","320":"m","321":"a","322":"g","323":"e","324":".","325":"v","326":"u","327":"e","328":"\"","329":",","330":"\"","331":"s","332":"o","333":"u","334":"r","335":"c","336":"e","337":"s","338":"C","339":"o","340":"n","341":"t","342":"e","343":"n","344":"t","345":"\"","346":":","347":"[","348":"\"","349":"<","350":"t","351":"e","352":"m","353":"p","354":"l","355":"a","356":"t","357":"e","358":">","359":"\\","360":"r","361":"\\","362":"n","363":" ","364":" ","365":"<","366":"i","367":"m","368":"g","369":"\\","370":"r","371":"\\","372":"n","373":" ","374":" ","375":" ","376":" ","377":":","378":"s","379":"r","380":"c","381":"=","382":"\\","383":"\"","384":"p","385":"r","386":"o","387":"f","388":"i","389":"l","390":"e","391":"P","392":"i","393":"c","394":"U","395":"r","396":"l","397":"\\","398":"\"","399":"\\","400":"r","401":"\\","402":"n","403":" ","404":" ","405":" ","406":" ","407":"a","408":"l","409":"t","410":"=","411":"\\","412":"\"","413":"P","414":"r","415":"o","416":"f","417":"i","418":"l","419":"e","420":"-","421":"p","422":"i","423":"c","424":"\\","425":"\"","426":"\\","427":"r","428":"\\","429":"n","430":" ","431":" ","432":" ","433":" ","434":"s","435":"r","436":"c","437":"s","438":"e","439":"t","440":"=","441":"\\","442":"\"","443":"\\","444":"\"","445":"\\","446":"r","447":"\\","448":"n","449":" ","450":" ","451":" ","452":" ","453":"c","454":"l","455":"a","456":"s","457":"s","458":"=","459":"\\","460":"\"","461":"w","462":"-","463":"1","464":"0","465":" ","466":"h","467":"-","468":"1","469":"0","470":" ","471":"o","472":"b","473":"j","474":"e","475":"c","476":"t","477":"-","478":"c","479":"o","480":"n","481":"t","482":"a","483":"i","484":"n","485":" ","486":"r","487":"o","488":"u","489":"n","490":"d","491":"e","492":"d","493":"-","494":"3","495":"x","496":"l","497":"\\","498":"\"","499":"\\","500":"r","501":"\\","502":"n","503":" ","504":" ","505":"/","506":">","507":"\\","508":"r","509":"\\","510":"n","511":"<","512":"/","513":"t","514":"e","515":"m","516":"p","517":"l","518":"a","519":"t","520":"e","521":">","522":"\\","523":"r","524":"\\","525":"n","526":"<","527":"s","528":"c","529":"r","530":"i","531":"p","532":"t","533":">","534":"\\","535":"r","536":"\\","537":"n","538":"e","539":"x","540":"p","541":"o","542":"r","543":"t","544":" ","545":"d","546":"e","547":"f","548":"a","549":"u","550":"l","551":"t","552":" ","553":"{","554":"\\","555":"r","556":"\\","557":"n","558":" ","559":" ","560":"n","561":"a","562":"m","563":"e","564":":","565":" ","566":"\\","567":"\"","568":"P","569":"r","570":"o","571":"f","572":"i","573":"l","574":"e","575":"I","576":"m","577":"a","578":"g","579":"e","580":"\\","581":"\"","582":",","583":"\\","584":"r","585":"\\","586":"n","587":" ","588":" ","589":"d","590":"a","591":"t","592":"a","593":"(","594":")","595":" ","596":"{","597":"\\","598":"r","599":"\\","600":"n","601":" ","602":" ","603":" ","604":" ","605":"r","606":"e","607":"t","608":"u","609":"r","610":"n","611":" ","612":"{","613":"\\","614":"r","615":"\\","616":"n","617":" ","618":" ","619":" ","620":" ","621":" ","622":" ","623":"p","624":"r","625":"o","626":"f","627":"i","628":"l","629":"e","630":"P","631":"i","632":"c","633":"U","634":"r","635":"l","636":":","637":"\\","638":"r","639":"\\","640":"n","641":" ","642":" ","643":" ","644":" ","645":" ","646":" ","647":" ","648":" ","649":"\\","650":"\"","651":"h","652":"t","653":"t","654":"p","655":"s","656":":","657":"/","658":"/","659":"w","660":"w","661":"w","662":".","663":"p","664":"n","665":"g","666":"a","667":"l","668":"l","669":".","670":"c","671":"o","672":"m","673":"/","674":"w","675":"p","676":"-","677":"c","678":"o","679":"n","680":"t","681":"e","682":"n","683":"t","684":"/","685":"u","686":"p","687":"l","688":"o","689":"a","690":"d","691":"s","692":"/","693":"5","694":"/","695":"U","696":"s","697":"e","698":"r","699":"-","700":"P","701":"r","702":"o","703":"f","704":"i","705":"l","706":"e","707":".","708":"p","709":"n","710":"g","711":"\\","712":"\"","713":",","714":"\\","715":"r","716":"\\","717":"n","718":" ","719":" ","720":" ","721":" ","722":"}","723":";","724":"\\","725":"r","726":"\\","727":"n","728":" ","729":" ","730":"}","731":",","732":"\\","733":"r","734":"\\","735":"n","736":"}","737":";","738":"\\","739":"r","740":"\\","741":"n","742":"<","743":"/","744":"s","745":"c","746":"r","747":"i","748":"p","749":"t","750":">","751":"\\","752":"r","753":"\\","754":"n","755":"\"","756":"]","757":"}"},"_coverageSchema":"1a1c01bbd47fc00a2c39e90264f33305004495a9","hash":"046c7dad813edab17784927ed3ccb812f4e535bc"}
,"C:\\Users\\tarun\\git\\job-search\\src\\components\\navigation\\Subnav.vue": {"path":"C:\\Users\\tarun\\git\\job-search\\src\\components\\navigation\\Subnav.vue","statementMap":{"0":{"start":{"line":4,"column":0},"end":{"line":6,"column":3}},"1":{"start":{"line":7,"column":0},"end":{"line":7,"column":25}},"2":{"start":{"line":8,"column":15},"end":{"line":15,"column":1}},"3":{"start":{"line":11,"column":4},"end":{"line":13,"column":6}},"4":{"start":{"line":18,"column":0},"end":{"line":18,"column":13}},"5":{"start":{"line":20,"column":0},"end":{"line":22,"column":3}},"6":{"start":{"line":23,"column":0},"end":{"line":23,"column":24}},"7":{"start":{"line":24,"column":11},"end":{"line":24,"column":25}},"8":{"start":{"line":25,"column":19},"end":{"line":27,"column":1}},"9":{"start":{"line":28,"column":19},"end":{"line":30,"column":1}},"10":{"start":{"line":31,"column":19},"end":{"line":34,"column":1}},"11":{"start":{"line":35,"column":32},"end":{"line":37,"column":88}},"12":{"start":{"line":40,"column":39},"end":{"line":40,"column":86}},"13":{"start":{"line":41,"column":2},"end":{"line":43,"column":69}},"14":{"start":{"line":44,"column":2},"end":{"line":44,"column":49}}},"fnMap":{"0":{"name":"(anonymous_0)","decl":{"start":{"line":10,"column":2},"end":{"line":10,"column":3}},"loc":{"start":{"line":10,"column":9},"end":{"line":14,"column":3}},"line":10},"1":{"name":"render","decl":{"start":{"line":39,"column":9},"end":{"line":39,"column":15}},"loc":{"start":{"line":39,"column":30},"end":{"line":44,"column":1}},"line":39}},"branchMap":{"0":{"loc":{"start":{"line":41,"column":130},"end":{"line":43,"column":64}},"type":"cond-expr","locations":[{"start":{"line":41,"column":155},"end":{"line":43,"column":18}},{"start":{"line":43,"column":22},"end":{"line":43,"column":64}}],"line":41}},"s":{"0":2,"1":2,"2":2,"3":2,"4":2,"5":2,"6":2,"7":2,"8":2,"9":2,"10":2,"11":2,"12":2,"13":2,"14":2},"f":{"0":2,"1":2},"b":{"0":[1,1]},"inputSourceMap":{"0":"{","1":"\"","2":"v","3":"e","4":"r","5":"s","6":"i","7":"o","8":"n","9":"\"","10":":","11":"3","12":",","13":"\"","14":"s","15":"o","16":"u","17":"r","18":"c","19":"e","20":"s","21":"\"","22":":","23":"[","24":"\"","25":"C","26":":","27":"\\","28":"\\","29":"U","30":"s","31":"e","32":"r","33":"s","34":"\\","35":"\\","36":"t","37":"a","38":"r","39":"u","40":"n","41":"\\","42":"\\","43":"g","44":"i","45":"t","46":"\\","47":"\\","48":"j","49":"o","50":"b","51":"-","52":"s","53":"e","54":"a","55":"r","56":"c","57":"h","58":"\\","59":"\\","60":"s","61":"r","62":"c","63":"\\","64":"\\","65":"c","66":"o","67":"m","68":"p","69":"o","70":"n","71":"e","72":"n","73":"t","74":"s","75":"\\","76":"\\","77":"n","78":"a","79":"v","80":"i","81":"g","82":"a","83":"t","84":"i","85":"o","86":"n","87":"\\","88":"\\","89":"S","90":"u","91":"b","92":"n","93":"a","94":"v","95":".","96":"v","97":"u","98":"e","99":"\"","100":"]","101":",","102":"\"","103":"n","104":"a","105":"m","106":"e","107":"s","108":"\"","109":":","110":"[","111":"]","112":",","113":"\"","114":"m","115":"a","116":"p","117":"p","118":"i","119":"n","120":"g","121":"s","122":"\"","123":":","124":"\"","125":";","126":";","127":";","128":";","129":";","130":";","131":";","132":"e","133":"A","134":"Y","135":"e","136":";","137":"E","138":"A","139":"C","140":"b","141":",","142":"I","143":"A","144":"A","145":"I","146":",","147":"E","148":"A","149":"A","150":"E","151":",","152":"Q","153":"A","154":"A","155":"Q","156":";","157":"E","158":"A","159":"C","160":"d","161":",","162":"I","163":"A","164":"A","165":"I","166":",","167":"G","168":"A","169":"A","170":"G","171":";","172":"I","173":"A","174":"C","175":"L","176":",","177":"O","178":"A","179":"A","180":"O","181":";","182":"M","183":"A","184":"C","185":"L","186":",","187":"g","188":"B","189":"A","190":"A","191":"g","192":"B","193":",","194":"E","195":"A","196":"A","197":"E","198":";","199":"I","200":"A","201":"C","202":"p","203":"B","204":",","205":"C","206":"A","207":"A","208":"C","209":";","210":"E","211":"A","212":"C","213":"H","214":";","215":"A","216":"A","217":"C","218":"F","219":",","220":"C","221":"A","222":"A","223":"C","224":";","225":"A","226":"A","227":"A","228":"A","229":";","230":"A","231":"A","232":"A","233":"A","234":"\"","235":",","236":"\"","237":"f","238":"i","239":"l","240":"e","241":"\"","242":":","243":"\"","244":"C","245":":","246":"\\","247":"\\","248":"U","249":"s","250":"e","251":"r","252":"s","253":"\\","254":"\\","255":"t","256":"a","257":"r","258":"u","259":"n","260":"\\","261":"\\","262":"g","263":"i","264":"t","265":"\\","266":"\\","267":"j","268":"o","269":"b","270":"-","271":"s","272":"e","273":"a","274":"r","275":"c","276":"h","277":"\\","278":"\\","279":"s","280":"r","281":"c","282":"\\","283":"\\","284":"c","285":"o","286":"m","287":"p","288":"o","289":"n","290":"e","291":"n","292":"t","293":"s","294":"\\","295":"\\","296":"n","297":"a","298":"v","299":"i","300":"g","301":"a","302":"t","303":"i","304":"o","305":"n","306":"\\","307":"\\","308":"S","309":"u","310":"b","311":"n","312":"a","313":"v","314":".","315":"v","316":"u","317":"e","318":"\"","319":",","320":"\"","321":"s","322":"o","323":"u","324":"r","325":"c","326":"e","327":"s","328":"C","329":"o","330":"n","331":"t","332":"e","333":"n","334":"t","335":"\"","336":":","337":"[","338":"\"","339":"<","340":"t","341":"e","342":"m","343":"p","344":"l","345":"a","346":"t","347":"e","348":">","349":"\\","350":"r","351":"\\","352":"n","353":" ","354":" ","355":"<","356":"d","357":"i","358":"v","359":" ","360":"c","361":"l","362":"a","363":"s","364":"s","365":"=","366":"\\","367":"\"","368":"w","369":"-","370":"f","371":"u","372":"l","373":"l","374":" ","375":"h","376":"-","377":"1","378":"2","379":" ","380":"b","381":"g","382":"-","383":"w","384":"h","385":"i","386":"t","387":"e","388":" ","389":"b","390":"o","391":"r","392":"d","393":"e","394":"r","395":"-","396":"b","397":" ","398":"b","399":"o","400":"r","401":"d","402":"e","403":"r","404":"-","405":"s","406":"o","407":"l","408":"i","409":"d","410":" ","411":"b","412":"o","413":"r","414":"d","415":"e","416":"r","417":"-","418":"b","419":"r","420":"a","421":"n","422":"d","423":"-","424":"g","425":"r","426":"a","427":"y","428":"-","429":"1","430":"\\","431":"\"","432":">","433":"\\","434":"r","435":"\\","436":"n","437":" ","438":" ","439":" ","440":" ","441":"<","442":"d","443":"i","444":"v","445":" ","446":"c","447":"l","448":"a","449":"s","450":"s","451":"=","452":"\\","453":"\"","454":"f","455":"l","456":"e","457":"x","458":" ","459":"i","460":"t","461":"e","462":"m","463":"s","464":"-","465":"c","466":"e","467":"n","468":"t","469":"e","470":"r","471":" ","472":"h","473":"-","474":"f","
[...]
,"column":25}},"2":{"start":{"line":8,"column":15},"end":{"line":35,"column":1}},"3":{"start":{"line":22,"column":8},"end":{"line":22,"column":56}},"4":{"start":{"line":28,"column":6},"end":{"line":32,"column":8}},"5":{"start":{"line":38,"column":0},"end":{"line":38,"column":13}},"6":{"start":{"line":40,"column":0},"end":{"line":42,"column":3}},"7":{"start":{"line":43,"column":0},"end":{"line":43,"column":24}},"8":{"start":{"line":44,"column":11},"end":{"line":44,"column":25}},"9":{"start":{"line":46,"column":2},"end":{"line":48,"column":64}},"10":{"start":{"line":49,"column":2},"end":{"line":49,"column":49}}},"fnMap":{"0":{"name":"(anonymous_0)","decl":{"start":{"line":21,"column":6},"end":{"line":21,"column":7}},"loc":{"start":{"line":21,"column":23},"end":{"line":23,"column":7}},"line":21},"1":{"name":"(anonymous_1)","decl":{"start":{"line":27,"column":4},"end":{"line":27,"column":5}},"loc":{"start":{"line":27,"column":18},"end":{"line":33,"column":5}},"line":27},"2":{"name":"render","decl":{"start":{"line":45,"column":9},"end":{"line":45,"column":15}},"loc":{"start":{"line":45,"column":30},"end":{"line":49,"column":1}},"line":45}},"branchMap":{},"s":{"0":2,"1":2,"2":2,"3":7,"4":2,"5":2,"6":2,"7":2,"8":2,"9":2,"10":2},"f":{"0":7,"1":2,"2":2},"b":{},"inputSourceMap":{"0":"{","1":"\"","2":"v","3":"e","4":"r","5":"s","6":"i","7":"o","8":"n","9":"\"","10":":","11":"3","12":",","13":"\"","14":"s","15":"o","16":"u","17":"r","18":"c","19":"e","20":"s","21":"\"","22":":","23":"[","24":"\"","25":"C","26":":","27":"\\","28":"\\","29":"U","30":"s","31":"e","32":"r","33":"s","34":"\\","35":"\\","36":"t","37":"a","38":"r","39":"u","40":"n","41":"\\","42":"\\","43":"g","44":"i","45":"t","46":"\\","47":"\\","48":"j","49":"o","50":"b","51":"-","52":"s","53":"e","54":"a","55":"r","56":"c","57":"h","58":"\\","59":"\\","60":"s","61":"r","62":"c","63":"\\","64":"\\","65":"c","66":"o","67":"m","68":"p","69":"o","70":"n","71":"e","72":"n","73":"t","74":"s","75":"\\","76":"\\","77":"s","78":"h","79":"a","80":"r","81":"e","82":"d","83":"\\","84":"\\","85":"A","86":"c","87":"t","88":"i","89":"o","90":"n","91":"B","92":"u","93":"t","94":"t","95":"o","96":"n","97":".","98":"v","99":"u","100":"e","101":"\"","102":"]","103":",","104":"\"","105":"n","106":"a","107":"m","108":"e","109":"s","110":"\"","111":":","112":"[","113":"]","114":",","115":"\"","116":"m","117":"a","118":"p","119":"p","120":"i","121":"n","122":"g","123":"s","124":"\"","125":":","126":"\"","127":";","128":";","129":";","130":";","131":";","132":";","133":";","134":"e","135":"A","136":"O","137":"e","138":";","139":"E","140":"A","141":"C","142":"b","143":",","144":"I","145":"A","146":"A","147":"I","148":",","149":"E","150":"A","151":"A","152":"E","153":",","154":"c","155":"A","156":"A","157":"c","158":";","159":"E","160":"A","161":"E","162":"p","163":"B","164":";","165":";","166":"E","167":"A","168":"E","169":"A","170":",","171":"K","172":"A","173":"A","174":"K","175":",","176":"E","177":"A","178":"A","179":"E","180":";","181":"I","182":"A","183":"C","184":"L","185":",","186":"I","187":"A","188":"A","189":"I","190":",","191":"E","192":"A","193":"A","194":"E","195":";","196":"M","197":"A","198":"C","199":"J","200":",","201":"I","202":"A","203":"A","204":"I","205":",","206":"E","207":"A","208":"A","209":"E","210":",","211":"M","212":"A","213":"A","214":"M","215":";","216":"M","217":"A","218":"C","219":"Z","220":",","221":"Q","222":"A","223":"A","224":"Q","225":",","226":"E","227":"A","228":"A","229":"E","230":";","231":"I","232":"A","233":"C","234":"Z","235":",","236":"C","237":"A","238":"A","239":"C","240":";","241":"I","242":"A","243":"C","244":"D","245":",","246":"I","247":"A","248":"A","249":"I","250":",","251":"E","252":"A","253":"A","254":"E","255":";","256":"M","257":"A","258":"C","259":"J","260":",","261":"I","262":"A","263":"A","264":"I","265":",","266":"E","267":"A","268":"A","269":"E","270":",","271":"M","272":"A","273":"A","274":"M","275":";","276":"M","277":"A","278":"C","279":"Z","280":",","281":"Q","282":"A","283":"A","284":"Q","285":",","286":"E","287":"A","288":"A","289":"E","290":",","291":"K","292":"A","293":"A","294":"K","295":";","296":"M","297":"A","298":"C","299":"f","300":",","301":"O","302":"A","303":"A","304":"O","305":",","306":"E","307":"A","308":"A","309":"E","310":",","311":"S","312":"A","313":"A","314":"S","315":";","316":"M","317":"A","318":"C","319":"l","320":"B","321":",","322":"S","323":"A","324":"A","325":"S","326":",","327":"C","328":"A","329":"A","330":"C","331":",","332":"K","333":"A","334":"A","335":"K","336":",","337":"E","338":"A","339":"A","340":"E","341":";","342":"Q","343":"A","344":"C","345":"f","346":",","347":"O","348":"A","349":"A","350":"O","351":",","352":"C","353":"A","354":"A","355":"C","356":",","357":"S","358":"A","359":"A","360":"S","361":",","362":"E","363":"A","364":"A","365":"E","366":",","367":"W","368":"A","369":"A","370":"W","371":",","372":"C","373":"A","374":"A","375":"C","376":",","377":"C","378":"A","379":"A","380":"C","381":",","382":"Q","383":"A","384":"A","385":"Q","386":",","387":"C","388":"A","389":"A","390":"C","391":",","392":"K","393":"A","394":"A","395":"K","396":",","397":"C","398":"A","399":"A","400":"C","401":";","402":"M","403":"A","404":"C","405":"j","406":"D","407":";","408":"I","409":"A","410":"C","411":"F","412":";","413":"E","414":"A","415":"C","416":"F","417":",","418":"C","419":"A","420":"A","421":"C","422":";","423":"E","424":"A","425":"E","426":"D","427":",","428":"Q","429":"A","430":"A","431":"Q","432":",","433":"E","434":"A","435":"A","436":"E","437":";","438":"I","439":"A","440":"C","441":"R","442":",","443":"W","444":"A","445":"A","446":"W","447":",","448":"G","449":"A","450":"A","451":"G","452":";","453":"M","454":"A","455":"C","456":"Z","457":",","458":"O","459":"A","460":"A","461":"O","462":";","463":"Q","464":"A","465":"C","466":"L","467":",","468":"C","469":"A","470":"A","471":"C","472":",","473":"I","474":"A","475":"A","476":"I","477":",","478":"C","479":"A","480":"A","481":"C","482":",","483":"I","484":"A","485":"A","486":"I","487":",","488":"G","489":"A","490":"A","491":"G","492":";","493":"Q","494":"A","495":"C","496":"b","497":";","498":"Q","499":"A","500":"C","501":"A","502":";","503":"M","504":"A","505":"C","506":"F","507":",","508":"C","509":"A","510":"A","511":"C","512":";","513":"I","514":"A","515":"C","516":"H","517":";","518":"E","519":"A","520":"C","521":"F","522":";","523":"A","524":"A","525":"C","526":"F","527":",","528":"C","529":"A","530":"A","531":"C","532":";","533":"A","534":"A","535":"A","536":"A","537":";","538":"A","539":"A","540":"A","541":"A","542":"\"","543":",","544":"\"","545":"f","546":"i","547":"l","548":"e","549":"\"","550":":","551":"\"","552":"C","553":":","554":"\\","555":"\\","556":"U","557":"s","558":"e","559":"r","560":"s","561":"\\","562":"\\","563":"t","564":"a","565":"r","566":"u","567":"n","568":"\\","569":"\\","570":"g","571":"i","572":"t","573":"\\","574":"\\","575":"j","576":"o","577":"b","578":"-","579":"s","580":"e","581":"a","582":"r","583":"c","584":"h","585":"\\","586":"\\","587":"s","588":"r","589":"c","590":"\\","591":"\\","592":"c","593":"o","594":"m","595":"p","596":"o","597":"n","598":"e","599":"n","600":"t","601":"s","602":"\\","603":"\\","604":"s","605":"h","606":"a","607":"r","608":"e","609":"d","610":"\\","611":"\\","612":"A","613":"c","614":"t","615":"i","616":"o","617":"n","618":"B","619":"u","620":"t","621":"t","622":"o","623":"n","624":".","625":"v","626":"u","627":"e","628":"\"","629":",","630":"\"","631":"s","632":"o","633":"u","634":"r","635":"c","636":"e","637":"s","638":"C","639":"o","640":"n","641":"t","642":"e","643":"n","644":"t","645":"\"","646":":","647":"[","648":"\"","649":"<","650":"t","651":"e","652":"m","653":"p","654":"l","655":"a","656":"t","657":"e","658":">","659":"\\","660":"r","661":"\\","662":"n","663":" ","664":" ","665":"<","666":"b","667":"u","668":"t","669":"t","670":"o","671":"n","672":" ","673":":","674":"c","675":"l","676":"a","677":"s","678":"s","679":"=","680":"\\","681":"\"","682":"b","683":"u","684":"t","685":"t","686":"o","687":"n","688":"C","689":"l","690":"a","691":"s","692":"s","693":"\\","694":"\"","695":">","696":"\\","697":"r","698":"\\","699":"n","700":" ","701":" ","702":" ","703":" ","704":"{","705":"{","706":" ","707":"t","708":"e","709":"x","710":"t","711":" ","712":"}","713":"}","714":"\\","715":"r","716":"\\","717":"n","718":" ","719":" ","720":"<","721":"/","722":"b","723":"u","724":"t","725":"t","726":"o","727":"n","728":">","729":"\\","730":"r","731":"\\","732":"n","733":"<","734":"/","735":"t","736":"e","737":"m","738":"p","739":"l","740":"a","741":"t","742":"e","743":">","744":"\\","745":"r","746":"\\","747":"n","748":"\\","749":"r","750":"\\","751":"n","752":"<","753":"s","754":"c","755":"r","756":"i","757":"p","758":"t","759":">","760":"\\","761":"r","762":"\\","763":"n","764":"e","765":"x","766":"p","767":"o","768":"r","769":"t","770":" ","771":"d","772":"e","773":"f","774":"a","775":"u","776":"l","777":"t","778":" ","779":"{","780":"\\","781":"r","782":"\\","783":"n","784":" ","785":" ","786":"n","787":"a","788":"m","789":"e","790":":","791":" ","792":"\\","793":"\"","794":"A","795":"c","796":"t","797":"i","798":"o","799":"n","800":"B","801":"U","802":"t","803":"t","804":"o","805":"n","806":"\\","807":"\"","808":",","809":"\\","810":"r","811":"\\","812":"n","813":"\\","814":"r","815":"\\","816":"n","817":" ","818":" ","819":"/","820":"/","821":"p","822":"r","823":"o","824":"p","825":"s","826":":","827":" ","828":"[","829":"\\","830":"\"","831":"t","832":"e","833":"x","834":"t","835":"\\","836":"\"","837":",","838":" ","839":"\\","840":"\"","841":"t","842":"y","843":"p","844":"e","845":"\\","846":"\"","847":"]","848":",","849":"\\","850":"r","851":"\\","852":"n","853":"\\","854":"r","855":"\\","856":"n","857":" ","858":" ","859":"p","860":"r","861":"o","862":"p","863":"s","864":":","865":" ","866":"{","867":"\\","868":"r","869":"\\","870":"n","871":" ","872":" ","873":" ","874":" ","875":"t","876":"e","877":"x","878":"t","879":":","880":" ","881":"{","882":"\\","883":"r","884":"\\","885":"n","886":" ","887":" ","888":" ","889":" ","890":" ","891":" ","892":"t","893":"y","894":"p","895":"e","896":":","897":" ","898":"S","899":"t","900":"r","901":"i","902":"n","903":"g","904":",","905":"\\","906":"r","907":"\\","908":"n","909":" ","910":" ","911":" ","912":" ","913":" ","914":" ","915":"r","916":"e","917":"q","918":"u","919":"i","920":"r","921":"e","922":"d","923":":","924":" ","925":"t","926":"r","927":"u","928":"e","929":",","930":"\\","931":"r","932":"\\","933":"n","934":" ","935":" ","936":" ","937":" ","938":"}","939":",","940":"\\","941":"r","942":"\\","943":"n","944":" ","945":" ","946":" ","947":" ","948":"t","949":"y","950":"p","951":"e","952":":","953":" ","954":"{","955":"\\","956":"r","957":"\\","958":"n","959":" ","960":" ","961":" ","962":" ","963":" ","964":" ","965":"t","966":"y","967":"p","968":"e","969":":","970":" ","971":"S","972":"t","973":"r","974":"i","975":"n","976":"g","977":",","978":"\\","979":"r","980":"\\","981":"n","982":" ","983":" ","984":" ","985":" ","986":" ","987":" ","988":"r","989":"e","990":"q","991":"u","992":"i","993":"r","994":"e","995":"d","996":":","997":" ","998":"f","999":"a","1000":"l","1001":"s","1002":"e","1003":",","1004":"\\","1005":"r","1006":"\\","1007":"n","1008":" ","1009":" ","1010":" ","1011":" ","1012":" ","1013":" ","1014":"d","1015":"e","1016":"f","1017":"a","1018":"u","1019":"l","1020":"t","1021":":","1022":" ","1023":"\\","1024":"\"","1025":"p","1026":"r","1027":"i","1028":"m","1029":"a","1030":"r","1031":"y","1032":"\\","1033":"\"","1034":",","1035":"\\","1036":"r","1037":"\\","1038":"n","1039":" ","1040":" ","1041":" ","1042":" ","1043":" ","1044":" ","1045":"v","1046":"a","1047":"l","1048":"i","1049":"d","1050":"a","1051":"t","1052":"o","1053":"r","1054":"(","1055":"v","1056":"a","1057":"l","1058":"u","1059":"e","1060":")","1061":" ","1062":"{","1063":"\\","1064":"r","1065":"\\","1066":"n","1067":" ","1068":" ","1069":" ","1070":" ","1071":" ","1072":" ","1073":" ","1074":" ","1075":"r","1076":"e","1077":"t","1078":"u","1079":"r","1080":"n","1081":" ","1082":"[","1083":"\\","1084":"\"","1085":"p","1086":"r","1087":"i","1088":"m","1089":"a","1090":"r","1091":"y","1092":"\\","1093":"\"","1094":",","1095":" ","1096":"\\","1097":"\"","1098":"s","1099":"e","1100":"c","1101":"o","1102":"n","1103":"d","1104":"a","1105":"r","1106":"y","1107":"\\","1108":"\"","1109":"]","1110":".","1111":"i","1112":"n","1113":"c","1114":"l","1115":"u","1116":"d","1117":"e","1118":"s","1119":"(","1120":"v","1121":"a","1122":"l","1123":"u","1124":"e","1125":")","1126":";","1127":"\\","1128":"r","1129":"\\","1130":"n","1131":" ","1132":" ","1133":" ","1134":" ","1135":" ","1136":" ","1137":"}","1138":",","1139":"\\","1140":"r","1141":"\\","1142":"n","1143":" ","1144":" ","1145":" ","1146":" ","1147":"}","1148":",","1149":"\\","1150":"r","1151":"\\","1152":"n","1153":" ","1154":" ","1155":"}","1156":",","1157":"\\","1158":"r","1159":"\\","1160":"n","1161":"\\","1162":"r","1163":"\\","1164":"n","1165":" ","1166":" ","1167":"c","1168":"o","1169":"m","1170":"p","1171":"u","1172":"t","1173":"e","1174":"d","1175":":","1176":" ","1177":"{","1178":"\\","1179":"r","1180":"\\","1181":"n","1182":" ","1183":" ","1184":" ","1185":" ","1186":"b","1187":"u","1188":"t","1189":"t","1190":"o","1191":"n","1192":"C","1193":"l","1194":"a","1195":"s","1196":"s","1197":"(","1198":")","1199":" ","1200":"{","1201":"\\","1202":"r","1203":"\\","1204":"n","1205":" ","1206":" ","1207":" ","1208":" ","1209":" ","1210":" ","1211":"r","1212":"e","1213":"t","1214":"u","1215":"r","1216":"n","1217":" ","1218":"{","1219":"\\","1220":"r","1221":"\\","1222":"n","1223":" ","1224":" ","1225":" ","1226":" ","1227":" ","1228":" ","1229":" ","1230":" ","1231":"[","1232":"t","1233":"h","1234":"i","1235":"s","1236":".","1237":"t","1238":"y","1239":"p","1240":"e","1241":"]","1242":":","1243":" ","1244":"t","1245":"r","1246":"u","1247":"e","1248":",","1249":"\\","1250":"r","1251":"\\","1252":"n","1253":" ","1254":" ","1255":" ","1256":" ","1257":" ","1258":" ","1259":" ","1260":" ","1261":"/","1262":"/","1263":" ","1264":"p","1265":"r","1266":"i","1267":"m","1268":"a","1269":"r","1270":"y","1271":":","1272":" ","1273":"t","1274":"h","1275":"i","1276":"s","1277":".","1278":"t","1279":"y","1280":"p","1281":"e","1282":" ","1283":"=","1284":"=","1285":"=","1286":" ","1287":"\\","1288":"\"","1289":"p","1290":"r","1291":"i","1292":"m","1293":"a","1294":"r","1295":"y","1296":"\\","1297":"\"","1298":",","1299":"\\","1300":"r","1301":"\\","1302":"n","1303":" ","1304":" ","1305":" ","1306":" ","1307":" ","1308":" ","1309":" ","1310":" ","1311":"/","1312":"/","1313":" ","1314":"s","1315":"e","1316":"c","1317":"o","1318":"n","1319":"d","1320":"a","1321":"r","1322":"y","1323":":","1324":" ","1325":"t","1326":"h","1327":"i","1328":"s","1329":".","1330":"t","1331":"y","1332":"p","1333":"e","1334":" ","1335":"=","1336":"=","1337":"=","1338":" ","1339":"\\","1340":"\"","1341":"s","1342":"e","1343":"c","1344":"o","1345":"n","1346":"d","1347":"a","1348":"r","1349":"y","1350":"\\","1351":"\"","1352":",","1353":"\\","1354":"r","1355":"\\","1356":"n","1357":" ","1358":" ","1359":" ","1360":" ","1361":" ","1362":" ","1363":"}","1364":";","1365":"\\","1366":"r","1367":"\\","1368":"n","1369":" ","1370":" ","1371":" ","1372":" ","1373":"}","1374":",","1375":"\\","1376":"r","1377":"\\","1378":"n","1379":" ","1380":" ","1381":"}","1382":",","1383":"\\","1384":"r","1385":"\\","1386":"n","1387":"}","1388":";","1389":"\\","1390":"r","1391":"\\","1392":"n","1393":"<","1394":"/","1395":"s","1396":"c","1397":"r","1398":"i","1399":"p","1400":"t","1401":">","1402":"\\","1403":"r","1404":"\\","1405":"n","1406":"\\","1407":"r","1408":"\\","1409":"n","1410":"<","1411":"s","1412":"t","1413":"y","1414":"l","1415":"e","1416":" ","1417":"s","1418":"c","1419":"o","1420":"p","1421":"e","1422":"d","1423":">","1424":"\\","1425":"r","1426":"\\","1427":"n","1428":"b","1429":"u","1430":"t","1431":"t","1432":"o","1433":"n","1434":" ","1435":"{","1436":"\\","1437":"r","1438":"\\","1439":"n","1440":" ","1441":" ","1442":"@","1443":"a","1444":"p","1445":"p","1446":"l","1447":"y","1448":" ","1449":"p","1450":"x","1451":"-","1452":"5","1453":" ","1454":"p","1455":"y","1456":"-","1457":"3","1458":" ","1459":"f","1460":"o","1461":"n","1462":"t","1463":"-","1464":"m","1465":"e","1466":"d","1467":"i","1468":"u","1469":"m","1470":" ","1471":" ","1472":"b","1473":"o","1474":"r","1475":"d","1476":"e","1477":"r","1478":"-","1479":"0","1480":";","1481":"\\","1482":"r","1483":"\\","1484":"n","1485":"}","1486":"\\","1487":"r","1488":"\\","1489":"n","1490":".","1491":"p","1492":"r","1493":"i","1494":"m","1495":"a","1496":"r","1497":"y","1498":" ","1499":"{","1500":"\\","1501":"r","1502":"\\","1503":"n","1504":" ","1505":" ","1506":"@","1507":"a","1508":"p","1509":"p","1510":"l","1511":"y","1512":" ","1513":"t","1514":"e","1515":"x","1516":"t","1517":"-","1518":"w","1519":"h","1520":"i","1521":"t","1522":"e","1523":" ","1524":"b","1525":"g","1526":"-","1527":"b","1528":"r","1529":"a","1530":"n","1531":"d","1532":"-","1533":"b","1534":"l","1535":"u","1536":"e","1537":"-","1538":"1","1539":" ","1540":"h","1541":"o","1542":"v","1543":"e","1544":"r","1545":":","1546":"s","1547":"h","1548":"a","1549":"d","1550":"o","1551":"w","1552":"-","1553":"b","1554":"l","1555":"u","1556":"e","1557":" ","1558":"r","1559":"o","1560":"u","1561":"n","1562":"d","1563":"e","1564":"d","1565":";","1566":"\\","1567":"r","1568":"\\","1569":"n","1570":"}","1571":"\\","1572":"r","1573":"\\","1574":"n","1575":".","1576":"s","1577":"e","1578":"c","1579":"o","1580":"n","1581":"d","1582":"a","1583":"r","1584":"y","1585":" ","1586":"{","1587":"\\","1588":"r","1589":"\\","1590":"n","1591":" ","1592":" ","1593":"@","1594":"a","1595":"p","1596":"p","1597":"l","1598":"y","1599":" ","1600":"b","1601":"g","1602":"-","1603":"t","1604":"r","1605":"a","1606":"n","1607":"s","1608":"p","1609":"a","1610":"r","1611":"e","1612":"n","1613":"t","1614":" ","1615":"t","1616":"e","1617":"x","1618":"t","1619":"-","1620":"b","1621":"r","1622":"a","1623":"n","1624":"d","1625":"-","1626":"b","1627":"l","1628":"u","1629":"e","1630":"-","1631":"1","1632":" ","1633":"h","1634":"o","1635":"v","1636":"e","1637":"r","1638":":","1639":"b","1640":"g","1641":"-","1642":"b","1643":"r","1644":"a","1645":"n","1646":"d","1647":"-","1648":"b","1649":"l","1650":"u","1651":"e","1652":"-","1653":"2","1654":" ","1655":"h","1656":"o","1657":"v","1658":"e","1659":"r","1660":":","1661":"t","1662":"e","1663":"x","1664":"t","1665":"-","1666":"w","1667":"h","1668":"i","1669":"t","1670":"e","1671":";","1672":"\\","1673":"r","1674":"\\","1675":"n","1676":"}","1677":"\\","1678":"r","1679":"\\","1680":"n","1681":"<","1682":"/","1683":"s","1684":"t","1685":"y","1686":"l","1687":"e","1688":">","1689":"\\","1690":"r","1691":"\\","1692":"n","1693":"\"","1694":"]","1695":"}"},"_coverageSchema":"1a1c01bbd47fc00a2c39e90264f33305004495a9","hash":"0799677755f5e38e0ecfebdd3336a484be113cba"}
,"C:\\Users\\tarun\\git\\job-search\\src\\utils\\nextElementInList.js": {"path":"C:\\Users\\tarun\\git\\job-search\\src\\utils\\nextElementInList.js","statementMap":{"0":{"start":{"line":1,"column":26},"end":{"line":6,"column":1}},"1":{"start":{"line":2,"column":29},"end":{"line":2,"column":48}},"2":{"start":{"line":3,"column":24},"end":{"line":3,"column":62}},"3":{"start":{"line":4,"column":20},"end":{"line":4,"column":39}},"4":{"start":{"line":5,"column":2},"end":{"line":5,"column":19}}},"fnMap":{"0":{"name":"(anonymous_0)","decl":{"start":{"line":1,"column":26},"end":{"line":1,"column":27}},"loc":{"start":{"line":1,"column":43},"end":{"line":6,"column":1}},"line":1}},"branchMap":{},"s":{"0":2,"1":5,"2":5,"3":5,"4":5},"f":{"0":5},"b":{},"_coverageSchema":"1a1c01bbd47fc00a2c39e90264f33305004495a9","hash":"88f5a66fc2cf88f288a6ecff63ded7ee349c5df2"}
}
