{"C:\\Users\\tarun\\git\\job-search\\src\\Playground.js": {"path":"C:\\Users\\tarun\\git\\job-search\\src\\Playground.js","statementMap":{"0":{"start":{"line":2,"column":23},"end":{"line":7,"column":1}},"1":{"start":{"line":3,"column":2},"end":{"line":5,"column":3}},"2":{"start":{"line":4,"column":4},"end":{"line":4,"column":18}},"3":{"start":{"line":6,"column":2},"end":{"line":6,"column":15}}},"fnMap":{"0":{"name":"(anonymous_0)","decl":{"start":{"line":2,"column":23},"end":{"line":2,"column":24}},"loc":{"start":{"line":2,"column":32},"end":{"line":7,"column":1}},"line":2}},"branchMap":{"0":{"loc":{"start":{"line":3,"column":2},"end":{"line":5,"column":3}},"type":"if","locations":[{"start":{"line":3,"column":2},"end":{"line":5,"column":3}},{"start":{},"end":{}}],"line":3}},"s":{"0":1,"1":2,"2":1,"3":1},"f":{"0":2},"b":{"0":[1,1]},"_coverageSchema":"1a1c01bbd47fc00a2c39e90264f33305004495a9","hash":"340e20c833f1e790114e2a40f5f628c6abac535f"}
,"C:\\Users\\tarun\\git\\job-search\\src\\components\\ActionButton.vue": {"path":"C:\\Users\\tarun\\git\\job-search\\src\\components\\ActionButton.vue","statementMap":{"0":{"start":{"line":4,"column":0},"end":{"line":6,"column":3}},"1":{"start":{"line":7,"column":0},"end":{"line":7,"column":25}},"2":{"start":{"line":8,"column":15},"end":{"line":35,"column":1}},"3":{"start":{"line":22,"column":8},"end":{"line":22,"column":56}},"4":{"start":{"line":28,"column":6},"end":{"line":32,"column":8}},"5":{"start":{"line":38,"column":0},"end":{"line":38,"column":13}},"6":{"start":{"line":40,"column":0},"end":{"line":42,"column":3}},"7":{"start":{"line":43,"column":0},"end":{"line":43,"column":24}},"8":{"start":{"line":44,"column":11},"end":{"line":44,"column":25}},"9":{"start":{"line":46,"column":2},"end":{"line":48,"column":64}},"10":{"start":{"line":49,"column":2},"end":{"line":49,"column":49}}},"fnMap":{"0":{"name":"(anonymous_0)","decl":{"start":{"line":21,"column":6},"end":{"line":21,"column":7}},"loc":{"start":{"line":21,"column":23},"end":{"line":23,"column":7}},"line":21},"1":{"name":"(anonymous_1)","decl":{"start":{"line":27,"column":4},"end":{"line":27,"column":5}},"loc":{"start":{"line":27,"column":18},"end":{"line":33,"column":5}},"line":27},"2":{"name":"render","decl":{"start":{"line":45,"column":9},"end":{"line":45,"column":15}},"loc":{"start":{"line":45,"column":30},"end":{"line":49,"column":1}},"line":45}},"branchMap":{},"s":{"0":2,"1":2,"2":2,"3":7,"4":2,"5":2,"6":2,"7":2,"8":2,"9":2,"10":2},"f":{"0":7,"1":2,"2":2},"b":{},"inputSourceMap":{"0":"{","1":"\"","2":"v","3":"e","4":"r","5":"s","6":"i","7":"o","8":"n","9":"\"","10":":","11":"3","12":",","13":"\"","14":"s","15":"o","16":"u","17":"r","18":"c","19":"e","20":"s","21":"\"","22":":","23":"[","24":"\"","25":"C","26":":","27":"\\","28":"\\","29":"U","30":"s","31":"e","32":"r","33":"s","34":"\\","35":"\\","36":"t","37":"a","38":"r","39":"u","40":"n","41":"\\","42":"\\","43":"g","44":"i","45":"t","46":"\\","47":"\\","48":"j","49":"o","50":"b","51":"-","52":"s","53":"e","54":"a","55":"r","56":"c","57":"h","58":"\\","59":"\\","60":"s","61":"r","62":"c","63":"\\","64":"\\","65":"c","66":"o","67":"m","68":"p","69":"o","70":"n","71":"e","72":"n","73":"t","74":"s","75":"\\","76":"\\","77":"A","78":"c","79":"t","80":"i","81":"o","82":"n","83":"B","84":"u","85":"t","86":"t","87":"o","88":"n","89":".","90":"v","91":"u","92":"e","93":"\"","94":"]","95":",","96":"\"","97":"n","98":"a","99":"m","100":"e","101":"s","102":"\"","103":":","104":"[","105":"]","106":",","107":"\"","108":"m","109":"a","110":"p","111":"p","112":"i","113":"n","114":"g","115":"s","116":"\"","117":":","118":"\"","119":";","120":";","121":";","122":";","123":";","124":";","125":";","126":"e","127":"A","128":"O","129":"e","130":";","131":"E","132":"A","133":"C","134":"b","135":",","136":"I","137":"A","138":"A","139":"I","140":",","141":"E","142":"A","143":"A","144":"E","145":",","146":"c","147":"A","148":"A","149":"c","150":";","151":"E","152":"A","153":"E","154":"p","155":"B","156":";","157":";","158":"E","159":"A","160":"E","161":"A","162":",","163":"K","164":"A","165":"A","166":"K","167":",","168":"E","169":"A","170":"A","171":"E","172":";","173":"I","174":"A","175":"C","176":"L","177":",","178":"I","179":"A","180":"A","181":"I","182":",","183":"E","184":"A","185":"A","186":"E","187":";","188":"M","189":"A","190":"C","191":"J","192":",","193":"I","194":"A","195":"A","196":"I","197":",","198":"E","199":"A","200":"A","201":"E","202":",","203":"M","204":"A","205":"A","206":"M","207":";","208":"M","209":"A","210":"C","211":"Z","212":",","213":"Q","214":"A","215":"A","216":"Q","217":",","218":"E","219":"A","220":"A","221":"E","222":";","223":"I","224":"A","225":"C","226":"Z","227":",","228":"C","229":"A","230":"A","231":"C","232":";","233":"I","234":"A","235":"C","236":"D","237":",","238":"I","239":"A","240":"A","241":"I","242":",","243":"E","244":"A","245":"A","246":"E","247":";","248":"M","249":"A","250":"C","251":"J","252":",","253":"I","254":"A","255":"A","256":"I","257":",","258":"E","259":"A","260":"A","261":"E","262":",","263":"M","264":"A","265":"A","266":"M","267":";","268":"M","269":"A","270":"C","271":"Z","272":",","273":"Q","274":"A","275":"A","276":"Q","277":",","278":"E","279":"A","280":"A","281":"E","282":",","283":"K","284":"A","285":"A","286":"K","287":";","288":"M","289":"A","290":"C","291":"f","292":",","293":"O","294":"A","295":"A","296":"O","297":",","298":"E","299":"A","300":"A","301":"E","302":",","303":"S","304":"A","305":"A","306":"S","307":";","308":"M","309":"A","310":"C","311":"l","312":"B","313":",","314":"S","315":"A","316":"A","317":"S","318":",","319":"C","320":"A","321":"A","322":"C","323":",","324":"K","325":"A","326":"A","327":"K","328":",","329":"E","330":"A","331":"A","332":"E","333":";","334":"Q","335":"A","336":"C","337":"f","338":",","339":"O","340":"A","341":"A","342":"O","343":",","344":"C","345":"A","346":"A","347":"C","348":",","349":"S","350":"A","351":"A","352":"S","353":",","354":"E","355":"A","356":"A","357":"E","358":",","359":"W","360":"A","361":"A","362":"W","363":",","364":"C","365":"A","366":"A","367":"C","368":",","369":"C","370":"A","371":"A","372":"C","373":",","374":"Q","375":"A","376":"A","377":"Q","378":",","379":"C","380":"A","381":"A","382":"C","383":",","384":"K","385":"A","386":"A","387":"K","388":",","389":"C","390":"A","391":"A","392":"C","393":";","394":"M","395":"A","396":"C","397":"j","398":"D","399":";","400":"I","401":"A","402":"C","403":"F","404":";","405":"E","406":"A","407":"C","408":"F","409":",","410":"C","411":"A","412":"A","413":"C","414":";","415":"E","416":"A","417":"E","418":"D","419":",","420":"Q","421":"A","422":"A","423":"Q","424":",","425":"E","426":"A","427":"A","428":"E","429":";","430":"I","431":"A","432":"C","433":"R","434":",","435":"W","436":"A","437":"A","438":"W","439":",","440":"G","441":"A","442":"A","443":"G","444":";","445":"M","446":"A","447":"C","448":"Z","449":",","450":"O","451":"A","452":"A","453":"O","454":";","455":"Q","456":"A","457":"C","458":"L","459":",","460":"C","461":"A","462":"A","463":"C","464":",","465":"I","466":"A","467":"A","468":"I","469":",","470":"C","471":"A","472":"A","473":"C","474":",","475":"I","476":"A","477":"A","478":"I","479":",","480":"G","481":"A","482":"A","483":"G","484":";","485":"Q","486":"A","487":"C","488":"b","489":";","490":"Q","491":"A","492":"C","493":"A","494":";","495":"M","496":"A","497":"C","498":"F","499":",","500":"C","501":"A","502":"A","503":"C","504":";","505":"I","506":"A","507":"C","508":"H","509":";","510":"E","511":"A","512":"C","513":"F","514":";","515":"A","516":"A","517":"C","518":"F","519":",","520":"C","521":"A","522":"A","523":"C","524":";","525":"A","526":"A","527":"A","528":"A","529":";","530":"A","531":"A","532":"A","533":"A","534":"\"","535":",","536":"\"","537":"f","538":"i","539":"l","540":"e","541":"\"","542":":","543":"\"","544":"C","545":":","546":"\\","547":"\\","548":"U","549":"s","550":"e","551":"r","552":"s","553":"\\","554":"\\","555":"t","556":"a","557":"r","558":"u","559":"n","560":"\\","561":"\\","562":"g","563":"i","564":"t","565":"\\","566":"\\","567":"j","568":"o","569":"b","570":"-","571":"s","572":"e","573":"a","574":"r","575":"c","576":"h","577":"\\","578":"\\","579":"s","580":"r","581":"c","582":"\\","583":"\\","584":"c","585":"o","586":"m","587":"p","588":"o","589":"n","590":"e","591":"n","592":"t","593":"s","594":"\\","595":"\\","596":"A","597":"c","598":"t","599":"i","600":"o","601":"n","602":"B","603":"u","604":"t","605":"t","606":"o","607":"n","608":".","609":"v","610":"u","611":"e","612":"\"","613":",","614":"\"","615":"s","616":"o","617":"u","618":"r","619":"c","620":"e","621":"s","622":"C","623":"o","624":"n","625":"t","626":"e","627":"n","628":"t","629":"\"","630":":","631":"[","632":"\"","633":"<","634":"t","635":"e","636":"m","637":"p","638":"l","639":"a","640":"t","641":"e","642":">","643":"\\","644":"r","645":"\\","646":"n","647":" ","648":" ","649":"<","650":"b","651":"u","652":"t","653":"t","654":"o","655":"n","656":" ","657":":","658":"c","659":"l","660":"a","661":"s","662":"s","663":"=","664":"\\","665":"\"","666":"b","667":"u","668":"t","669":"t","670":"o","671":"n","672":"C","673":"l","674":"a","675":"s","676":"s","677":"\\","678":"\"","679":">","680":"\\","681":"r","682":"\\","683":"n","684":" ","685":" ","686":" ","687":" ","688":"{","689":"{","690":" ","691":"t","692":"e","693":"x","694":"t","695":" ","696":"}","697":"}","698":"\\","699":"r","700":"\\","701":"n","702":" ","703":" ","704":"<","705":"/","706":"b","707":"u","708":"t","709":"t","710":"o","711":"n","712":">","713":"\\","714":"r","715":"\\","716":"n","717":"<","718":"/","719":"t","720":"e","721":"m","722":"p","723":"l","724":"a","725":"t","726":"e","727":">","728":"\\","729":"r","730":"\\","731":"n","732":"\\","733":"r","734":"\\","735":"n","736":"<","737":"s","738":"c","739":"r","740":"i","741":"p","742":"t","743":">","744":"\\","745":"r","746":"\\","747":"n","748":"e","749":"x","750":"p","751":"o","752":"r","753":"t","754":" ","755":"d","756":"e","757":"f","758":"a","759":"u","760":"l","761":"t","762":" ","763":"{","764":"\\","765":"r","766":"\\","767":"n","768":" ","769":" ","770":"n","771":"a","772":"m","773":"e","774":":","775":" ","776":"\\","777":"\"","778":"A","779":"c","780":"t","781":"i","782":"o","783":"n","784":"B","785":"U","786":"t","787":"t","788":"o","789":"n","790":"\\","791":"\"","792":",","793":"\\","794":"r","795":"\\","796":"n","797":"\\","798":"r","799":"\\","800":"n","801":" ","802":" ","803":"/","804":"/","805":"p","806":"r","807":"o","808":"p","809":"s","810":":","811":" ","812":"[","813":"\\","814":"\"","815":"t","816":"e","817":"x","818":"t","819":"\\","820":"\"","821":",","822":" ","823":"\\","824":"\"","825":"t","826":"y","827":"p","828":"e","829":"\\","830":"\"","831":"]","832":",","833":"\\","834":"r","835":"\\","836":"n","837":"\\","838":"r","839":"\\","840":"n","841":" ","842":" ","843":"p","844":"r","845":"o","846":"p","847":"s","848":":","849":" ","850":"{","851":"\\","852":"r","853":"\\","854":"n","855":" ","856":" ","857":" ","858":" ","859":"t","860":"e","861":"x","862":"t","863":":","864":" ","865":"{","866":"\\","867":"r","868":"\\","869":"n","870":" ","871":" ","872":" ","873":" ","874":" ","875":" ","876":"t","877":"y","878":"p","879":"e","880":":","881":" ","882":"S","883":"t","884":"r","885":"i","886":"n","887":"g","888":",","889":"\\","890":"r","891":"\\","892":"n","893":" ","894":" ","895":" ","896":" ","897":" ","898":" ","899":"r","900":"e","901":"q","902":"u","903":"i","904":"r","905":"e","906":"d","907":":","908":" ","909":"t","910":"r","911":"u","912":"e","913":",","914":"\\","915":"r","916":"\\","917":"n","918":" ","919":" ","920":" ","921":" ","922":"}","923":",","924":"\\","925":"r","926":"\\","927":"n","928":" ","929":" ","930":" ","931":" ","932":"t","933":"y","934":"p","935":"e","936":":","937":" ","938":"{","939":"\\","940":"r","941":"\\","942":"n","943":" ","944":" ","945":" ","946":" ","947":" ","948":" ","949":"t","950":"y","951":"p","952":"e","953":":","954":" ","955":"S","956":"t","957":"r","958":"i","959":"n","960":"g","961":",","962":"\\","963":"r","964":"\\","965":"n","966":" ","967":" ","968":" ","969":" ","970":" ","971":" ","972":"r","973":"e","974":"q","975":"u","976":"i","977":"r","978":"e","979":"d","980":":","981":" ","982":"f","983":"a","984":"l","985":"s","986":"e","987":",","988":"\\","989":"r","990":"\\","991":"n","992":" ","993":" ","994":" ","995":" ","996":" ","997":" ","998":"d","999":"e","1000":"f","1001":"a","1002":"u","1003":"l","1004":"t","1005":":","1006":" ","1007":"\\","1008":"\"","1009":"p","1010":"r","1011":"i","1012":"m","1013":"a","1014":"r","1015":"y","1016":"\\","1017":"\"","1018":",","1019":"\\","1020":"r","1021":"\\","1022":"n","1023":" ","1024":" ","1025":" ","1026":" ","1027":" ","1028":" ","1029":"v","1030":"a","1031":"l","1032":"i","1033":"d","1034":"a","1035":"t","1036":"o","1037":"r","1038":"(","1039":"v","1040":"a","1041":"l","1042":"u","1043":"e","1044":")","1045":" ","1046":"{","1047":"\\","1048":"r","1049":"\\","1050":"n","1051":" ","1052":" ","1053":" ","1054":" ","1055":" ","1056":" ","1057":" ","1058":" ","1059":"r","1060":"e","1061":"t","1062":"u","1063":"r","1064":"n","1065":" ","1066":"[","1067":"\\","1068":"\"","1069":"p","1070":"r","1071":"i","1072":"m","1073":"a","1074":"r","1075":"y","1076":"\\","1077":"\"","1078":",","1079":" ","1080":"\\","1081":"\"","1082":"s","1083":"e","1084":"c","1085":"o","1086":"n","1087":"d","1088":"a","1089":"r","1090":"y","1091":"\\","1092":"\"","1093":"]","1094":".","1095":"i","1096":"n","1097":"c","1098":"l","1099":"u","1100":"d","1101":"e","1102":"s","1103":"(","1104":"v","1105":"a","1106":"l","1107":"u","1108":"e","1109":")","1110":";","1111":"\\","1112":"r","1113":"\\","1114":"n","1115":" ","1116":" ","1117":" ","1118":" ","1119":" ","1120":" ","1121":"}","1122":",","1123":"\\","1124":"r","1125":"\\","1126":"n","1127":" ","1128":" ","1129":" ","1130":" ","1131":"}","1132":",","1133":"\\","1134":"r","1135":"\\","1136":"n","1137":" ","1138":" ","1139":"}","1140":",","1141":"\\","1142":"r","1143":"\\","1144":"n","1145":"\\","1146":"r","1147":"\\","1148":"n","1149":" ","1150":" ","1151":"c","1152":"o","1153":"m","1154":"p","1155":"u","1156":"t","1157":"e","1158":"d","1159":":","1160":" ","1161":"{","1162":"\\","1163":"r","1164":"\\","1165":"n","1166":" ","1167":" ","1168":" ","1169":" ","1170":"b","1171":"u","1172":"t","1173":"t","1174":"o","1175":"n","1176":"C","1177":"l","1178":"a","1179":"s","1180":"s","1181":"(","1182":")","1183":" ","1184":"{","1185":"\\","1186":"r","1187":"\\","1188":"n","1189":" ","1190":" ","1191":" ","1192":" ","1193":" ","1194":" ","1195":"r","1196":"e","1197":"t","1198":"u","1199":"r","1200":"n","1201":" ","1202":"{","1203":"\\","1204":"r","1205":"\\","1206":"n","1207":" ","1208":" ","1209":" ","1210":" ","1211":" ","1212":" ","1213":" ","1214":" ","1215":"[","1216":"t","1217":"h","1218":"i","1219":"s","1220":".","1221":"t","1222":"y","1223":"p","1224":"e","1225":"]","1226":":","1227":" ","1228":"t","1229":"r","1230":"u","1231":"e","1232":",","1233":"\\","1234":"r","1235":"\\","1236":"n","1237":" ","1238":" ","1239":" ","1240":" ","1241":" ","1242":" ","1243":" ","1244":" ","1245":"/","1246":"/","1247":" ","1248":"p","1249":"r","1250":"i","1251":"m","1252":"a","1253":"r","1254":"y","1255":":","1256":" ","1257":"t","1258":"h","1259":"i","1260":"s","1261":".","1262":"t","1263":"y","1264":"p","1265":"e","1266":" ","1267":"=","1268":"=","1269":"=","1270":" ","1271":"\\","1272":"\"","1273":"p","1274":"r","1275":"i","1276":"m","1277":"a","1278":"r","1279":"y","1280":"\\","1281":"\"","1282":",","1283":"\\","1284":"r","1285":"\\","1286":"n","1287":" ","1288":" ","1289":" ","1290":" ","1291":" ","1292":" ","1293":" ","1294":" ","1295":"/","1296":"/","1297":" ","1298":"s","1299":"e","1300":"c","1301":"o","1302":"n","1303":"d","1304":"a","1305":"r","1306":"y","1307":":","1308":" ","1309":"t","1310":"h","1311":"i","1312":"s","1313":".","1314":"t","1315":"y","1316":"p","1317":"e","1318":" ","1319":"=","1320":"=","1321":"=","1322":" ","1323":"\\","1324":"\"","1325":"s","1326":"e","1327":"c","1328":"o","1329":"n","1330":"d","1331":"a","1332":"r","1333":"y","1334":"\\","1335":"\"","1336":",","1337":"\\","1338":"r","1339":"\\","1340":"n","1341":" ","1342":" ","1343":" ","1344":" ","1345":" ","1346":" ","1347":"}","1348":";","1349":"\\","1350":"r","1351":"\\","1352":"n","1353":" ","1354":" ","1355":" ","1356":" ","1357":"}","1358":",","1359":"\\","1360":"r","1361":"\\","1362":"n","1363":" ","1364":" ","1365":"}","1366":",","1367":"\\","1368":"r","1369":"\\","1370":"n","1371":"}","1372":";","1373":"\\","1374":"r","1375":"\\","1376":"n","1377":"<","1378":"/","1379":"s","1380":"c","1381":"r","1382":"i","1383":"p","1384":"t","1385":">","1386":"\\","1387":"r","1388":"\\","1389":"n","1390":"\\","1391":"r","1392":"\\","1393":"n","1394":"<","1395":"s","1396":"t","1397":"y","1398":"l","1399":"e","1400":" ","1401":"s","1402":"c","1403":"o","1404":"p","1405":"e","1406":"d","1407":">","1408":"\\","1409":"r","1410":"\\","1411":"n","1412":"b","1413":"u","1414":"t","1415":"t","1416":"o","1417":"n","1418":" ","1419":"{","1420":"\\","1421":"r","1422":"\\","1423":"n","1424":" ","1425":" ","1426":"@","1427":"a","1428":"p","1429":"p","1430":"l","1431":"y","1432":" ","1433":"p","1434":"x","1435":"-","1436":"5","1437":" ","1438":"p","1439":"y","1440":"-","1441":"3","1442":" ","1443":"f","1444":"o","1445":"n","1446":"t","1447":"-","1448":"m","1449":"e","1450":"d","1451":"i","1452":"u","1453":"m","1454":" ","1455":" ","1456":"b","1457":"o","1458":"r","1459":"d","1460":"e","1461":"r","1462":"-","1463":"0","1464":" ","1465":"r","1466":"o","1467":"u","1468":"n","1469":"d","1470":"e","1471":"d","1472":";","1473":"\\","1474":"r","1475":"\\","1476":"n","1477":"}","1478":"\\","1479":"r","1480":"\\","1481":"n","1482":".","1483":"p","1484":"r","1485":"i","1486":"m","1487":"a","1488":"r","1489":"y","1490":" ","1491":"{","1492":"\\","1493":"r","1494":"\\","1495":"n","1496":" ","1497":" ","1498":"@","1499":"a","1500":"p","1501":"p","1502":"l","1503":"y","1504":" ","1505":"t","1506":"e","1507":"x","1508":"t","1509":"-","1510":"w","1511":"h","1512":"i","1513":"t","1514":"e","1515":" ","1516":"b","1517":"g","1518":"-","1519":"b","1520":"r","1521":"a","1522":"n","1523":"d","1524":"-","1525":"b","1526":"l","1527":"u","1528":"e","1529":"-","1530":"1","1531":" ","1532":"h","1533":"o","1534":"v","1535":"e","1536":"r","1537":":","1538":"s","1539":"h","1540":"a","1541":"d","1542":"o","1543":"w","1544":"-","1545":"b","1546":"l","1547":"u","1548":"e","1549":";","1550":"\\","1551":"r","1552":"\\","1553":"n","1554":"}","1555":"\\","1556":"r","1557":"\\","1558":"n","1559":".","1560":"s","1561":"e","1562":"c","1563":"o","1564":"n","1565":"d","1566":"a","1567":"r","1568":"y","1569":" ","1570":"{","1571":"\\","1572":"r","1573":"\\","1574":"n","1575":" ","1576":" ","1577":"@","1578":"a","1579":"p","1580":"p","1581":"l","1582":"y","1583":" ","1584":"b","1585":"g","1586":"-","1587":"t","1588":"r","1589":"a","1590":"n","1591":"s","1592":"p","1593":"a","1594":"r","1595":"e","1596":"n","1597":"t","1598":" ","1599":"t","1600":"e","1601":"x","1602":"t","1603":"-","1604":"b","1605":"r","1606":"a","1607":"n","1608":"d","1609":"-","1610":"b","1611":"l","1612":"u","1613":"e","1614":"-","1615":"1","1616":" ","1617":"h","1618":"o","1619":"v","1620":"e","1621":"r","1622":":","1623":"b","1624":"g","1625":"-","1626":"b","1627":"r","1628":"a","1629":"n","1630":"d","1631":"-","1632":"b","1633":"l","1634":"u","1635":"e","1636":"-","1637":"2","1638":" ","1639":"h","1640":"o","1641":"v","1642":"e","1643":"r","1644":":","1645":"t","1646":"e","1647":"x","1648":"t","1649":"-","1650":"w","1651":"h","1652":"i","1653":"t","1654":"e","1655":";","1656":"\\","1657":"r","1658":"\\","1659":"n","1660":"}","1661":"\\","1662":"r","1663":"\\","1664":"n","1665":"<","1666":"/","1667":"s","1668":"t","1669":"y","1670":"l","1671":"e","1672":">","1673":"\\","1674":"r","1675":"\\","1676":"n","1677":"\"","1678":"]","1679":"}"},"_coverageSchema":"1a1c01bbd47fc00a2c39e90264f33305004495a9","hash":"9362e14cba9935c31ff7307acdec06e9fce59d1b"}
,"C:\\Users\\tarun\\git\\job-search\\src\\components\\Headline.vue": {"path":"C:\\Users\\tarun\\git\\job-search\\src\\components\\Headline.vue","statementMap":{"0":{"start":{"line":4,"column":29},"end":{"line":4,"column":138}},"1":{"start":{"line":5,"column":0},"end":{"line":7,"column":3}},"2":{"start":{"line":8,"column":0},"end":{"line":8,"column":25}},"3":{"start":{"line":55,"column":0},"end":{"line":55,"column":13}},"4":{"start":{"line":57,"column":0},"end":{"line":59,"column":3}},"5":{"start":{"line":60,"column":0},"end":{"line":60,"column":24}},"6":{"start":{"line":61,"column":11},"end":{"line":61,"column":25}},"7":{"start":{"line":62,"column":19},"end":{"line":65,"column":1}},"8":{"start":{"line":66,"column":32},"end":{"line":66,"column":96}},"9":{"start":{"line":67,"column":32},"end":{"line":69,"column":55}},"10":{"start":{"line":72,"column":2},"end":{"line":74,"column":167}},"11":{"start":{"line":75,"column":2},"end":{"line":75,"column":49}}},"fnMap":{"0":{"name":"render","decl":{"start":{"line":71,"column":9},"end":{"line":71,"column":15}},"loc":{"start":{"line":71,"column":30},"end":{"line":75,"column":1}},"line":71}},"branchMap":{},"s":{"0":1,"1":1,"2":1,"3":1,"4":1,"5":1,"6":1,"7":1,"8":1,"9":1,"10":7,"11":1},"f":{"0":7},"b":{},"inputSourceMap":{"0":"{","1":"\"","2":"v","3":"e","4":"r","5":"s","6":"i","7":"o","8":"n","9":"\"","10":":","11":"3","12":",","13":"\"","14":"s","15":"o","16":"u","17":"r","18":"c","19":"e","20":"s","21":"\"","22":":","23":"[","24":"\"","25":"C","26":":","27":"\\","28":"\\","29":"U","30":"s","31":"e","32":"r","33":"s","34":"\\","35":"\\","36":"t","37":"a","38":"r","39":"u","40":"n","41":"\\","42":"\\","43":"g","44":"i","45":"t","46":"\\","47":"\\","48":"j","49":"o","50":"b","51":"-","52":"s","53":"e","54":"a","55":"r","56":"c","57":"h","58":"\\","59":"\\","60":"s","61":"r","62":"c","63":"\\","64":"\\","65":"c","66":"o","67":"m","68":"p","69":"o","70":"n","71":"e","72":"n","73":"t","74":"s","75":"\\","76":"\\","77":"H","78":"e","79":"a","80":"d","81":"l","82":"i","83":"n","84":"e","85":".","86":"v","87":"u","88":"e","89":"\"","90":"]","91":",","92":"\"","93":"n","94":"a","95":"m","96":"e","97":"s","98":"\"","99":":","100":"[","101":"]","102":",","103":"\"","104":"m","105":"a","106":"p","107":"p","108":"i","109":"n","110":"g","111":"s","112":"\"","113":":","114":"\"","115":";","116":";","117":";","118":";","119":";","120":";","121":";","122":";","123":"A","124":"A","125":"a","126":"A","127":";","128":"A","129":"A","130":"A","131":"A","132":";","133":"A","134":"A","135":"A","136":"A","137":";","138":"A","139":"A","140":"A","141":"6","142":"D","143":";","144":"A","145":"A","146":"A","147":"A","148":",","149":"e","150":"A","151":"C","152":"9","153":"C","154":";","155":"E","156":"A","157":"C","158":"b","159":",","160":"I","161":"A","162":"A","163":"I","164":",","165":"E","166":"A","167":"A","168":"E","169":",","170":"U","171":"A","172":"A","173":"U","174":";","175":"E","176":"A","177":"C","178":"h","179":"B","180":",","181":"I","182":"A","183":"A","184":"I","185":",","186":"G","187":"A","188":"A","189":"G","190":";","191":"I","192":"A","193":"C","194":"L","195":",","196":"O","197":"A","198":"A","199":"O","200":";","201":"M","202":"A","203":"C","204":"L","205":",","206":"M","207":"A","208":"A","209":"M","210":",","211":"E","212":"A","213":"A","214":"E","215":",","216":"O","217":"A","218":"A","219":"O","220":";","221":"M","222":"A","223":"C","224":"f","225":",","226":"Q","227":"A","228":"A","229":"Q","230":",","231":"E","232":"A","233":"A","234":"E","235":";","236":"I","237":"A","238":"C","239":"Z","240":",","241":"C","242":"A","243":"A","244":"C","245":";","246":"E","247":"A","248":"C","249":"H","250":",","251":"C","252":"A","253":"A","254":"C","255":";","256":"E","257":"A","258":"C","259":"D","260":",","261":"Q","262":"A","263":"A","264":"Q","265":",","266":"E","267":"A","268":"A","269":"E","270":";","271":"I","272":"A","273":"C","274":"R","275":",","276":"a","277":"A","278":"A","279":"a","280":",","281":"G","282":"A","283":"A","284":"G","285":";","286":"M","287":"A","288":"C","289":"d","290":",","291":"O","292":"A","293":"A","294":"O","295":";","296":"Q","297":"A","298":"C","299":"L","300":";","301":"Q","302":"A","303":"C","304":"A","305":";","306":"Q","307":"A","308":"C","309":"A","310":";","311":"Q","312":"A","313":"C","314":"A","315":";","316":"Q","317":"A","318":"C","319":"A","320":",","321":"C","322":"A","323":"A","324":"C","325":",","326":"I","327":"A","328":"A","329":"I","330":",","331":"C","332":"A","333":"A","334":"C","335":",","336":"M","337":"A","338":"A","339":"M","340":",","341":"C","342":"A","343":"A","344":"C","345":",","346":"W","347":"A","348":"A","349":"W","350":",","351":"E","352":"A","353":"A","354":"E","355":",","356":"G","357":"A","358":"A","359":"G","360":";","361":"M","362":"A","363":"C","364":"/","365":"B","366":",","367":"C","368":"A","369":"A","370":"C","371":";","372":"I","373":"A","374":"C","375":"H","376":";","377":"E","378":"A","379":"C","380":"F","381":",","382":"C","383":"A","384":"A","385":"C","386":";","387":"E","388":"A","389":"C","390":"D","391":",","392":"O","393":"A","394":"A","395":"O","396":",","397":"G","398":"A","399":"A","400":"G","401":";","402":"I","403":"A","404":"C","405":"R","406":",","407":"I","408":"A","409":"A","410":"I","411":",","412":"C","413":"A","414":"A","415":"C","416":",","417":"W","418":"A","419":"A","420":"W","421":",","422":"E","423":"A","424":"A","425":"E","426":";","427":"E","428":"A","429":"C","430":"p","431":"B","432":",","433":"C","434":"A","435":"A","436":"C","437":";","438":"E","439":"A","440":"C","441":"D","442":",","443":"a","444":"A","445":"A","446":"a","447":",","448":"G","449":"A","450":"A","451":"G","452":";","453":"I","454":"A","455":"C","456":"d","457":",","458":"a","459":"A","460":"A","461":"a","462":",","463":"C","464":"A","465":"A","466":"C","467":",","468":"I","469":"A","470":"A","471":"I","472":",","473":"C","474":"A","475":"A","476":"C","477":",","478":"Q","479":"A","480":"A","481":"Q","482":",","483":"C","484":"A","485":"A","486":"C","487":";","488":"E","489":"A","490":"C","491":"9","492":"B","493":",","494":"C","495":"A","496":"A","497":"C","498":";","499":"E","500":"A","501":"E","502":"D","503":",","504":"O","505":"A","506":"A","507":"O","508":",","509":"E","510":"A","511":"A","512":"E","513":";","514":"I","515":"A","516":"C","517":"P","518":",","519":"W","520":"A","521":"A","522":"W","523":",","524":"G","525":"A","526":"A","527":"G","528":";","529":"M","530":"A","531":"C","532":"Z","533":",","534":"I","535":"A","536":"A","537":"I","538":",","539":"C","540":"A","541":"A","542":"C","543":",","544":"Q","545":"A","546":"A","547":"Q","548":",","549":"G","550":"A","551":"A","552":"G","553":",","554":"W","555":"A","556":"A","557":"W","558":",","559":"C","560":"A","561":"A","562":"C","563":",","564":"M","565":"A","566":"A","567":"M","568":";","569":"Q","570":"A","571":"C","572":"h","573":"C","574":",","575":"M","576":"A","577":"A","578":"M","579":",","580":"O","581":"A","582":"A","583":"O","584":",","585":"G","586":"A","587":"A","588":"G","589":",","590":"C","591":"A","592":"A","593":"C","594":",","595":"O","596":"A","597":"A","598":"O","599":",","600":"E","601":"A","602":"A","603":"E","604":",","605":"Q","606":"A","607":"A","608":"Q","609":",","610":"E","611":"A","612":"A","613":"E","614":",","615":"Q","616":"A","617":"A","618":"Q","619":",","620":"E","621":"A","622":"A","623":"E","624":",","625":"M","626":"A","627":"A","628":"M","629":",","630":"C","631":"A","632":"A","633":"C","634":";","635":"Q","636":"A","637":"C","638":"r","639":"D","640":",","641":"I","642":"A","643":"A","644":"I","645":",","646":"C","647":"A","648":"A","649":"C","650":",","651":"M","652":"A","653":"A","654":"M","655":";","656":"Q","657":"A","658":"A","659":"G","660":";","661":"Q","662":"A","663":"A","664":"A","665":";","666":"Q","667":"A","668":"A","669":"A","670":";","671":"Q","672":"A","673":"A","674":"A","675":";","676":"Q","677":"A","678":"A","679":"A","680":";","681":"Q","682":"A","683":"A","684":"A","685":",","686":"O","687":"A","688":"A","689":"i","690":"B","691":",","692":"E","693":"A","694":"A","695":"C","696":",","697":"O","698":"A","699":"A","700":"O","701":",","702":"E","703":"A","704":"A","705":"E","706":",","707":"I","708":"A","709":"A","710":"I","711":",","712":"C","713":"A","714":"A","715":"C","716":",","717":"M","718":"A","719":"A","720":"M","721":",","722":"C","723":"A","724":"A","725":"C","726":";","727":"M","728":"A","729":"C","730":"v","731":"D","732":",","733":"C","734":"A","735":"A","736":"C","737":",","738":"E","739":"A","740":"A","741":"E","742":",","743":"I","744":"A","745":"A","746":"I","747":",","748":"C","749":"A","750":"A","751":"C","752":";","753":"I","754":"A","755":"C","756":"V","757":";","758":"E","759":"A","760":"C","761":"F","762":";","763":"A","764":"A","765":"C","766":"F","767":",","768":"C","769":"A","770":"A","771":"C","772":";","773":"A","774":"A","775":"A","776":"A","777":";","778":"A","779":"A","780":"A","781":"A","782":"\"","783":",","784":"\"","785":"f","786":"i","787":"l","788":"e","789":"\"","790":":","791":"\"","792":"C","793":":","794":"\\","795":"\\","796":"U","797":"s","798":"e","799":"r","800":"s","801":"\\","802":"\\","803":"t","804":"a","805":"r","806":"u","807":"n","808":"\\","809":"\\","810":"g","811":"i","812":"t","813":"\\","814":"\\","815":"j","816":"o","817":"b","818":"-","819":"s","820":"e","821":"a","822":"r","823":"c","824":"h","825":"\\","826":"\\","827":"s","828":"r","829":"c","830":"\\","831":"\\","832":"c","833":"o","834":"m","835":"p","836":"o","837":"n","838":"e","839":"n","840":"t","841":"s","842":"\\","843":"\\","844":"H","845":"e","846":"a","847":"d","848":"l","849":"i","850":"n","851":"e","852":".","853":"v","854":"u","855":"e","856":"\"","857":",","858":"\"","859":"s","860":"o","861":"u","862":"r","863":"c","864":"e","865":"s","866":"C","867":"o","868":"n","869":"t","870":"e","871":"n","872":"t","873":"\"","874":":","875":"[","876":"\"","877":"<","878":"t","879":"e","880":"m","881":"p","882":"l","883":"a","884":"t","885":"e","886":">","887":"\\","888":"r","889":"\\","890":"n","891":" ","892":" ","893":"<","894":"s","895":"e","896":"c","897":"t","898":"i","899":"o","900":"n","901":">","902":"\\","903":"r","904":"\\","905":"n","906":" ","907":" ","908":" ","909":" ","910":"<","911":"h","912":"1","913":"\\","914":"r","915":"\\","916":"n","917":" ","918":" ","919":" ","920":" ","921":" ","922":" ","923":"c","924":"l","925":"a","926":"s","927":"s","928":"=","929":"\\","930":"\"","931":"f","932":"o","933":"n","934":"t","935":"-","936":"b","937":"o","938":"l","939":"d","940":" ","941":"t","942":"r","943":"a","944":"c","945":"k","946":"i","947":"n","948":"g","949":"-","950":"t","951":"i","952":"g","953":"h","954":"t","955":"e","956":"r","957":" ","958":"t","959":"e","960":"x","961":"t","962":"-","963":"8","964":"x","965":"l","966":" ","967":"m","968":"b","969":"-","970":"1","971":"4","972":"\\","973":"\"","974":"\\","975":"r","976":"\\","977":"n","978":" ","979":" ","980":" ","981":" ","982":" ","983":" ","984":"d","985":"a","986":"t","987":"a","988":"-","989":"t","990":"e","991":"s","992":"t","993":"=","994":"\\","995":"\"","996":"a","997":"c","998":"t","999":"i","1000":"o","1001":"n","1002":"-","1003":"p","1004":"h","1005":"r","1006":"a","1007":"s","1008":"e","1009":"\\","1010":"\"","1011":"\\","1012":"r","1013":"\\","1014":"n","1015":" ","1016":" ","1017":" ","1018":" ","1019":">","1020":"\\","1021":"r","1022":"\\","1023":"n","1024":" ","1025":" ","1026":" ","1027":" ","1028":" ","1029":" ","1030":"<","1031":"s","1032":"p","1033":"a","1034":"n","1035":" ","1036":":","1037":"c","1038":"l","1039":"a","1040":"s","1041":"s","1042":"=","1043":"\\","1044":"\"","1045":"a","1046":"c","1047":"t","1048":"i","1049":"o","1050":"n","1051":"C","1052":"l","1053":"a","1054":"s","1055":"s","1056":"e","1057":"s","1058":"\\","1059":"\"","1060":">","1061":"{","1062":"{","1063":" ","1064":"a","1065":"c","1066":"t","1067":"i","1068":"o","1069":"n","1070":" ","1071":"}","1072":"}","1073":"<","1074":"/","1075":"s","1076":"p","1077":"a","1078":"n","1079":">","1080":" ","1081":"<","1082":"b","1083":"r","1084":" ","1085":"/","1086":">","1087":"f","1088":"o","1089":"r","1090":" ","1091":"e","1092":"v","1093":"e","1094":"r","1095":"y","1096":"o","1097":"n","1098":"e","1099":"\\","1100":"r","1101":"\\","1102":"n","1103":" ","1104":" ","1105":" ","1106":" ","1107":"<","1108":"/","1109":"h","1110":"1","1111":">","1112":"\\","1113":"r","1114":"\\","1115":"n","1116":" ","1117":" ","1118":" ","1119":" ","1120":"<","1121":"h","1122":"2","1123":" ","1124":"c","1125":"l","1126":"a","1127":"s","1128":"s","1129":"=","1130":"\\","1131":"\"","1132":"f","1133":"o","1134":"n","1135":"t","1136":"-","1137":"l","1138":"i","1139":"g","1140":"h","1141":"t","1142":" ","1143":"t","1144":"e","1145":"x","1146":"t","1147":"-","1148":"3","1149":"x","1150":"l","1151":"\\","1152":"\"","1153":">","1154":"F","1155":"i","1156":"n","1157":"d","1158":" ","1159":"y","1160":"o","1161":"u","1162":"r","1163":" ","1164":"n","1165":"e","1166":"x","1167":"t","1168":" ","1169":"j","1170":"o","1171":"b","1172":" ","1173":"a","1174":"t","1175":" ","1176":"B","1177":"o","1178":"B","1179":"o","1180":" ","1181":"I","1182":"n","1183":"c","1184":".","1185":"<","1186":"/","1187":"h","1188":"2","1189":">","1190":"\\","1191":"r","1192":"\\","1193":"n","1194":" ","1195":" ","1196":"<","1197":"/","1198":"s","1199":"e","1200":"c","1201":"t","1202":"i","1203":"o","1204":"n","1205":">","1206":"\\","1207":"r","1208":"\\","1209":"n","1210":"<","1211":"/","1212":"t","1213":"e","1214":"m","1215":"p","1216":"l","1217":"a","1218":"t","1219":"e","1220":">","1221":"\\","1222":"r","1223":"\\","1224":"n","1225":"\\","1226":"r","1227":"\\","1228":"n","1229":"<","1230":"s","1231":"c","1232":"r","1233":"i","1234":"p","1235":"t","1236":">","1237":"\\","1238":"r","1239":"\\","1240":"n","1241":"i","1242":"m","1243":"p","1244":"o","1245":"r","1246":"t","1247":" ","1248":"n","1249":"e","1250":"x","1251":"t","1252":"E","1253":"l","1254":"e","1255":"m","1256":"e","1257":"n","1258":"t","1259":"I","1260":"n","1261":"L","1262":"i","1263":"s","1264":"t","1265":" ","1266":"f","1267":"r","1268":"o","1269":"m","1270":" ","1271":"\\","1272":"\"","1273":"@","1274":"/","1275":"u","1276":"t","1277":"i","1278":"l","1279":"s","1280":"/","1281":"n","1282":"e","1283":"x","1284":"t","1285":"E","1286":"l","1287":"e","1288":"m","1289":"e","1290":"n","1291":"t","1292":"I","1293":"n","1294":"L","1295":"i","1296":"s","1297":"t","1298":".","1299":"j","1300":"s","1301":"\\","1302":"\"","1303":";","1304":"\\","1305":"r","1306":"\\","1307":"n","1308":"e","1309":"x","1310":"p","1311":"o","1312":"r","1313":"t","1314":" ","1315":"d","1316":"e","1317":"f","1318":"a","1319":"u","1320":"l","1321":"t","1322":" ","1323":"{","1324":"\\","1325":"r","1326":"\\","1327":"n","1328":" ","1329":" ","1330":"n","1331":"a","1332":"m","1333":"e","1334":":","1335":" ","1336":"\\","1337":"\"","1338":"H","1339":"e","1340":"a","1341":"d","1342":"l","1343":"i","1344":"n","1345":"e","1346":"\\","1347":"\"","1348":",","1349":"\\","1350":"r","1351":"\\","1352":"n","1353":" ","1354":" ","1355":"d","1356":"a","1357":"t","1358":"a","1359":"(","1360":")","1361":" ","1362":"{","1363":"\\","1364":"r","1365":"\\","1366":"n","1367":" ","1368":" ","1369":" ","1370":" ","1371":"r","1372":"e","1373":"t","1374":"u","1375":"r","1376":"n","1377":" ","1378":"{","1379":"\\","1380":"r","1381":"\\","1382":"n","1383":" ","1384":" ","1385":" ","1386":" ","1387":" ","1388":" ","1389":"a","1390":"c","1391":"t","1392":"i","1393":"o","1394":"n","1395":":","1396":" ","1397":"\\","1398":"\"","1399":"B","1400":"u","1401":"i","1402":"l","1403":"d","1404":"\\","1405":"\"","1406":",","1407":"\\","1408":"r","1409":"\\","1410":"n","1411":" ","1412":" ","1413":" ","1414":" ","1415":" ","1416":" ","1417":"i","1418":"n","1419":"t","1420":"e","1421":"r","1422":"v","1423":"a","1424":"l","1425":":","1426":" ","1427":"n","1428":"u","1429":"l","1430":"l","1431":",","1432":"\\","1433":"r","1434":"\\","1435":"n","1436":" ","1437":" ","1438":" ","1439":" ","1440":"}","1441":";","1442":"\\","1443":"r","1444":"\\","1445":"n","1446":" ","1447":" ","1448":"}","1449":",","1450":"\\","1451":"r","1452":"\\","1453":"n","1454":" ","1455":" ","1456":"c","1457":"o","1458":"m","1459":"p","1460":"u","1461":"t","1462":"e","1463":"d","1464":":","1465":" ","1466":"{","1467":"\\","1468":"r","1469":"\\","1470":"n","1471":" ","1472":" ","1473":" ","1474":" ","1475":"a","1476":"c","1477":"t","1478":"i","1479":"o","1480":"n","1481":"C","1482":"l","1483":"a","1484":"s","1485":"s","1486":"e","1487":"s","1488":"(","1489":")","1490":" ","1491":"{","1492":"\\","1493":"r","1494":"\\","1495":"n","1496":" ","1497":" ","1498":" ","1499":" ","1500":" ","1501":" ","1502":"r","1503":"e","1504":"t","1505":"u","1506":"r","1507":"n","1508":" ","1509":"{","1510":"\\","1511":"r","1512":"\\","1513":"n","1514":" ","1515":" ","1516":" ","1517":" ","1518":" ","1519":" ","1520":" ","1521":" ","1522":"/","1523":"/","1524":" ","1525":"b","1526":"u","1527":"i","1528":"l","1529":"d","1530":":","1531":" ","1532":"t","1533":"h","1534":"i","1535":"s","1536":".","1537":"a","1538":"c","1539":"t","1540":"i","1541":"o","1542":"n","1543":" ","1544":"=","1545":"=","1546":"=","1547":" ","1548":"\\","1549":"\"","1550":"B","1551":"u","1552":"i","1553":"l","1554":"d","1555":"\\","1556":"\"","1557":",","1558":"\\","1559":"r","1560":"\\","1561":"n","1562":" ","1563":" ","1564":" ","1565":" ","1566":" ","1567":" ","1568":" ","1569":" ","1570":"/","1571":"/","1572":" ","1573":"c","1574":"r","1575":"e","1576":"a","1577":"t","1578":"e","1579":":","1580":" ","1581":"t","1582":"h","1583":"i","1584":"s","1585":".","1586":"a","1587":"c","1588":"t","1589":"i","1590":"o","1591":"n","1592":" ","1593":"=","1594":"=","1595":"=","1596":" ","1597":"\\","1598":"\"","1599":"C","1600":"r","1601":"e","1602":"a","1603":"t","1604":"e","1605":"\\","1606":"\"","1607":",","1608":"\\","1609":"r","1610":"\\","1611":"n","1612":" ","1613":" ","1614":" ","1615":" ","1616":" ","1617":" ","1618":" ","1619":" ","1620":"/","1621":"/","1622":" ","1623":"d","1624":"e","1625":"s","1626":"i","1627":"g","1628":"n","1629":":","1630":" ","1631":"t","1632":"h","1633":"i","1634":"s","1635":".","1636":"a","1637":"c","1638":"t","1639":"i","1640":"o","1641":"n","1642":" ","1643":"=","1644":"=","1645":"=","1646":" ","1647":"\\","1648":"\"","1649":"D","1650":"e","1651":"s","1652":"i","1653":"g","1654":"n","1655":"\\","1656":"\"","1657":",","1658":"\\","1659":"r","1660":"\\","1661":"n","1662":" ","1663":" ","1664":" ","1665":" ","1666":" ","1667":" ","1668":" ","1669":" ","1670":"/","1671":"/","1672":" ","1673":"c","1674":"o","1675":"d","1676":"e","1677":":","1678":" ","1679":"t","1680":"h","1681":"i","1682":"s","1683":".","1684":"a","1685":"c","1686":"t","1687":"i","1688":"o","1689":"n","1690":" ","1691":"=","1692":"=","1693":"=","1694":" ","1695":"\\","1696":"\"","1697":"C","1698":"o","1699":"d","1700":"e","1701":"\\","1702":"\"","1703":",","1704":"\\","1705":"r","1706":"\\","1707":"n","1708":" ","1709":" ","1710":" ","1711":" ","1712":" ","1713":" ","1714":" ","1715":" ","1716":"[","1717":"t","1718":"h","1719":"i","1720":"s","1721":".","1722":"a","1723":"c","1724":"t","1725":"i","1726":"o","1727":"n","1728":".","1729":"t","1730":"o","1731":"L","1732":"o","1733":"w","1734":"e","1735":"r","1736":"C","1737":"a","1738":"s","1739":"e","1740":"(","1741":")","1742":"]","1743":":","1744":" ","1745":"t","1746":"r","1747":"u","1748":"e","1749":",","1750":"\\","1751":"r","1752":"\\","1753":"n","1754":" ","1755":" ","1756":" ","1757":" ","1758":" ","1759":" ","1760":"}","1761":";","1762":"\\","1763":"r","1764":"\\","1765":"n","1766":" ","1767":" ","1768":" ","1769":" ","1770":"}","1771":",","1772":"\\","1773":"r","1774":"\\","1775":"n","1776":" ","1777":" ","1778":"}","1779":",","1780":"\\","1781":"r","1782":"\\","1783":"n","1784":" ","1785":" ","1786":"c","1787":"r","1788":"e","1789":"a","1790":"t","1791":"e","1792":"d","1793":"(","1794":")","1795":" ","1796":"{","1797":"\\","1798":"r","1799":"\\","1800":"n","1801":" ","1802":" ","1803":" ","1804":" ","1805":"t","1806":"h","1807":"i","1808":"s","1809":".","1810":"c","1811":"h","1812":"a","1813":"n","1814":"g","1815":"e","1816":"T","1817":"i","1818":"t","1819":"l","1820":"e","1821":"(","1822":")","1823":";","1824":"\\","1825":"r","1826":"\\","1827":"n","1828":" ","1829":" ","1830":"}","1831":",","1832":"\\","1833":"r","1834":"\\","1835":"n","1836":" ","1837":" ","1838":"b","1839":"e","1840":"f","1841":"o","1842":"r","1843":"e","1844":"U","1845":"n","1846":"m","1847":"o","1848":"u","1849":"n","1850":"t","1851":"(","1852":")","1853":" ","1854":"{","1855":"\\","1856":"r","1857":"\\","1858":"n","1859":" ","1860":" ","1861":" ","1862":" ","1863":"c","1864":"l","1865":"e","1866":"a","1867":"r","1868":"I","1869":"n","1870":"t","1871":"e","1872":"r","1873":"v","1874":"a","1875":"l","1876":"(","1877":"t","1878":"h","1879":"i","1880":"s","1881":".","1882":"i","1883":"n","1884":"t","1885":"e","1886":"r","1887":"v","1888":"a","1889":"l","1890":")","1891":";","1892":"\\","1893":"r","1894":"\\","1895":"n","1896":" ","1897":" ","1898":"}","1899":",","1900":"\\","1901":"r","1902":"\\","1903":"n","1904":"\\","1905":"r","1906":"\\","1907":"n","1908":" ","1909":" ","1910":"m","1911":"e","1912":"t","1913":"h","1914":"o","1915":"d","1916":"s","1917":":","1918":" ","1919":"{","1920":"\\","1921":"r","1922":"\\","1923":"n","1924":" ","1925":" ","1926":" ","1927":" ","1928":"c","1929":"h","1930":"a","1931":"n","1932":"g","1933":"e","1934":"T","1935":"i","1936":"t","1937":"l","1938":"e","1939":"(","1940":")","1941":" ","1942":"{","1943":"\\","1944":"r","1945":"\\","1946":"n","1947":" ","1948":" ","1949":" ","1950":" ","1951":" ","1952":" ","1953":"t","1954":"h","1955":"i","1956":"s","1957":".","1958":"i","1959":"n","1960":"t","1961":"e","1962":"r","1963":"v","1964":"a","1965":"l","1966":" ","1967":"=","1968":" ","1969":"s","1970":"e","1971":"t","1972":"I","1973":"n","1974":"t","1975":"e","1976":"r","1977":"v","1978":"a","1979":"l","1980":"(","1981":"(","1982":")","1983":" ","1984":"=","1985":">","1986":" ","1987":"{","1988":"\\","1989":"r","1990":"\\","1991":"n","1992":" ","1993":" ","1994":" ","1995":" ","1996":" ","1997":" ","1998":" ","1999":" ","2000":"c","2001":"o","2002":"n","2003":"s","2004":"t","2005":" ","2006":"a","2007":"c","2008":"t","2009":"i","2010":"o","2011":"n","2012":"s","2013":" ","2014":"=","2015":" ","2016":"[","2017":"\\","2018":"\"","2019":"B","2020":"u","2021":"i","2022":"l","2023":"d","2024":"\\","2025":"\"","2026":",","2027":" ","2028":"\\","2029":"\"","2030":"C","2031":"r","2032":"e","2033":"a","2034":"t","2035":"e","2036":"\\","2037":"\"","2038":",","2039":" ","2040":"\\","2041":"\"","2042":"D","2043":"e","2044":"s","2045":"i","2046":"g","2047":"n","2048":"\\","2049":"\"","2050":",","2051":" ","2052":"\\","2053":"\"","2054":"C","2055":"o","2056":"d","2057":"e","2058":"\\","2059":"\"","2060":"]","2061":";","2062":"\\","2063":"r","2064":"\\","2065":"n","2066":" ","2067":" ","2068":" ","2069":" ","2070":" ","2071":" ","2072":" ","2073":" ","2074":"t","2075":"h","2076":"i","2077":"s","2078":".","2079":"a","2080":"c","2081":"t","2082":"i","2083":"o","2084":"n","2085":" ","2086":"=","2087":" ","2088":"n","2089":"e","2090":"x","2091":"t","2092":"E","2093":"l","2094":"e","2095":"m","2096":"e","2097":"n","2098":"t","2099":"I","2100":"n","2101":"L","2102":"i","2103":"s","2104":"t","2105":"(","2106":"a","2107":"c","2108":"t","2109":"i","2110":"o","2111":"n","2112":"s","2113":",","2114":" ","2115":"t","2116":"h","2117":"i","2118":"s","2119":".","2120":"a","2121":"c","2122":"t","2123":"i","2124":"o","2125":"n","2126":")","2127":";","2128":"\\","2129":"r","2130":"\\","2131":"n","2132":" ","2133":" ","2134":" ","2135":" ","2136":" ","2137":" ","2138":"}","2139":",","2140":" ","2141":"3","2142":"0","2143":"0","2144":"0","2145":")","2146":";","2147":"\\","2148":"r","2149":"\\","2150":"n","2151":" ","2152":" ","2153":" ","2154":" ","2155":"}","2156":",","2157":"\\","2158":"r","2159":"\\","2160":"n","2161":" ","2162":" ","2163":"}","2164":",","2165":"\\","2166":"r","2167":"\\","2168":"n","2169":"}","2170":";","2171":"\\","2172":"r","2173":"\\","2174":"n","2175":"<","2176":"/","2177":"s","2178":"c","2179":"r","2180":"i","2181":"p","2182":"t","2183":">","2184":"\\","2185":"r","2186":"\\","2187":"n","2188":"\\","2189":"r","2190":"\\","2191":"n","2192":"<","2193":"s","2194":"t","2195":"y","2196":"l","2197":"e","2198":">","2199":"\\","2200":"r","2201":"\\","2202":"n","2203":".","2204":"b","2205":"u","2206":"i","2207":"l","2208":"d","2209":" ","2210":"{","2211":"\\","2212":"r","2213":"\\","2214":"n","2215":" ","2216":" ","2217":"c","2218":"o","2219":"l","2220":"o","2221":"r","2222":":","2223":" ","2224":"#","2225":"1","2226":"a","2227":"7","2228":"3","2229":"e","2230":"b","2231":";","2232":"\\","2233":"r","2234":"\\","2235":"n","2236":"}","2237":"\\","2238":"r","2239":"\\","2240":"n","2241":".","2242":"c","2243":"r","2244":"e","2245":"a","2246":"t","2247":"e","2248":" ","2249":"{","2250":"\\","2251":"r","2252":"\\","2253":"n","2254":" ","2255":" ","2256":"c","2257":"o","2258":"l","2259":"o","2260":"r","2261":":","2262":" ","2263":"#","2264":"3","2265":"4","2266":"a","2267":"8","2268":"5","2269":"3","2270":";","2271":"\\","2272":"r","2273":"\\","2274":"n","2275":"}","2276":"\\","2277":"r","2278":"\\","2279":"n","2280":".","2281":"d","2282":"e","2283":"s","2284":"i","2285":"g","2286":"n","2287":" ","2288":"{","2289":"\\","2290":"r","2291":"\\","2292":"n","2293":" ","2294":" ","2295":"c","2296":"o","2297":"l","2298":"o","2299":"r","2300":":","2301":" ","2302":"#","2303":"f","2304":"9","2305":"a","2306":"b","2307":"0","2308":"0","2309":";","2310":"\\","2311":"r","2312":"\\","2313":"n","2314":"}","2315":"\\","2316":"r","2317":"\\","2318":"n","2319":".","2320":"c","2321":"o","2322":"d","2323":"e","2324":" ","2325":"{","2326":"\\","2327":"r","2328":"\\","2329":"n","2330":" ","2331":" ","2332":"c","2333":"o","2334":"l","2335":"o","2336":"r","2337":":","2338":" ","2339":"#","2340":"d","2341":"9","2342":"3","2343":"0","2344":"2","2345":"5","2346":";","2347":"\\","2348":"r","2349":"\\","2350":"n","2351":"}","2352":"\\","2353":"r","2354":"\\","2355":"n","2356":"<","2357":"/","2358":"s","2359":"t","2360":"y","2361":"l","2362":"e","2363":">","2364":"\\","2365":"r","2366":"\\","2367":"n","2368":"\"","2369":"]","2370":"}"},"_coverageSchema":"1a1c01bbd47fc00a2c39e90264f33305004495a9","hash":"6aa5f656efc2c0e5fdfd43ce39d03ff9af3f7c53"}
,"C:\\Users\\tarun\\git\\job-search\\src\\components\\MainNav.vue": {"path":"C:\\Users\\tarun\\git\\job-search\\src\\components\\MainNav.vue","statementMap":{"0":{"start":{"line":4,"column":29},"end":{"line":4,"column":138}},"1":{"start":{"line":5,"column":0},"end":{"line":7,"column":3}},"2":{"start":{"line":8,"column":0},"end":{"line":8,"column":25}},"3":{"start":{"line":62,"column":0},"end":{"line":62,"column":13}},"4":{"start":{"line":64,"column":0},"end":{"line":66,"column":3}},"5":{"start":{"line":67,"column":0},"end":{"line":67,"column":24}},"6":{"start":{"line":68,"column":11},"end":{"line":68,"column":25}},"7":{"start":{"line":69,"column":19},"end":{"line":71,"column":1}},"8":{"start":{"line":72,"column":19},"end":{"line":74,"column":1}},"9":{"start":{"line":75,"column":19},"end":{"line":75,"column":27}},"10":{"start":{"line":76,"column":19},"end":{"line":78,"column":1}},"11":{"start":{"line":79,"column":19},"end":{"line":81,"column":1}},"12":{"start":{"line":82,"column":19},"end":{"line":85,"column":1}},"13":{"start":{"line":86,"column":19},"end":{"line":88,"column":1}},"14":{"start":{"line":90,"column":35},"end":{"line":90,"column":78}},"15":{"start":{"line":91,"column":35},"end":{"line":91,"column":78}},"16":{"start":{"line":92,"column":28},"end":{"line":92,"column":64}},"17":{"start":{"line":93,"column":2},"end":{"line":116,"column":70}},"18":{"start":{"line":99,"column":4},"end":{"line":103,"column":107}},"19":{"start":{"line":117,"column":2},"end":{"line":117,"column":49}}},"fnMap":{"0":{"name":"render","decl":{"start":{"line":89,"column":9},"end":{"line":89,"column":15}},"loc":{"start":{"line":89,"column":30},"end":{"line":117,"column":1}},"line":89},"1":{"name":"(anonymous_1)","decl":{"start":{"line":98,"column":292},"end":{"line":98,"column":293}},"loc":{"start":{"line":98,"column":304},"end":{"line":104,"column":3}},"line":98}},"branchMap":{"0":{"loc":{"start":{"line":104,"column":87},"end":{"line":113,"column":39}},"type":"cond-expr","locations":[{"start":{"line":104,"column":106},"end":{"line":107,"column":4}},{"start":{"line":107,"column":9},"end":{"line":113,"column":38}}],"line":104},"1":{"loc":{"start":{"line":113,"column":45},"end":{"line":116,"column":50}},"type":"cond-expr","locations":[{"start":{"line":113,"column":64},"end":{"line":116,"column":4}},{"start":{"line":116,"column":8},"end":{"line":116,"column":50}}],"line":113}},"s":{"0":1,"1":1,"2":1,"3":1,"4":1,"5":1,"6":1,"7":1,"8":1,"9":1,"10":1,"11":1,"12":1,"13":1,"14":7,"15":7,"16":7,"17":7,"18":42,"19":1},"f":{"0":7,"1":42},"b":{"0":[2,5],"1":[2,5]},"inputSourceMap":{"0":"{","1":"\"","2":"v","3":"e","4":"r","5":"s","6":"i","7":"o","8":"n","9":"\"","10":":","11":"3","12":",","13":"\"","14":"s","15":"o","16":"u","17":"r","18":"c","19":"e","20":"s","21":"\"","22":":","23":"[","24":"\"","25":"C","26":":","27":"\\","28":"\\","29":"U","30":"s","31":"e","32":"r","33":"s","34":"\\","35":"\\","36":"t","37":"a","38":"r","39":"u","40":"n","41":"\\","42":"\\","43":"g","44":"i","45":"t","46":"\\","47":"\\","48":"j","49":"o","50":"b","51":"-","52":"s","53":"e","54":"a","55":"r","56":"c","57":"h","58":"\\","59":"\\","60":"s","61":"r","62":"c","63":"\\","64":"\\","65":"c","66":"o","67":"m","68":"p","69":"o","70":"n","71":"e","72":"n","73":"t","74":"s","75":"\\","76":"\\","77":"M","78":"a","79":"i","80":"n","81":"N","82":"a","83":"v","84":".","85":"v","86":"u","87":"e","88":"\"","89":"]","90":",","91":"\"","92":"n","93":"a","94":"m","95":"e","96":"s","97":"\"","98":":","99":"[","100":"]","101":",","102":"\"","103":"m","104":"a","105":"p","106":"p","107":"i","108":"n","109":"g","110":"s","111":"\"","112":":","113":"\"","114":";","115":";","116":";","117":";","118":";","119":";","120":";","121":";","122":"A","123":"A","124":"w","125":"C","126":"A","127":";","128":"A","129":"A","130":"A","131":"A","132":";","133":"A","134":"A","135":"A","136":"A","137":";","138":"A","139":"A","140":"C","141":"A","142":";","143":"A","144":"A","145":"A","146":"A","147":";","148":"A","149":"A","150":"A","151":"A","152":";","153":"A","154":"A","155":"C","156":"A","157":";","158":"A","159":"A","160":"A","161":"A","162":";","163":"A","164":"A","165":"A","166":"A","167":";","168":"A","169":"A","170":"A","171":"6","172":"C","173":";","174":"A","175":"A","176":"A","177":"A","178":",","179":"e","180":"A","181":"E","182":"9","183":"B","184":";","185":"E","186":"A","187":"C","188":"b","189":",","190":"I","191":"A","192":"A","193":"I","194":",","195":"E","196":"A","197":"A","198":"E","199":",","200":"S","201":"A","202":"A","203":"S","204":";","205":"E","206":"A","207":"C","208":"f","209":",","210":"U","211":"A","212":"A","213":"U","214":",","215":"E","216":"A","217":"A","218":"E","219":";","220":"I","221":"A","222":"C","223":"V","224":",","225":"Y","226":"A","227":"A","228":"Y","229":";","230":"I","231":"A","232":"A","233":"Z","234":";","235":"I","236":"A","237":"A","238":"A","239":";","240":"I","241":"A","242":"A","243":"A","244":";","245":"I","246":"A","247":"A","248":"A","249":",","250":"O","251":"A","252":"A","253":"Y","254":";","255":"I","256":"A","257":"C","258":"Z","259":",","260":"Y","261":"A","262":"A","263":"Y","264":";","265":"I","266":"A","267":"A","268":"Z","269":";","270":"I","271":"A","272":"A","273":"A","274":";","275":"I","276":"A","277":"A","278":"A","279":";","280":"I","281":"A","282":"A","283":"A","284":",","285":"O","286":"A","287":"A","288":"Y","289":";","290":"I","291":"A","292":"C","293":"Z","294":",","295":"M","296":"A","297":"A","298":"M","299":";","300":"I","301":"A","302":"A","303":"N","304":";","305":"I","306":"A","307":"A","308":"A","309":";","310":"I","311":"A","312":"A","313":"A","314":";","315":"I","316":"A","317":"A","318":"A","319":";","320":"E","321":"A","322":"C","323":"F","324":",","325":"C","326":"A","327":"A","328":"C","329":";","330":"E","331":"A","332":"E","333":"D","334":",","335":"I","336":"A","337":"A","338":"I","339":",","340":"G","341":"A","342":"A","343":"G","344":";","345":"I","346":"A","347":"C","348":"L","349":",","350":"O","351":"A","352":"A","353":"O","354":";","355":"M","356":"A","357":"C","358":"L","359":",","360":"O","361":"A","362":"A","363":"O","364":",","365":"E","366":"A","367":"A","368":"E","369":",","370":"c","371":"A","372":"A","373":"c","374":";","375":"M","376":"A","377":"C","378":"v","379":"B","380":",","381":"G","382":"A","383":"A","384":"G","385":",","386":"E","387":"A","388":"A","389":"E","390":",","391":"w","392":"B","393":"A","394":"A","395":"w","396":"B","397":";","398":"M","399":"A","400":"C","401":"7","402":"B","403":",","404":"S","405":"A","406":"A","407":"S","408":",","409":"E","410":"A","411":"A","412":"E","413":",","414":"C","415":"A","416":"A","417":"C","418":",","419":"M","420":"A","421":"A","422":"M","423":",","424":"E","425":"A","426":"A","427":"E","428":",","429":"M","430":"A","431":"A","432":"M","433":",","434":"E","435":"A","436":"A","437":"E","438":",","439":"O","440":"A","441":"A","442":"O","443":",","444":"E","445":"A","446":"A","447":"E","448":",","449":"S","450":"A","451":"A","452":"S","453":",","454":"E","455":"A","456":"A","457":"E","458":",","459":"S","460":"A","461":"A","462":"S","463":",","464":"E","465":"A","466":"A","467":"E","468":",","469":"M","470":"A","471":"A","472":"M","473":",","474":"C","475":"A","476":"A","477":"C","478":";","479":"M","480":"A","481":"C","482":"l","483":"E","484":",","485":"U","486":"A","487":"A","488":"U","489":",","490":"E","491":"A","492":"A","493":"E","494":";","495":"I","496":"A","497":"C","498":"d","499":",","500":"C","501":"A","502":"A","503":"C","504":";","505":"E","506":"A","507":"C","508":"H","509":",","510":"C","511":"A","512":"A","513":"C","514":";","515":"E","516":"A","517":"C","518":"D","519":",","520":"Q","521":"A","522":"A","523":"Q","524":",","525":"E","526":"A","527":"A","528":"E","529":";","530":"I","531":"A","532":"C","533":"R","534":",","535":"i","536":"B","537":"A","538":"A","539":"i","540":"B","541":",","542":"G","543":"A","544":"A","545":"G","546":";","547":"M","548":"A","549":"C","550":"l","551":"B","552":",","553":"O","554":"A","555":"A","556":"O","557":";","558":"Q","559":"A","560":"C","561":"L","562":",","563":"M","564":"A","565":"A","566":"M","567":",","568":"E","569":"A","570":"A","571":"E","572":",","573":"C","574":"A","575":"A","576":"C","577":",","578":"I","579":"A","580":"A","581":"I","582":",","583":"C","584":"A","585":"A","586":"C","587":",","588":"U","589":"A","590":"A","591":"U","592":";","593":"Q","594":"A","595":"C","596":"x","597":"B","598":",","599":"M","600":"A","601":"A","602":"M","603":",","604":"E","605":"A","606":"A","607":"E","608":",","609":"I","610":"A","611":"A","612":"I","613":",","614":"C","615":"A","616":"A","617":"C","618":";","619":"M","620":"A","621":"C","622":"f","623":",","624":"C","625":"A","626":"A","627":"C","628":";","629":"I","630":"A","631":"C","632":"H","633":";","634":"E","635":"A","636":"C","637":"F","638":",","639":"C","640":"A","641":"A","642":"C","643":";","644":"E","645":"A","646":"C","647":"D","648":",","649":"O","650":"A","651":"A","652":"O","653":",","654":"E","655":"A","656":"A","657":"E","658":";","659":"I","660":"A","661":"C","662":"P","663":",","664":"S","665":"A","666":"A","667":"S","668":",","669":"G","670":"A","671":"A","672":"G","673":";","674":"M","675":"A","676":"C","677":"V","678":",","679":"I","680":"A","681":"A","682":"I","683":",","684":"C","685":"A","686":"A","687":"C","688":",","689":"U","690":"A","691":"A","692":"U","693":",","694":"G","695":"A","696":"A","697":"G","698":",","699":"I","700":"A","701":"A","702":"I","703":";","704":"I","705":"A","706":"C","707":"x","708":"B","709":";","710":"E","711":"A","712":"C","713":"F","714":";","715":"A","716":"A","717":"C","718":"F","719":",","720":"C","721":"A","722":"A","723":"C","724":";","725":"A","726":"A","727":"A","728":"A","729":";","730":"A","731":"A","732":"A","733":"A","734":"\"","735":",","736":"\"","737":"f","738":"i","739":"l","740":"e","741":"\"","742":":","743":"\"","744":"C","745":":","746":"\\","747":"\\","748":"U","749":"s","750":"e","751":"r","752":"s","753":"\\","754":"\\","755":"t","756":"a","757":"r","758":"u","759":"n","760":"\\","761":"\\","762":"g","763":"i","764":"t","765":"\\","766":"\\","767":"j","768":"o","769":"b","770":"-","771":"s","772":"e","773":"a","774":"r","775":"c","776":"h","777":"\\","778":"\\","779":"s","780":"r","781":"c","782":"\\","783":"\\","784":"c","785":"o","786":"m","787":"p","788":"o","789":"n","790":"e","791":"n","792":"t","793":"s","794":"\\","795":"\\","796":"M","797":"a","798":"i","799":"n","800":"N","801":"a","802":"v","803":".","804":"v","805":"u","806":"e","807":"\"","808":",","809":"\"","810":"s","811":"o","812":"u","813":"r","814":"c","815":"e","816":"s","817":"C","818":"o","819":"n","820":"t","821":"e","822":"n","823":"t","824":"\"","825":":","826":"[","827":"\"","828":"<","829":"t","830":"e","831":"m","832":"p","833":"l","834":"a","835":"t","836":"e","837":">","838":"\\","839":"r","840":"\\","841":"n","842":" ","843":" ","844":"<","845":"h","846":"e","847":"a","848":"d","849":"e","850":"r","851":" ","852":"c","853":"l","854":"a","855":"s","856":"s","857":"=","858":"\\","859":"\"","860":"w","861":"-","862":"f","863":"u","864":"l","865":"l","866":" ","867":"t","868":"e","869":"x","870":"t","871":"-","872":"s","873":"m","874":"\\","875":"\"","876":" ","877":":","878":"c","879":"l","880":"a","881":"s","882":"s","883":"=","884":"\\","885":"\"","886":"h","887":"e","888":"a","889":"d","890":"e","891":"r","892":"H","893":"e","894":"i","895":"g","896":"h","897":"t","898":"C","899":"l","900":"a","901":"s","902":"s","903":"\\","904":"\"","905":">","906":"\\","907":"r","908":"\\","909":"n","910":" ","911":" ","912":" ","913":" ","914":"<","915":"d","916":"i","917":"v","918":" ","919":"c","920":"l","921":"a","922":"s","923":"s","924":"=","925":"\\","926":"\"","927":"f","928":"i","929":"x","930":"e","931":"d","932":" ","933":"t","934":"o","935":"p","936":"-","937":"0","938":" ","939":"l","940":"e","941":"f","942":"t","943":"-","944":"0","945":" ","946":"w","947":"-","948":"f","949":"u","950":"l","951":"l","952":" ","953":"h","954":"-","955":"1","956":"6","957":" ","958":"b","959":"g","960":"-","961":"w","962":"h","963":"i","964":"t","965":"e","966":"\\","967":"\"","968":">","969":"\\","970":"r","971":"\\","972":"n","973":" ","974":" ","975":" ","976":" ","977":" ","978":" ","979":"<","980":"d","981":"i","982":"v","983":"\\","984":"r","985":"\\","986":"n","987":" ","988":" ","989":" ","990":" ","991":" ","992":" ","993":" ","994":" ","995":"c","996":"l","997":"a","998":"s","999":"s","1000":"=","1001":"\\","1002":"\"","1003":"f","1004":"l","1005":"e","1006":"x","1007":" ","1008":"f","1009":"l","1010":"e","1011":"x","1012":"-","1013":"n","1014":"o","1015":"w","1016":"r","1017":"a","1018":"p","1019":" ","1020":"h","1021":"-","1022":"f","1023":"u","1024":"l","1025":"l","1026":" ","1027":"p","1028":"x","1029":"-","1030":"8","1031":" ","1032":"m","1033":"x","1034":"-","1035":"a","1036":"u","1037":"t","1038":"o","1039":" ","1040":"b","1041":"o","1042":"r","1043":"d","1044":"e","1045":"r","1046":"-","1047":"b","1048":" ","1049":"b","1050":"o","1051":"r","1052":"d","1053":"e","1054":"r","1055":"-","1056":"s","1057":"o","1058":"l","1059":"i","1060":"d","1061":" ","1062":"b","1063":"o","1064":"r","1065":"d","1066":"e","1067":"r","1068":"-","1069":"b","1070":"r","1071":"a","1072":"n","1073":"d","1074":"-","1075":"g","1076":"r","1077":"a","1078":"y","1079":"-","1080":"1","1081":"\\","1082":"\"","1083":"\\","1084":"r","1085":"\\","1086":"n","1087":" ","1088":" ","1089":" ","1090":" ","1091":" ","1092":" ","1093":">","1094":"\\","1095":"r","1096":"\\","1097":"n","1098":" ","1099":" ","1100":" ","1101":" ","1102":" ","1103":" ","1104":" ","1105":" ","1106":"<","1107":"a","1108":" ","1109":":","1110":"h","1111":"r","1112":"e","1113":"f","1114":"=","1115":"\\","1116":"\"","1117":"u","1118":"r","1119":"l","1120":"\\","1121":"\"","1122":" ","1123":"c","1124":"l","1125":"a","1126":"s","1127":"s","1128":"=","1129":"\\","1130":"\"","1131":"f","1132":"l","1133":"e","1134":"x","1135":" ","1136":"i","1137":"t","1138":"e","1139":"m","1140":"s","1141":"-","1142":"c","1143":"e","1144":"n","1145":"t","1146":"e","1147":"r","1148":" ","1149":"h","1150":"-","1151":"f","1152":"u","1153":"l","1154":"l","1155":" ","1156":"t","1157":"e","1158":"x","1159":"t","1160":"-","1161":"x","1162":"l","1163":"\\","1164":"\"","1165":">","1166":"{","1167":"{","1168":"\\","1169":"r","1170":"\\","1171":"n","1172":" ","1173":" ","1174":" ","1175":" ","1176":" ","1177":" ","1178":" ","1179":" ","1180":" ","1181":" ","1182":"c","1183":"o","1184":"m","1185":"p","1186":"a","1187":"n","1188":"y","1189":"\\","1190":"r","1191":"\\","1192":"n","1193":" ","1194":" ","1195":" ","1196":" ","1197":" ","1198":" ","1199":" ","1200":" ","1201":"}","1202":"}","1203":"<","1204":"/","1205":"a","1206":">","1207":"\\","1208":"r","1209":"\\","1210":"n","1211":" ","1212":" ","1213":" ","1214":" ","1215":" ","1216":" ","1217":" ","1218":" ","1219":"<","1220":"n","1221":"a","1222":"v","1223":" ","1224":"c","1225":"l","1226":"a","1227":"s","1228":"s","1229":"=","1230":"\\","1231":"\"","1232":"h","1233":"-","1234":"f","1235":"u","1236":"l","1237":"l","1238":" ","1239":"m","1240":"l","1241":"-","1242":"1","1243":"2","1244":"\\","1245":"\"","1246":">","1247":"\\","1248":"r","1249":"\\","1250":"n","1251":" ","1252":" ","1253":" ","1254":" ","1255":" ","1256":" ","1257":" ","1258":" ","1259":" ","1260":" ","1261":"<","1262":"u","1263":"l","1264":" ","1265":"c","1266":"l","1267":"a","1268":"s","1269":"s","1270":"=","1271":"\\","1272":"\"","1273":"f","1274":"l","1275":"e","1276":"x","1277":" ","1278":"h","1279":"-","1280":"f","1281":"u","1282":"l","1283":"l","1284":" ","1285":"p","1286":"-","1287":"0","1288":" ","1289":"m","1290":"-","1291":"0","1292":" ","1293":"l","1294":"i","1295":"s","1296":"t","1297":"-","1298":"n","1299":"o","1300":"n","1301":"e","1302":"\\","1303":"\"","1304":">","1305":"\\","1306":"r","1307":"\\","1308":"n","1309":" ","1310":" ","1311":" ","1312":" ","1313":" ","1314":" ","1315":" ","1316":" ","1317":" ","1318":" ","1319":" ","1320":" ","1321":"<","1322":"l","1323":"i","1324":"\\","1325":"r","1326":"\\","1327":"n","1328":" ","1329":" ","1330":" ","1331":" ","1332":" ","1333":" ","1334":" ","1335":" ","1336":" ","1337":" ","1338":" ","1339":" ","1340":" ","1341":" ","1342":"v","1343":"-","1344":"f","1345":"o","1346":"r","1347":"=","1348":"\\","1349":"\"","1350":"m","1351":"e","1352":"n","1353":"u","1354":"I","1355":"t","1356":"e","1357":"m","1358":" ","1359":"i","1360":"n","1361":" ","1362":"m","1363":"e","1364":"n","1365":"u","1366":"I","1367":"t","1368":"e","1369":"m","1370":"s","1371":"\\","1372":"\"","1373":"\\","1374":"r","1375":"\\","1376":"n","1377":" ","1378":" ","1379":" ","1380":" ","1381":" ","1382":" ","1383":" ","1384":" ","1385":" ","1386":" ","1387":" ","1388":" ","1389":" ","1390":" ","1391":":","1392":"k","1393":"e","1394":"y","1395":"=","1396":"\\","1397":"\"","1398":"m","1399":"e","1400":"n","1401":"u","1402":"I","1403":"t","1404":"e","1405":"m","1406":"\\","1407":"\"","1408":"\\","1409":"r","1410":"\\","1411":"n","1412":" ","1413":" ","1414":" ","1415":" ","1416":" ","1417":" ","1418":" ","1419":" ","1420":" ","1421":" ","1422":" ","1423":" ","1424":" ","1425":" ","1426":"d","1427":"a","1428":"t","1429":"a","1430":"-","1431":"t","1432":"e","1433":"s","1434":"t","1435":"=","1436":"\\","1437":"\"","1438":"m","1439":"a","1440":"i","1441":"n","1442":"-","1443":"n","1444":"a","1445":"v","1446":"-","1447":"l","1448":"i","1449":"s","1450":"t","1451":"-","1452":"i","1453":"t","1454":"e","1455":"m","1456":"\\","1457":"\"","1458":"\\","1459":"r","1460":"\\","1461":"n","1462":" ","1463":" ","1464":" ","1465":" ","1466":" ","1467":" ","1468":" ","1469":" ","1470":" ","1471":" ","1472":" ","1473":" ","1474":" ","1475":" ","1476":"c","1477":"l","1478":"a","1479":"s","1480":"s","1481":"=","1482":"\\","1483":"\"","1484":"h","1485":"-","1486":"f","1487":"u","1488":"l","1489":"l","1490":" ","1491":"m","1492":"l","1493":"-","1494":"9","1495":" ","1496":"f","1497":"i","1498":"r","1499":"s","1500":"t","1501":":","1502":"m","1503":"l","1504":"-","1505":"0","1506":"\\","1507":"\"","1508":"\\","1509":"r","1510":"\\","1511":"n","1512":" ","1513":" ","1514":" ","1515":" ","1516":" ","1517":" ","1518":" ","1519":" ","1520":" ","1521":" ","1522":" ","1523":" ","1524":">","1525":"\\","1526":"r","1527":"\\","1528":"n","1529":" ","1530":" ","1531":" ","1532":" ","1533":" ","1534":" ","1535":" ","1536":" ","1537":" ","1538":" ","1539":" ","1540":" ","1541":" ","1542":" ","1543":"<","1544":"a","1545":" ","1546":"h","1547":"r","1548":"e","1549":"f","1550":"=","1551":"\\","1552":"\"","1553":"#","1554":"\\","1555":"\"","1556":" ","1557":"c","1558":"l","1559":"a","1560":"s","1561":"s","1562":"=","1563":"\\","1564":"\"","1565":"f","1566":"l","1567":"e","1568":"x","1569":" ","1570":"i","1571":"t","1572":"e","1573":"m","1574":"s","1575":"-","1576":"c","1577":"e","1578":"n","1579":"t","1580":"e","1581":"r","1582":" ","1583":"h","1584":"-","1585":"f","1586":"u","1587":"l","1588":"l","1589":" ","1590":"p","1591":"y","1592":"-","1593":"2","1594":".","1595":"5","1596":"\\","1597":"\"","1598":">","1599":"{","1600":"{","1601":"\\","1602":"r","1603":"\\","1604":"n","1605":" ","1606":" ","1607":" ","1608":" ","1609":" ","1610":" ","1611":" ","1612":" ","1613":" ","1614":" ","1615":" ","1616":" ","1617":" ","1618":" ","1619":" ","1620":" ","1621":"m","1622":"e","1623":"n","1624":"u","1625":"I","1626":"t","1627":"e","1628":"m","1629":"\\","1630":"r","1631":"\\","1632":"n","1633":" ","1634":" ","1635":" ","1636":" ","1637":" ","1638":" ","1639":" ","1640":" ","1641":" ","1642":" ","1643":" ","1644":" ","1645":" ","1646":" ","1647":"}","1648":"}","1649":"<","1650":"/","1651":"a","1652":">","1653":"\\","1654":"r","1655":"\\","1656":"n","1657":" ","1658":" ","1659":" ","1660":" ","1661":" ","1662":" ","1663":" ","1664":" ","1665":" ","1666":" ","1667":" ","1668":" ","1669":"<","1670":"/","1671":"l","1672":"i","1673":">","1674":"\\","1675":"r","1676":"\\","1677":"n","1678":" ","1679":" ","1680":" ","1681":" ","1682":" ","1683":" ","1684":" ","1685":" ","1686":" ","1687":" ","1688":"<","1689":"/","1690":"u","1691":"l","1692":">","1693":"\\","1694":"r","1695":"\\","1696":"n","1697":" ","1698":" ","1699":" ","1700":" ","1701":" ","1702":" ","1703":" ","1704":" ","1705":"<","1706":"/","1707":"n","1708":"a","1709":"v","1710":">","1711":"\\","1712":"r","1713":"\\","1714":"n","1715":" ","1716":" ","1717":" ","1718":" ","1719":" ","1720":" ","1721":" ","1722":" ","1723":"<","1724":"d","1725":"i","1726":"v","1727":" ","1728":"c","1729":"l","1730":"a","1731":"s","1732":"s","1733":"=","1734":"\\","1735":"\"","1736":"f","1737":"l","1738":"e","1739":"x","1740":" ","1741":"i","1742":"t","1743":"e","1744":"m","1745":"s","1746":"-","1747":"c","1748":"e","1749":"n","1750":"t","1751":"e","1752":"r","1753":" ","1754":"h","1755":"-","1756":"f","1757":"u","1758":"l","1759":"l","1760":" ","1761":"m","1762":"l","1763":"-","1764":"a","1765":"u","1766":"t","1767":"o","1768":"\\","1769":"\"","1770":">","1771":"\\","1772":"r","1773":"\\","1774":"n","1775":" ","1776":" ","1777":" ","1778":" ","1779":" ","1780":" ","1781":" ","1782":" ","1783":" ","1784":" ","1785":"<","1786":"p","1787":"r","1788":"o","1789":"f","1790":"i","1791":"l","1792":"e","1793":"-","1794":"i","1795":"m","1796":"a","1797":"g","1798":"e","1799":" ","1800":"v","1801":"-","1802":"i","1803":"f","1804":"=","1805":"\\","1806":"\"","1807":"i","1808":"s","1809":"L","1810":"o","1811":"g","1812":"g","1813":"e","1814":"d","1815":"I","1816":"n","1817":"\\","1818":"\"","1819":" ","1820":"d","1821":"a","1822":"t","1823":"a","1824":"-","1825":"t","1826":"e","1827":"s","1828":"t","1829":"=","1830":"\\","1831":"\"","1832":"p","1833":"r","1834":"o","1835":"f","1836":"i","1837":"l","1838":"e","1839":"-","1840":"i","1841":"m","1842":"a","1843":"g","1844":"e","1845":"\\","1846":"\"","1847":" ","1848":"/","1849":">","1850":"\\","1851":"r","1852":"\\","1853":"n","1854":" ","1855":" ","1856":" ","1857":" ","1858":" ","1859":" ","1860":" ","1861":" ","1862":" ","1863":" ","1864":"<","1865":"a","1866":"c","1867":"t","1868":"i","1869":"o","1870":"n","1871":"-","1872":"b","1873":"u","1874":"t","1875":"t","1876":"o","1877":"n","1878":"\\","1879":"r","1880":"\\","1881":"n","1882":" ","1883":" ","1884":" ","1885":" ","1886":" ","1887":" ","1888":" ","1889":" ","1890":" ","1891":" ","1892":" ","1893":" ","1894":"v","1895":"-","1896":"e","1897":"l","1898":"s","1899":"e","1900":"\\","1901":"r","1902":"\\","1903":"n","1904":" ","1905":" ","1906":" ","1907":" ","1908":" ","1909":" ","1910":" ","1911":" ","1912":" ","1913":" ","1914":" ","1915":" ","1916":"d","1917":"a","1918":"t","1919":"a","1920":"-","1921":"t","1922":"e","1923":"s","1924":"t","1925":"=","1926":"\\","1927":"\"","1928":"l","1929":"o","1930":"g","1931":"i","1932":"n","1933":"-","1934":"b","1935":"u","1936":"t","1937":"t","1938":"o","1939":"n","1940":"\\","1941":"\"","1942":"\\","1943":"r","1944":"\\","1945":"n","1946":" ","1947":" ","1948":" ","1949":" ","1950":" ","1951":" ","1952":" ","1953":" ","1954":" ","1955":" ","1956":" ","1957":" ","1958":"t","1959":"e","1960":"x","1961":"t","1962":"=","1963":"\\","1964":"\"","1965":"S","1966":"i","1967":"g","1968":"n","1969":" ","1970":"i","1971":"n","1972":"\\","1973":"\"","1974":"\\","1975":"r","1976":"\\","1977":"n","1978":" ","1979":" ","1980":" ","1981":" ","1982":" ","1983":" ","1984":" ","1985":" ","1986":" ","1987":" ","1988":" ","1989":" ","1990":"t","1991":"y","1992":"p","1993":"e","1994":"=","1995":"\\","1996":"\"","1997":"p","1998":"r","1999":"i","2000":"m","2001":"a","2002":"r","2003":"y","2004":"\\","2005":"\"","2006":"\\","2007":"r","2008":"\\","2009":"n","2010":" ","2011":" ","2012":" ","2013":" ","2014":" ","2015":" ","2016":" ","2017":" ","2018":" ","2019":" ","2020":" ","2021":" ","2022":"@","2023":"c","2024":"l","2025":"i","2026":"c","2027":"k","2028":"=","2029":"\\","2030":"\"","2031":"l","2032":"o","2033":"g","2034":"i","2035":"n","2036":"U","2037":"s","2038":"e","2039":"r","2040":"\\","2041":"\"","2042":"\\","2043":"r","2044":"\\","2045":"n","2046":" ","2047":" ","2048":" ","2049":" ","2050":" ","2051":" ","2052":" ","2053":" ","2054":" ","2055":" ","2056":"/","2057":">","2058":"\\","2059":"r","2060":"\\","2061":"n","2062":" ","2063":" ","2064":" ","2065":" ","2066":" ","2067":" ","2068":" ","2069":" ","2070":"<","2071":"/","2072":"d","2073":"i","2074":"v","2075":">","2076":"\\","2077":"r","2078":"\\","2079":"n","2080":" ","2081":" ","2082":" ","2083":" ","2084":" ","2085":" ","2086":"<","2087":"/","2088":"d","2089":"i","2090":"v","2091":">","2092":"\\","2093":"r","2094":"\\","2095":"n","2096":" ","2097":" ","2098":" ","2099":" ","2100":" ","2101":" ","2102":"<","2103":"s","2104":"u","2105":"b","2106":"n","2107":"a","2108":"v","2109":" ","2110":"v","2111":"-","2112":"i","2113":"f","2114":"=","2115":"\\","2116":"\"","2117":"i","2118":"s","2119":"L","2120":"o","2121":"g","2122":"g","2123":"e","2124":"d","2125":"I","2126":"n","2127":"\\","2128":"\"","2129":" ","2130":"d","2131":"a","2132":"t","2133":"a","2134":"-","2135":"t","2136":"e","2137":"s","2138":"t","2139":"=","2140":"\\","2141":"\"","2142":"s","2143":"u","2144":"b","2145":"n","2146":"a","2147":"v","2148":"\\","2149":"\"","2150":" ","2151":"/","2152":">","2153":"\\","2154":"r","2155":"\\","2156":"n","2157":" ","2158":" ","2159":" ","2160":" ","2161":"<","2162":"/","2163":"d","2164":"i","2165":"v","2166":">","2167":"\\","2168":"r","2169":"\\","2170":"n","2171":" ","2172":" ","2173":"<","2174":"/","2175":"h","2176":"e","2177":"a","2178":"d","2179":"e","2180":"r","2181":">","2182":"\\","2183":"r","2184":"\\","2185":"n","2186":"<","2187":"/","2188":"t","2189":"e","2190":"m","2191":"p","2192":"l","2193":"a","2194":"t","2195":"e","2196":">","2197":"\\","2198":"r","2199":"\\","2200":"n","2201":"\\","2202":"r","2203":"\\","2204":"n","2205":"<","2206":"s","2207":"c","2208":"r","2209":"i","2210":"p","2211":"t","2212":">","2213":"\\","2214":"r","2215":"\\","2216":"n","2217":"i","2218":"m","2219":"p","2220":"o","2221":"r","2222":"t","2223":" ","2224":"A","2225":"c","2226":"t","2227":"i","2228":"o","2229":"n","2230":"B","2231":"u","2232":"t","2233":"t","2234":"o","2235":"n","2236":" ","2237":"f","2238":"r","2239":"o","2240":"m","2241":" ","2242":"\\","2243":"\"","2244":"@","2245":"/","2246":"c","2247":"o","2248":"m","2249":"p","2250":"o","2251":"n","2252":"e","2253":"n","2254":"t","2255":"s","2256":"/","2257":"A","2258":"c","2259":"t","2260":"i","2261":"o","2262":"n","2263":"B","2264":"u","2265":"t","2266":"t","2267":"o","2268":"n","2269":".","2270":"v","2271":"u","2272":"e","2273":"\\","2274":"\"","2275":";","2276":"\\","2277":"r","2278":"\\","2279":"n","2280":"i","2281":"m","2282":"p","2283":"o","2284":"r","2285":"t","2286":" ","2287":"P","2288":"r","2289":"o","2290":"f","2291":"i","2292":"l","2293":"e","2294":"I","2295":"m","2296":"a","2297":"g","2298":"e","2299":" ","2300":"f","2301":"r","2302":"o","2303":"m","2304":" ","2305":"\\","2306":"\"","2307":"@","2308":"/","2309":"c","2310":"o","2311":"m","2312":"p","2313":"o","2314":"n","2315":"e","2316":"n","2317":"t","2318":"s","2319":"/","2320":"P","2321":"r","2322":"o","2323":"f","2324":"i","2325":"l","2326":"e","2327":"I","2328":"m","2329":"a","2330":"g","2331":"e","2332":".","2333":"v","2334":"u","2335":"e","2336":"\\","2337":"\"","2338":";","2339":"\\","2340":"r","2341":"\\","2342":"n","2343":"i","2344":"m","2345":"p","2346":"o","2347":"r","2348":"t","2349":" ","2350":"S","2351":"u","2352":"b","2353":"n","2354":"a","2355":"v","2356":" ","2357":"f","2358":"r","2359":"o","2360":"m","2361":" ","2362":"\\","2363":"\"","2364":"@","2365":"/","2366":"c","2367":"o","2368":"m","2369":"p","2370":"o","2371":"n","2372":"e","2373":"n","2374":"t","2375":"s","2376":"/","2377":"S","2378":"u","2379":"b","2380":"n","2381":"a","2382":"v","2383":".","2384":"v","2385":"u","2386":"e","2387":"\\","2388":"\"","2389":";","2390":"\\","2391":"r","2392":"\\","2393":"n","2394":"\\","2395":"r","2396":"\\","2397":"n","2398":"e","2399":"x","2400":"p","2401":"o","2402":"r","2403":"t","2404":" ","2405":"d","2406":"e","2407":"f","2408":"a","2409":"u","2410":"l","2411":"t","2412":" ","2413":"{","2414":"\\","2415":"r","2416":"\\","2417":"n","2418":" ","2419":" ","2420":"n","2421":"a","2422":"m","2423":"e","2424":":","2425":" ","2426":"\\","2427":"\"","2428":"M","2429":"a","2430":"i","2431":"n","2432":"N","2433":"a","2434":"v","2435":"\\","2436":"\"","2437":",","2438":"\\","2439":"r","2440":"\\","2441":"n","2442":" ","2443":" ","2444":"c","2445":"o","2446":"m","2447":"p","2448":"o","2449":"n","2450":"e","2451":"n","2452":"t","2453":"s","2454":":","2455":" ","2456":"{","2457":"\\","2458":"r","2459":"\\","2460":"n","2461":" ","2462":" ","2463":" ","2464":" ","2465":"A","2466":"c","2467":"t","2468":"i","2469":"o","2470":"n","2471":"B","2472":"u","2473":"t","2474":"t","2475":"o","2476":"n","2477":",","2478":"\\","2479":"r","2480":"\\","2481":"n","2482":" ","2483":" ","2484":" ","2485":" ","2486":"P","2487":"r","2488":"o","2489":"f","2490":"i","2491":"l","2492":"e","2493":"I","2494":"m","2495":"a","2496":"g","2497":"e","2498":",","2499":"\\","2500":"r","2501":"\\","2502":"n","2503":" ","2504":" ","2505":" ","2506":" ","2507":"S","2508":"u","2509":"b","2510":"n","2511":"a","2512":"v","2513":",","2514":"\\","2515":"r","2516":"\\","2517":"n","2518":" ","2519":" ","2520":"}","2521":",","2522":"\\","2523":"r","2524":"\\","2525":"n","2526":"\\","2527":"r","2528":"\\","2529":"n","2530":" ","2531":" ","2532":"d","2533":"a","2534":"t","2535":"a","2536":"(","2537":")","2538":" ","2539":"{","2540":"\\","2541":"r","2542":"\\","2543":"n","2544":" ","2545":" ","2546":" ","2547":" ","2548":"r","2549":"e","2550":"t","2551":"u","2552":"r","2553":"n","2554":" ","2555":"{","2556":"\\","2557":"r","2558":"\\","2559":"n","2560":" ","2561":" ","2562":" ","2563":" ","2564":" ","2565":" ","2566":"c","2567":"o","2568":"m","2569":"p","2570":"a","2571":"n","2572":"y","2573":":","2574":" ","2575":"\\","2576":"\"","2577":"B","2578":"o","2579":"B","2580":"o","2581":" ","2582":"C","2583":"a","2584":"r","2585":"e","2586":"e","2587":"r","2588":"s","2589":"\\","2590":"\"","2591":",","2592":"\\","2593":"r","2594":"\\","2595":"n","2596":" ","2597":" ","2598":" ","2599":" ","2600":" ","2601":" ","2602":"u","2603":"r","2604":"l","2605":":","2606":" ","2607":"\\","2608":"\"","2609":"h","2610":"t","2611":"t","2612":"p","2613":"s","2614":":","2615":"/","2616":"/","2617":"w","2618":"w","2619":"w","2620":".","2621":"g","2622":"o","2623":"o","2624":"g","2625":"l","2626":"e","2627":".","2628":"c","2629":"o","2630":"m","2631":"\\","2632":"\"","2633":",","2634":"\\","2635":"r","2636":"\\","2637":"n","2638":" ","2639":" ","2640":" ","2641":" ","2642":" ","2643":" ","2644":"m","2645":"e","2646":"n","2647":"u","2648":"I","2649":"t","2650":"e","2651":"m","2652":"s","2653":":","2654":" ","2655":"[","2656":"\\","2657":"\"","2658":"H","2659":"o","2660":"m","2661":"e","2662":"\\","2663":"\"","2664":",","2665":" ","2666":"\\","2667":"\"","2668":"B","2669":"l","2670":"o","2671":"g","2672":"\\","2673":"\"","2674":",","2675":" ","2676":"\\","2677":"\"","2678":"A","2679":"b","2680":"o","2681":"u","2682":"t","2683":"\\","2684":"\"","2685":",","2686":" ","2687":"\\","2688":"\"","2689":"c","2690":"o","2691":"n","2692":"t","2693":"a","2694":"c","2695":"t","2696":"\\","2697":"\"","2698":",","2699":" ","2700":"\\","2701":"\"","2702":"P","2703":"r","2704":"i","2705":"c","2706":"i","2707":"n","2708":"g","2709":"\\","2710":"\"","2711":",","2712":" ","2713":"\\","2714":"\"","2715":"j","2716":"o","2717":"b","2718":"s","2719":"\\","2720":"\"","2721":"]","2722":",","2723":"\\","2724":"r","2725":"\\","2726":"n","2727":" ","2728":" ","2729":" ","2730":" ","2731":" ","2732":" ","2733":"i","2734":"s","2735":"L","2736":"o","2737":"g","2738":"g","2739":"e","2740":"d","2741":"I","2742":"n","2743":":","2744":" ","2745":"f","2746":"a","2747":"l","2748":"s","2749":"e","2750":",","2751":"\\","2752":"r","2753":"\\","2754":"n","2755":" ","2756":" ","2757":" ","2758":" ","2759":"}","2760":";","2761":"\\","2762":"r","2763":"\\","2764":"n","2765":" ","2766":" ","2767":"}","2768":",","2769":"\\","2770":"r","2771":"\\","2772":"n","2773":" ","2774":" ","2775":"c","2776":"o","2777":"m","2778":"p","2779":"u","2780":"t","2781":"e","2782":"d","2783":":","2784":" ","2785":"{","2786":"\\","2787":"r","2788":"\\","2789":"n","2790":" ","2791":" ","2792":" ","2793":" ","2794":"h","2795":"e","2796":"a","2797":"d","2798":"e","2799":"r","2800":"H","2801":"e","2802":"i","2803":"g","2804":"h","2805":"t","2806":"C","2807":"l","2808":"a","2809":"s","2810":"s","2811":"(","2812":")","2813":" ","2814":"{","2815":"\\","2816":"r","2817":"\\","2818":"n","2819":" ","2820":" ","2821":" ","2822":" ","2823":" ","2824":" ","2825":"r","2826":"e","2827":"t","2828":"u","2829":"r","2830":"n","2831":" ","2832":"{","2833":"\\","2834":"r","2835":"\\","2836":"n","2837":" ","2838":" ","2839":" ","2840":" ","2841":" ","2842":" ","2843":" ","2844":" ","2845":"\\","2846":"\"","2847":"h","2848":"-","2849":"1","2850":"6","2851":"\\","2852":"\"","2853":":","2854":"
[...]
"column":19},"end":{"line":25,"column":26}},"9":{"start":{"line":27,"column":2},"end":{"line":32,"column":38}},"10":{"start":{"line":33,"column":2},"end":{"line":33,"column":49}}},"fnMap":{"0":{"name":"(anonymous_0)","decl":{"start":{"line":10,"column":2},"end":{"line":10,"column":3}},"loc":{"start":{"line":10,"column":9},"end":{"line":14,"column":3}},"line":10},"1":{"name":"render","decl":{"start":{"line":26,"column":9},"end":{"line":26,"column":15}},"loc":{"start":{"line":26,"column":30},"end":{"line":33,"column":1}},"line":26}},"branchMap":{},"s":{"0":2,"1":2,"2":2,"3":1,"4":2,"5":2,"6":2,"7":2,"8":2,"9":1,"10":2},"f":{"0":1,"1":1},"b":{},"inputSourceMap":{"0":"{","1":"\"","2":"v","3":"e","4":"r","5":"s","6":"i","7":"o","8":"n","9":"\"","10":":","11":"3","12":",","13":"\"","14":"s","15":"o","16":"u","17":"r","18":"c","19":"e","20":"s","21":"\"","22":":","23":"[","24":"\"","25":"C","26":":","27":"\\","28":"\\","29":"U","30":"s","31":"e","32":"r","33":"s","34":"\\","35":"\\","36":"t","37":"a","38":"r","39":"u","40":"n","41":"\\","42":"\\","43":"g","44":"i","45":"t","46":"\\","47":"\\","48":"j","49":"o","50":"b","51":"-","52":"s","53":"e","54":"a","55":"r","56":"c","57":"h","58":"\\","59":"\\","60":"s","61":"r","62":"c","63":"\\","64":"\\","65":"c","66":"o","67":"m","68":"p","69":"o","70":"n","71":"e","72":"n","73":"t","74":"s","75":"\\","76":"\\","77":"P","78":"r","79":"o","80":"f","81":"i","82":"l","83":"e","84":"I","85":"m","86":"a","87":"g","88":"e","89":".","90":"v","91":"u","92":"e","93":"\"","94":"]","95":",","96":"\"","97":"n","98":"a","99":"m","100":"e","101":"s","102":"\"","103":":","104":"[","105":"]","106":",","107":"\"","108":"m","109":"a","110":"p","111":"p","112":"i","113":"n","114":"g","115":"s","116":"\"","117":":","118":"\"","119":";","120":";","121":";","122":";","123":";","124":";","125":";","126":"e","127":"A","128":"S","129":"e","130":";","131":"E","132":"A","133":"C","134":"b","135":",","136":"I","137":"A","138":"A","139":"I","140":",","141":"E","142":"A","143":"A","144":"E","145":",","146":"c","147":"A","148":"A","149":"c","150":";","151":"E","152":"A","153":"C","154":"p","155":"B","156":",","157":"I","158":"A","159":"A","160":"I","161":",","162":"G","163":"A","164":"A","165":"G","166":";","167":"I","168":"A","169":"C","170":"L","171":",","172":"O","173":"A","174":"A","175":"O","176":";","177":"M","178":"A","179":"C","180":"L","181":",","182":"a","183":"A","184":"A","185":"a","186":",","187":"E","188":"A","189":"C","190":"X","191":";","192":"I","193":"A","194":"C","195":"J","196":",","197":"C","198":"A","199":"A","200":"C","201":";","202":"E","203":"A","204":"C","205":"H","206":";","207":"A","208":"A","209":"C","210":"F","211":",","212":"C","213":"A","214":"A","215":"C","216":";","217":"A","218":"A","219":"A","220":"A","221":";","222":"A","223":"A","224":"A","225":"A","226":"\"","227":",","228":"\"","229":"f","230":"i","231":"l","232":"e","233":"\"","234":":","235":"\"","236":"C","237":":","238":"\\","239":"\\","240":"U","241":"s","242":"e","243":"r","244":"s","245":"\\","246":"\\","247":"t","248":"a","249":"r","250":"u","251":"n","252":"\\","253":"\\","254":"g","255":"i","256":"t","257":"\\","258":"\\","259":"j","260":"o","261":"b","262":"-","263":"s","264":"e","265":"a","266":"r","267":"c","268":"h","269":"\\","270":"\\","271":"s","272":"r","273":"c","274":"\\","275":"\\","276":"c","277":"o","278":"m","279":"p","280":"o","281":"n","282":"e","283":"n","284":"t","285":"s","286":"\\","287":"\\","288":"P","289":"r","290":"o","291":"f","292":"i","293":"l","294":"e","295":"I","296":"m","297":"a","298":"g","299":"e","300":".","301":"v","302":"u","303":"e","304":"\"","305":",","306":"\"","307":"s","308":"o","309":"u","310":"r","311":"c","312":"e","313":"s","314":"C","315":"o","316":"n","317":"t","318":"e","319":"n","320":"t","321":"\"","322":":","323":"[","324":"\"","325":"<","326":"t","327":"e","328":"m","329":"p","330":"l","331":"a","332":"t","333":"e","334":">","335":"\\","336":"r","337":"\\","338":"n","339":" ","340":" ","341":"<","342":"i","343":"m","344":"g","345":"\\","346":"r","347":"\\","348":"n","349":" ","350":" ","351":" ","352":" ","353":":","354":"s","355":"r","356":"c","357":"=","358":"\\","359":"\"","360":"p","361":"r","362":"o","363":"f","364":"i","365":"l","366":"e","367":"P","368":"i","369":"c","370":"U","371":"r","372":"l","373":"\\","374":"\"","375":"\\","376":"r","377":"\\","378":"n","379":" ","380":" ","381":" ","382":" ","383":"a","384":"l","385":"t","386":"=","387":"\\","388":"\"","389":"P","390":"r","391":"o","392":"f","393":"i","394":"l","395":"e","396":"-","397":"p","398":"i","399":"c","400":"\\","401":"\"","402":"\\","403":"r","404":"\\","405":"n","406":" ","407":" ","408":" ","409":" ","410":"s","411":"r","412":"c","413":"s","414":"e","415":"t","416":"=","417":"\\","418":"\"","419":"\\","420":"\"","421":"\\","422":"r","423":"\\","424":"n","425":" ","426":" ","427":" ","428":" ","429":"c","430":"l","431":"a","432":"s","433":"s","434":"=","435":"\\","436":"\"","437":"w","438":"-","439":"1","440":"0","441":" ","442":"h","443":"-","444":"1","445":"0","446":" ","447":"o","448":"b","449":"j","450":"e","451":"c","452":"t","453":"-","454":"c","455":"o","456":"n","457":"t","458":"a","459":"i","460":"n","461":" ","462":"r","463":"o","464":"u","465":"n","466":"d","467":"e","468":"d","469":"-","470":"3","471":"x","472":"l","473":"\\","474":"\"","475":"\\","476":"r","477":"\\","478":"n","479":" ","480":" ","481":"/","482":">","483":"\\","484":"r","485":"\\","486":"n","487":"<","488":"/","489":"t","490":"e","491":"m","492":"p","493":"l","494":"a","495":"t","496":"e","497":">","498":"\\","499":"r","500":"\\","501":"n","502":"<","503":"s","504":"c","505":"r","506":"i","507":"p","508":"t","509":">","510":"\\","511":"r","512":"\\","513":"n","514":"e","515":"x","516":"p","517":"o","518":"r","519":"t","520":" ","521":"d","522":"e","523":"f","524":"a","525":"u","526":"l","527":"t","528":" ","529":"{","530":"\\","531":"r","532":"\\","533":"n","534":" ","535":" ","536":"n","537":"a","538":"m","539":"e","540":":","541":" ","542":"\\","543":"\"","544":"P","545":"r","546":"o","547":"f","548":"i","549":"l","550":"e","551":"I","552":"m","553":"a","554":"g","555":"e","556":"\\","557":"\"","558":",","559":"\\","560":"r","561":"\\","562":"n","563":" ","564":" ","565":"d","566":"a","567":"t","568":"a","569":"(","570":")","571":" ","572":"{","573":"\\","574":"r","575":"\\","576":"n","577":" ","578":" ","579":" ","580":" ","581":"r","582":"e","583":"t","584":"u","585":"r","586":"n","587":" ","588":"{","589":"\\","590":"r","591":"\\","592":"n","593":" ","594":" ","595":" ","596":" ","597":" ","598":" ","599":"p","600":"r","601":"o","602":"f","603":"i","604":"l","605":"e","606":"P","607":"i","608":"c","609":"U","610":"r","611":"l","612":":","613":"\\","614":"r","615":"\\","616":"n","617":" ","618":" ","619":" ","620":" ","621":" ","622":" ","623":" ","624":" ","625":"\\","626":"\"","627":"h","628":"t","629":"t","630":"p","631":"s","632":":","633":"/","634":"/","635":"w","636":"w","637":"w","638":".","639":"p","640":"n","641":"g","642":"a","643":"l","644":"l","645":".","646":"c","647":"o","648":"m","649":"/","650":"w","651":"p","652":"-","653":"c","654":"o","655":"n","656":"t","657":"e","658":"n","659":"t","660":"/","661":"u","662":"p","663":"l","664":"o","665":"a","666":"d","667":"s","668":"/","669":"5","670":"/","671":"U","672":"s","673":"e","674":"r","675":"-","676":"P","677":"r","678":"o","679":"f","680":"i","681":"l","682":"e","683":".","684":"p","685":"n","686":"g","687":"\\","688":"\"","689":",","690":"\\","691":"r","692":"\\","693":"n","694":" ","695":" ","696":" ","697":" ","698":"}","699":";","700":"\\","701":"r","702":"\\","703":"n","704":" ","705":" ","706":"}","707":",","708":"\\","709":"r","710":"\\","711":"n","712":"}","713":";","714":"\\","715":"r","716":"\\","717":"n","718":"<","719":"/","720":"s","721":"c","722":"r","723":"i","724":"p","725":"t","726":">","727":"\\","728":"r","729":"\\","730":"n","731":"\"","732":"]","733":"}"},"_coverageSchema":"1a1c01bbd47fc00a2c39e90264f33305004495a9","hash":"ad72f83ff2fcb3da2e1291ac397142b0221eea05"}
,"C:\\Users\\tarun\\git\\job-search\\src\\components\\Subnav.vue": {"path":"C:\\Users\\tarun\\git\\job-search\\src\\components\\Subnav.vue","statementMap":{"0":{"start":{"line":4,"column":0},"end":{"line":6,"column":3}},"1":{"start":{"line":7,"column":0},"end":{"line":7,"column":25}},"2":{"start":{"line":8,"column":15},"end":{"line":15,"column":1}},"3":{"start":{"line":11,"column":4},"end":{"line":13,"column":6}},"4":{"start":{"line":18,"column":0},"end":{"line":18,"column":13}},"5":{"start":{"line":20,"column":0},"end":{"line":22,"column":3}},"6":{"start":{"line":23,"column":0},"end":{"line":23,"column":24}},"7":{"start":{"line":24,"column":11},"end":{"line":24,"column":25}},"8":{"start":{"line":25,"column":19},"end":{"line":27,"column":1}},"9":{"start":{"line":28,"column":19},"end":{"line":30,"column":1}},"10":{"start":{"line":31,"column":19},"end":{"line":34,"column":1}},"11":{"start":{"line":35,"column":32},"end":{"line":37,"column":88}},"12":{"start":{"line":40,"column":39},"end":{"line":40,"column":86}},"13":{"start":{"line":41,"column":2},"end":{"line":43,"column":69}},"14":{"start":{"line":44,"column":2},"end":{"line":44,"column":49}}},"fnMap":{"0":{"name":"(anonymous_0)","decl":{"start":{"line":10,"column":2},"end":{"line":10,"column":3}},"loc":{"start":{"line":10,"column":9},"end":{"line":14,"column":3}},"line":10},"1":{"name":"render","decl":{"start":{"line":39,"column":9},"end":{"line":39,"column":15}},"loc":{"start":{"line":39,"column":30},"end":{"line":44,"column":1}},"line":39}},"branchMap":{"0":{"loc":{"start":{"line":41,"column":130},"end":{"line":43,"column":64}},"type":"cond-expr","locations":[{"start":{"line":41,"column":155},"end":{"line":43,"column":18}},{"start":{"line":43,"column":22},"end":{"line":43,"column":64}}],"line":41}},"s":{"0":2,"1":2,"2":2,"3":2,"4":2,"5":2,"6":2,"7":2,"8":2,"9":2,"10":2,"11":2,"12":2,"13":2,"14":2},"f":{"0":2,"1":2},"b":{"0":[1,1]},"inputSourceMap":{"0":"{","1":"\"","2":"v","3":"e","4":"r","5":"s","6":"i","7":"o","8":"n","9":"\"","10":":","11":"3","12":",","13":"\"","14":"s","15":"o","16":"u","17":"r","18":"c","19":"e","20":"s","21":"\"","22":":","23":"[","24":"\"","25":"C","26":":","27":"\\","28":"\\","29":"U","30":"s","31":"e","32":"r","33":"s","34":"\\","35":"\\","36":"t","37":"a","38":"r","39":"u","40":"n","41":"\\","42":"\\","43":"g","44":"i","45":"t","46":"\\","47":"\\","48":"j","49":"o","50":"b","51":"-","52":"s","53":"e","54":"a","55":"r","56":"c","57":"h","58":"\\","59":"\\","60":"s","61":"r","62":"c","63":"\\","64":"\\","65":"c","66":"o","67":"m","68":"p","69":"o","70":"n","71":"e","72":"n","73":"t","74":"s","75":"\\","76":"\\","77":"S","78":"u","79":"b","80":"n","81":"a","82":"v","83":".","84":"v","85":"u","86":"e","87":"\"","88":"]","89":",","90":"\"","91":"n","92":"a","93":"m","94":"e","95":"s","96":"\"","97":":","98":"[","99":"]","100":",","101":"\"","102":"m","103":"a","104":"p","105":"p","106":"i","107":"n","108":"g","109":"s","110":"\"","111":":","112":"\"","113":";","114":";","115":";","116":";","117":";","118":";","119":";","120":"e","121":"A","122":"Y","123":"e","124":";","125":"E","126":"A","127":"C","128":"b","129":",","130":"I","131":"A","132":"A","133":"I","134":",","135":"E","136":"A","137":"A","138":"E","139":",","140":"Q","141":"A","142":"A","143":"Q","144":";","145":"E","146":"A","147":"C","148":"d","149":",","150":"I","151":"A","152":"A","153":"I","154":",","155":"G","156":"A","157":"A","158":"G","159":";","160":"I","161":"A","162":"C","163":"L","164":",","165":"O","166":"A","167":"A","168":"O","169":";","170":"M","171":"A","172":"C","173":"L","174":",","175":"g","176":"B","177":"A","178":"A","179":"g","180":"B","181":",","182":"E","183":"A","184":"A","185":"E","186":";","187":"I","188":"A","189":"C","190":"p","191":"B","192":",","193":"C","194":"A","195":"A","196":"C","197":";","198":"E","199":"A","200":"C","201":"H","202":";","203":"A","204":"A","205":"C","206":"F","207":",","208":"C","209":"A","210":"A","211":"C","212":";","213":"A","214":"A","215":"A","216":"A","217":";","218":"A","219":"A","220":"A","221":"A","222":"\"","223":",","224":"\"","225":"f","226":"i","227":"l","228":"e","229":"\"","230":":","231":"\"","232":"C","233":":","234":"\\","235":"\\","236":"U","237":"s","238":"e","239":"r","240":"s","241":"\\","242":"\\","243":"t","244":"a","245":"r","246":"u","247":"n","248":"\\","249":"\\","250":"g","251":"i","252":"t","253":"\\","254":"\\","255":"j","256":"o","257":"b","258":"-","259":"s","260":"e","261":"a","262":"r","263":"c","264":"h","265":"\\","266":"\\","267":"s","268":"r","269":"c","270":"\\","271":"\\","272":"c","273":"o","274":"m","275":"p","276":"o","277":"n","278":"e","279":"n","280":"t","281":"s","282":"\\","283":"\\","284":"S","285":"u","286":"b","287":"n","288":"a","289":"v","290":".","291":"v","292":"u","293":"e","294":"\"","295":",","296":"\"","297":"s","298":"o","299":"u","300":"r","301":"c","302":"e","303":"s","304":"C","305":"o","306":"n","307":"t","308":"e","309":"n","310":"t","311":"\"","312":":","313":"[","314":"\"","315":"<","316":"t","317":"e","318":"m","319":"p","320":"l","321":"a","322":"t","323":"e","324":">","325":"\\","326":"r","327":"\\","328":"n","329":" ","330":" ","331":"<","332":"d","333":"i","334":"v","335":" ","336":"c","337":"l","338":"a","339":"s","340":"s","341":"=","342":"\\","343":"\"","344":"w","345":"-","346":"f","347":"u","348":"l","349":"l","350":" ","351":"h","352":"-","353":"1","354":"2","355":" ","356":"b","357":"g","358":"-","359":"w","360":"h","361":"i","362":"t","363":"e","364":" ","365":"b","366":"o","367":"r","368":"d","369":"e","370":"r","371":"-","372":"b","373":" ","374":"b","375":"o","376":"r","377":"d","378":"e","379":"r","380":"-","381":"s","382":"o","383":"l","384":"i","385":"d","386":" ","387":"b","388":"o","389":"r","390":"d","391":"e","392":"r","393":"-","394":"b","395":"r","396":"a","397":"n","398":"d","399":"-","400":"g","401":"r","402":"a","403":"y","404":"-","405":"1","406":"\\","407":"\"","408":">","409":"\\","410":"r","411":"\\","412":"n","413":" ","414":" ","415":" ","416":" ","417":"<","418":"d","419":"i","420":"v","421":" ","422":"c","423":"l","424":"a","425":"s","426":"s","427":"=","428":"\\","429":"\"","430":"f","431":"l","432":"e","433":"x","434":" ","435":"i","436":"t","437":"e","438":"m","439":"s","440":"-","441":"c","442":"e","443":"n","444":"t","445":"e","446":"r","447":" ","448":"h","449":"-","450":"f","451":"u","452":"l","453":"l","454":" ","455":"p","456":"x","457":"-","458":"8","459":"\\","460":"\"","461":">","462":"\\","463":"r","464":"\\","465":"n","466":" ","467":" ","468":" ","469":" ","470":" ","471":" ","472":"<","473":"d","474":"i","475":"v","476":" ","477":"v","478":"-","479":"i","480":"f","481":"=","482":"\\","483":"\"","484":"o","485":"n","486":"J","487":"o","488":"b","489":"R","490":"e","491":"s","492":"u","493":"l","494":"t","495":"s","496":"P","497":"a","498":"g","499":"e","500":"\\","501":"\"","502":" ","503":"d","504":"a","505":"t","506":"a","507":"-","508":"t","509":"e","510":"s","511":"t","512":"=","513":"\\","514":"\"","515":"j","516":"o","517":"b","518":"-","519":"c","520":"o","521":"u","522":"n","523":"t","524":"\\","525":"\"","526":">","527":"\\","528":"r","529":"\\","530":"n","531":" ","532":" ","533":" ","534":" ","535":" ","536":" ","537":" ","538":" ","539":"<","540":"f","541":"o","542":"n","543":"t","544":"-","545":"a","546":"w","547":"e","548":"s","549":"o","550":"m","551":"e","552":"-","553":"i","554":"c","555":"o","556":"n","557":" ","558":":","559":"i","560":"c","561":"o","562":"n","563":"=","564":"\\","565":"\"","566":"[","567":"'","568":"f","569":"a","570":"s","571":"'","572":",","573":" ","574":"'","575":"s","576":"e","577":"a","578":"r","579":"c","580":"h","581":"'","582":"]","583":"\\","584":"\"","585":" ","586":"/","587":">","588":"\\","589":"r","590":"\\","591":"n","592":" ","593":" ","594":" ","595":" ","596":" ","597":" ","598":" ","599":" ","600":"<","601":"s","602":"p","603":"a","604":"n","605":">","606":"<","607":"s","608":"p","609":"a","610":"n","611":" ","612":"c","613":"l","614":"a","615":"s","616":"s","617":"=","618":"\\","619":"\"","620":"t","621":"e","622":"x","623":"t","624":"-","625":"b","626":"r","627":"a","628":"n","629":"d","630":"-","631":"g","632":"r","633":"e","634":"e","635":"n","636":"-","637":"1","638":"\\","639":"\"","640":">","641":" ","642":"1","643":"6","644":"5","645":"3","646":"<","647":"/","648":"s","649":"p","650":"a","651":"n","652":">","653":" ","654":"j","655":"o","656":"b","657":"s","658":" ","659":"m","660":"a","661":"t","662":"c","663":"h","664":"e","665":"d","666":"<","667":"/","668":"s","669":"p","670":"a","671":"n","672":">","673":"\\","674":"r","675":"\\","676":"n","677":" ","678":" ","679":" ","680":" ","681":" ","682":" ","683":"<","684":"/","685":"d","686":"i","687":"v","688":">","689":"\\","690":"r","691":"\\","692":"n","693":" ","694":" ","695":" ","696":" ","697":"<","698":"/","699":"d","700":"i","701":"v","702":">","703":"\\","704":"r","705":"\\","706":"n","707":" ","708":" ","709":"<","710":"/","711":"d","712":"i","713":"v","714":">","715":"\\","716":"r","717":"\\","718":"n","719":"<","720":"/","721":"t","722":"e","723":"m","724":"p","725":"l","726":"a","727":"t","728":"e","729":">","730":"\\","731":"r","732":"\\","733":"n","734":"\\","735":"r","736":"\\","737":"n","738":"<","739":"s","740":"c","741":"r","742":"i","743":"p","744":"t","745":">","746":"\\","747":"r","748":"\\","749":"n","750":"e","751":"x","752":"p","753":"o","754":"r","755":"t","756":" ","757":"d","758":"e","759":"f","760":"a","761":"u","762":"l","763":"t","764":" ","765":"{","766":"\\","767":"r","768":"\\","769":"n","770":" ","771":" ","772":"n","773":"a","774":"m","775":"e","776":":","777":" ","778":"\\","779":"\"","780":"S","781":"u","782":"b","783":"n","784":"a","785":"v","786":"\\","787":"\"","788":",","789":"\\","790":"r","791":"\\","792":"n","793":" ","794":" ","795":"d","796":"a","797":"t","798":"a","799":"(","800":")","801":" ","802":"{","803":"\\","804":"r","805":"\\","806":"n","807":" ","808":" ","809":" ","810":" ","811":"r","812":"e","813":"t","814":"u","815":"r","816":"n","817":" ","818":"{","819":"\\","820":"r","821":"\\","822":"n","823":" ","824":" ","825":" ","826":" ","827":" ","828":" ","829":"o","830":"n","831":"J","832":"o","833":"b","834":"R","835":"e","836":"s","837":"u","838":"l","839":"t","840":"s","841":"P","842":"a","843":"g","844":"e","845":":","846":" ","847":"t","848":"r","849":"u","850":"e","851":",","852":"\\","853":"r","854":"\\","855":"n","856":" ","857":" ","858":" ","859":" ","860":"}","861":";","862":"\\","863":"r","864":"\\","865":"n","866":" ","867":" ","868":"}","869":",","870":"\\","871":"r","872":"\\","873":"n","874":"}","875":";","876":"\\","877":"r","878":"\\","879":"n","880":"<","881":"/","882":"s","883":"c","884":"r","885":"i","886":"p","887":"t","888":">","889":"\\","890":"r","891":"\\","892":"n","893":"\"","894":"]","895":"}"},"_coverageSchema":"1a1c01bbd47fc00a2c39e90264f33305004495a9","hash":"d03437e5a14e2276ec7134e20168bc0ee8e60bcf"}
,"C:\\Users\\tarun\\git\\job-search\\src\\utils\\nextElementInList.js": {"path":"C:\\Users\\tarun\\git\\job-search\\src\\utils\\nextElementInList.js","statementMap":{"0":{"start":{"line":1,"column":26},"end":{"line":6,"column":1}},"1":{"start":{"line":2,"column":29},"end":{"line":2,"column":48}},"2":{"start":{"line":3,"column":24},"end":{"line":3,"column":62}},"3":{"start":{"line":4,"column":20},"end":{"line":4,"column":39}},"4":{"start":{"line":5,"column":2},"end":{"line":5,"column":19}}},"fnMap":{"0":{"name":"(anonymous_0)","decl":{"start":{"line":1,"column":26},"end":{"line":1,"column":27}},"loc":{"start":{"line":1,"column":43},"end":{"line":6,"column":1}},"line":1}},"branchMap":{},"s":{"0":2,"1":5,"2":5,"3":5,"4":5},"f":{"0":5},"b":{},"_coverageSchema":"1a1c01bbd47fc00a2c39e90264f33305004495a9","hash":"88f5a66fc2cf88f288a6ecff63ded7ee349c5df2"}
}
