TN:
SF:src\Playground.js
FN:2,(anonymous_0)
FNF:1
FNH:1
FNDA:2,(anonymous_0)
DA:2,1
DA:3,2
DA:4,1
DA:6,1
LF:4
LH:4
BRDA:3,0,0,1
BRDA:3,0,1,1
BRF:2
BRH:2
end_of_record
TN:
SF:src\components\jobSearch\Headline.vue
FN:74,render
FNF:1
FNH:1
FNDA:7,render
DA:4,1
DA:5,1
DA:8,1
DA:55,1
DA:57,1
DA:60,1
DA:61,1
DA:62,1
DA:65,1
DA:69,1
DA:70,1
DA:75,7
DA:78,1
LF:13
LH:13
BRF:0
BRH:0
end_of_record
TN:
SF:src\components\navigation\MainNav.vue
FN:100,render
FN:113,(anonymous_1)
FN:115,(anonymous_2)
FN:124,(anonymous_3)
FNF:4
FNH:4
FNDA:7,render
FNDA:5,(anonymous_1)
FNDA:42,(anonymous_2)
FNDA:42,(anonymous_3)
DA:4,1
DA:5,1
DA:8,1
DA:78,1
DA:80,1
DA:83,1
DA:84,1
DA:85,1
DA:88,1
DA:91,1
DA:94,1
DA:97,1
DA:101,7
DA:102,7
DA:103,7
DA:104,7
DA:105,7
DA:113,5
DA:116,42
DA:124,42
DA:141,1
LF:21
LH:21
BRDA:128,0,0,2
BRDA:128,0,1,5
BRDA:137,1,0,2
BRDA:137,1,1,5
BRF:4
BRH:4
end_of_record
TN:
SF:src\components\navigation\ProfileImage.vue
FN:10,(anonymous_0)
FN:26,render
FNF:2
FNH:2
FNDA:1,(anonymous_0)
FNDA:1,render
DA:4,2
DA:7,2
DA:8,2
DA:11,1
DA:18,2
DA:20,2
DA:23,2
DA:24,2
DA:25,2
DA:27,1
DA:33,2
LF:11
LH:11
BRF:0
BRH:0
end_of_record
TN:
SF:src\components\navigation\Subnav.vue
FN:11,(anonymous_0)
FN:39,render
FNF:2
FNH:2
FNDA:1,(anonymous_0)
FNDA:2,render
DA:4,2
DA:7,2
DA:8,2
DA:12,1
DA:18,2
DA:20,2
DA:23,2
DA:24,2
DA:25,2
DA:28,2
DA:31,2
DA:35,2
DA:40,2
DA:41,2
DA:44,2
LF:15
LH:15
BRDA:41,0,0,1
BRDA:41,0,1,1
BRF:2
BRH:2
end_of_record
TN:
SF:src\components\shared\ActionButton.vue
FN:21,(anonymous_0)
FN:27,(anonymous_1)
FN:45,render
FNF:3
FNH:3
FNDA:7,(anonymous_0)
FNDA:2,(anonymous_1)
FNDA:2,render
DA:4,2
DA:7,2
DA:8,2
DA:22,7
DA:28,2
DA:38,2
DA:40,2
DA:43,2
DA:44,2
DA:46,2
DA:49,2
LF:11
LH:11
BRF:0
BRH:0
end_of_record
TN:
SF:src\components\shared\TextInput.vue
FN:23,(anonymous_0)
FN:38,render
FN:44,(anonymous_2)
FNF:3
FNH:3
FNDA:3,(anonymous_0)
FNDA:1,render
FNDA:3,(anonymous_2)
DA:4,1
DA:7,1
DA:8,1
DA:24,3
DA:30,1
DA:32,1
DA:35,1
DA:36,1
DA:37,1
DA:39,1
DA:45,3
DA:48,1
LF:12
LH:12
BRDA:44,0,0,1
BRDA:44,0,1,1
BRDA:45,1,0,3
BRDA:45,1,1,3
BRF:4
BRH:4
end_of_record
TN:
SF:src\utils\nextElementInList.js
FN:1,(anonymous_0)
FNF:1
FNH:1
FNDA:5,(anonymous_0)
DA:1,2
DA:2,5
DA:3,5
DA:4,5
DA:5,5
LF:5
LH:5
BRF:0
BRH:0
end_of_record
